/home/mcv/datasets/KITTI-MOTS/training/image_02/0012/000000.png
Inference_faster_rcnn_X_101_32x8d_FPN_3x.yaml_0012_000000
Time inference:  0.15096151735633612
tensor([2, 1, 0, 9, 2, 1, 9, 2, 9, 2], device='cuda:0')
Boxes(tensor([[4.6162e+02, 1.8185e+02, 5.6935e+02, 2.1557e+02],
        [5.5567e+02, 2.0386e+02, 6.5804e+02, 2.7030e+02],
        [5.8034e+02, 1.7324e+02, 6.2979e+02, 2.5649e+02],
        [1.9423e+02, 7.2993e+01, 2.1732e+02, 1.2526e+02],
        [6.5600e+02, 1.8057e+02, 6.9053e+02, 2.0659e+02],
        [6.7415e-01, 2.1380e+02, 8.8104e+01, 2.8461e+02],
        [2.2181e+02, 8.7137e+01, 2.4677e+02, 1.2504e+02],
        [7.1471e+02, 1.8819e+02, 7.3301e+02, 1.9709e+02],
        [1.1093e+03, 1.3600e+02, 1.1191e+03, 1.5157e+02],
        [7.3261e+02, 1.8248e+02, 7.4574e+02, 1.9425e+02]], device='cuda:0'))
Inference_retinanet_R_50_FPN_1x.yaml_0012_000000
Time inference:  0.05936121754348278
tensor([1, 0, 1, 2, 9, 2, 9, 0], device='cuda:0')
Boxes(tensor([[5.5542e+02, 2.0556e+02, 6.5866e+02, 2.6903e+02],
        [5.8222e+02, 1.7064e+02, 6.2537e+02, 2.5960e+02],
        [4.8562e-01, 1.9935e+02, 8.8826e+01, 2.8189e+02],
        [4.5913e+02, 1.8137e+02, 5.6521e+02, 2.1577e+02],
        [1.9593e+02, 7.1545e+01, 2.1678e+02, 1.2402e+02],
        [6.5634e+02, 1.8075e+02, 6.9262e+02, 2.0535e+02],
        [2.2395e+02, 8.9672e+01, 2.4728e+02, 1.2520e+02],
        [5.7000e+02, 1.8870e+02, 6.4265e+02, 2.6471e+02]], device='cuda:0'))
/home/mcv/datasets/KITTI-MOTS/training/image_02/0012/000060.png
Inference_faster_rcnn_X_101_32x8d_FPN_3x.yaml_0012_000060
Time inference:  0.1258362764492631
tensor([2, 9, 2, 1, 2, 9, 0, 9, 2, 3], device='cuda:0')
Boxes(tensor([[6.5603e+02, 1.8099e+02, 6.8813e+02, 2.0678e+02],
        [1.9422e+02, 7.2788e+01, 2.1731e+02, 1.2529e+02],
        [7.4510e+02, 1.8351e+02, 7.6516e+02, 2.0000e+02],
        [7.6388e-01, 2.1364e+02, 8.8033e+01, 2.8465e+02],
        [7.6429e+02, 1.8368e+02, 7.8677e+02, 1.9750e+02],
        [2.2209e+02, 8.6977e+01, 2.4684e+02, 1.2535e+02],
        [4.7241e+02, 1.7826e+02, 4.8622e+02, 2.0890e+02],
        [1.1097e+03, 1.3621e+02, 1.1189e+03, 1.5155e+02],
        [6.8887e+02, 1.8519e+02, 7.1109e+02, 2.0317e+02],
        [8.7940e-01, 2.1264e+02, 8.9826e+01, 2.8438e+02]], device='cuda:0'))
Inference_retinanet_R_50_FPN_1x.yaml_0012_000060
Time inference:  0.05906556360423565
tensor([1, 9, 2, 9], device='cuda:0')
Boxes(tensor([[5.4315e-01, 1.9922e+02, 8.8768e+01, 2.8190e+02],
        [1.9591e+02, 7.1701e+01, 2.1667e+02, 1.2423e+02],
        [6.5612e+02, 1.8092e+02, 6.9016e+02, 2.0562e+02],
        [2.2395e+02, 8.9758e+01, 2.4712e+02, 1.2537e+02]], device='cuda:0'))
/home/mcv/datasets/KITTI-MOTS/training/image_02/0013/000000.png
Inference_faster_rcnn_X_101_32x8d_FPN_3x.yaml_0013_000000
Time inference:  0.11931020766496658
tensor([0, 2, 0, 0, 0, 7], device='cuda:0')
Boxes(tensor([[ 749.0367,  171.1010,  763.5511,  209.7774],
        [ 876.6184,  213.7475, 1237.2421,  372.5748],
        [ 764.6635,  172.8021,  779.1392,  211.0648],
        [ 710.4777,  176.0610,  724.5159,  207.1913],
        [ 521.2684,  172.1182,  531.6716,  197.9142],
        [ 630.7063,  163.4924,  658.0090,  182.4608]], device='cuda:0'))
Inference_retinanet_R_50_FPN_1x.yaml_0013_000000
Time inference:  0.05573598761111498
tensor([2, 0, 0], device='cuda:0')
Boxes(tensor([[ 879.4305,  220.2891, 1242.0000,  373.8428],
        [ 707.6761,  166.9829,  724.3975,  208.3576],
        [ 748.3132,  168.7240,  763.0280,  210.1446]], device='cuda:0'))
/home/mcv/datasets/KITTI-MOTS/training/image_02/0013/000060.png
Inference_faster_rcnn_X_101_32x8d_FPN_3x.yaml_0013_000060
Time inference:  0.11558813787996769
tensor([ 0,  1,  0,  1,  0,  0,  0,  0,  0,  7,  2, 26, 58,  0,  0,  0, 25, 58,
         0, 25, 58, 58], device='cuda:0')
Boxes(tensor([[ 242.9903,  167.0038,  281.0780,  269.6694],
        [1029.1393,  229.6734, 1178.6804,  372.8609],
        [ 728.4938,  166.9410,  747.6110,  223.4118],
        [ 783.4997,  202.6031,  810.7021,  240.1002],
        [ 389.5371,  170.1571,  407.5033,  223.2150],
        [ 765.9259,  183.0107,  782.9240,  218.8798],
        [ 190.8138,  184.7276,  228.9120,  250.6625],
        [ 781.2685,  173.0936,  813.2039,  232.1867],
        [ 752.6550,  180.9132,  767.4113,  215.8544],
        [ 578.0787,  159.4468,  632.4848,  198.3274],
        [ 533.0157,  174.1896,  570.4814,  190.2869],
        [ 268.6899,  220.0988,  280.5628,  251.0084],
        [ 896.1761,  140.9786,  971.9071,  288.8060],
        [ 853.5545,  169.4846,  875.0873,  230.8249],
        [ 438.0395,  173.3155,  449.5351,  207.2778],
        [ 366.5215,  187.1071,  384.8318,  217.9126],
        [ 225.8834,  132.5412,  336.4034,  153.3009],
        [ 875.5129,  209.7574,  909.9204,  266.9641],
        [ 124.6332,  186.3577,  150.7660,  219.7077],
        [  85.8377,  126.9330,  241.0189,  152.4743],
        [ 936.8163,  116.8713, 1101.4990,  315.8221],
        [ 903.9299,  200.1586,  951.9651,  287.2971]], device='cuda:0'))
Inference_retinanet_R_50_FPN_1x.yaml_0013_000060
Time inference:  0.05739889666438103
tensor([1, 0, 0, 0, 0, 0, 0, 0], device='cuda:0')
Boxes(tensor([[1031.3160,  232.5531, 1176.9017,  375.0000],
        [ 242.3216,  166.3445,  281.3863,  268.5091],
        [ 729.3209,  165.3990,  749.2208,  222.6733],
        [ 853.9445,  169.9400,  876.9035,  230.3526],
        [ 387.2123,  171.4320,  405.9822,  223.3279],
        [ 779.7475,  171.4443,  806.7435,  236.7271],
        [ 750.8070,  178.2541,  763.9574,  214.5469],
        [ 187.0944,  184.8965,  236.2145,  250.1543]], device='cuda:0'))
/home/mcv/datasets/KITTI-MOTS/training/image_02/0013/000120.png
Inference_faster_rcnn_X_101_32x8d_FPN_3x.yaml_0013_000120
Time inference:  0.11781858373433352
tensor([ 0,  7,  0, 58, 58, 58,  0, 58,  0,  9,  0, 58], device='cuda:0')
Boxes(tensor([[ 390.3634,  179.7476,  429.0764,  268.1441],
        [   0.0000,   75.0347,  347.6065,  355.4454],
        [ 198.8076,   78.2298,  230.4870,  110.1010],
        [ 821.8906,  233.0883,  971.3606,  322.7792],
        [ 774.4639,  208.2359,  873.1172,  272.7789],
        [ 856.6620,  132.0385,  915.6544,  194.1463],
        [ 663.1657,  158.4220,  672.7817,  187.2515],
        [1015.0289,  161.8690, 1240.1985,  373.3672],
        [ 687.1067,  171.6964,  709.1342,  225.7551],
        [ 568.3444,  143.1361,  574.7676,  159.0519],
        [ 679.0240,  164.2719,  686.9534,  187.4573],
        [ 797.3567,  139.8737,  844.2773,  192.8508]], device='cuda:0'))
Inference_retinanet_R_50_FPN_1x.yaml_0013_000120
Time inference:  0.055908456444740295
tensor([0, 7, 0, 0], device='cuda:0')
Boxes(tensor([[390.1456, 179.3525, 430.0534, 270.6568],
        [  1.2327,  75.4375, 349.9968, 359.0336],
        [199.4183,  77.4706, 231.0281, 109.1296],
        [688.1656, 176.4417, 710.2274, 229.5702]], device='cuda:0'))
/home/mcv/datasets/KITTI-MOTS/training/image_02/0013/000180.png
Inference_faster_rcnn_X_101_32x8d_FPN_3x.yaml_0013_000180
Time inference:  0.11501146014779806
tensor([1, 0, 0, 0, 0, 1, 0, 0, 0, 0, 0, 1, 0, 0], device='cuda:0')
Boxes(tensor([[1126.7678,  211.9284, 1232.4735,  271.4381],
        [ 870.9499,  190.1945,  910.8793,  244.5188],
        [ 846.7081,  186.9449,  880.5960,  238.9909],
        [ 599.7099,  165.5075,  613.9062,  207.2807],
        [ 541.5981,  166.8054,  549.3151,  187.9948],
        [ 763.3519,  208.2172,  804.4197,  252.5285],
        [ 773.1376,  185.6948,  802.9986,  239.3151],
        [ 587.8967,  166.3532,  597.9318,  204.7879],
        [ 555.4951,  165.1819,  562.4562,  183.0566],
        [ 503.0988,  164.4205,  511.0001,  195.9340],
        [ 770.3854,  178.9849,  791.2289,  220.3282],
        [1212.0431,  219.1002, 1240.9673,  270.1283],
        [ 585.3359,  170.1017,  594.0500,  204.5629],
        [ 515.0074,  165.5211,  522.7855,  189.9913]], device='cuda:0'))
Inference_retinanet_R_50_FPN_1x.yaml_0013_000180
Time inference:  0.054256193339824677
tensor([1, 0], device='cuda:0')
Boxes(tensor([[1129.5175,  210.7686, 1234.2494,  270.9700],
        [ 868.5876,  195.5185,  910.1196,  247.5218]], device='cuda:0'))
/home/mcv/datasets/KITTI-MOTS/training/image_02/0013/000240.png
Inference_faster_rcnn_X_101_32x8d_FPN_3x.yaml_0013_000240
Time inference:  0.11487726494669914
tensor([0, 0, 1, 0, 0, 0, 0, 0, 0, 0, 0, 0, 0], device='cuda:0')
Boxes(tensor([[ 524.9761,  172.6745,  547.2739,  235.4440],
        [ 745.8201,  168.4639,  761.9022,  215.8444],
        [ 335.7098,  227.4417,  402.4210,  305.8183],
        [ 725.2918,  165.7408,  743.1198,  216.9622],
        [ 558.7333,  177.6673,  573.6274,  225.8034],
        [1105.0959,  154.8721, 1143.5756,  271.9482],
        [ 507.7142,  174.2519,  524.2551,  231.7286],
        [1079.1755,  164.5187, 1111.6671,  264.9002],
        [ 623.0972,  175.2877,  630.0507,  202.3595],
        [ 543.4764,  175.0415,  554.4763,  225.2245],
        [ 489.8285,  178.0231,  509.4485,  234.6202],
        [ 582.7844,  178.4023,  589.7296,  199.0308],
        [ 551.5743,  177.4568,  560.8769,  222.5351]], device='cuda:0'))
Inference_retinanet_R_50_FPN_1x.yaml_0013_000240
Time inference:  0.05470682121813297
tensor([ 0,  0,  0,  1,  0,  0,  0,  0,  0, 56,  0], device='cuda:0')
Boxes(tensor([[ 524.8640,  171.9139,  546.7598,  237.1131],
        [ 556.9865,  175.5664,  574.9374,  225.4848],
        [ 746.1443,  168.7611,  762.1538,  217.1605],
        [ 335.9691,  221.3038,  397.4365,  305.7247],
        [ 506.3314,  174.0158,  525.6296,  233.1627],
        [ 725.6283,  165.2946,  743.3223,  216.9888],
        [1081.9733,  159.3384, 1124.5894,  267.8471],
        [ 488.3883,  183.6467,  509.1631,  235.8211],
        [1098.7885,  159.1531, 1145.8629,  269.5247],
        [ 934.2428,  192.8200,  984.4010,  254.9436],
        [ 543.8974,  174.6285,  557.3870,  226.2730]], device='cuda:0'))
/home/mcv/datasets/KITTI-MOTS/training/image_02/0013/000300.png
Inference_faster_rcnn_X_101_32x8d_FPN_3x.yaml_0013_000300
Time inference:  0.11816052533686161
tensor([0, 0, 0, 0, 0, 1, 1, 0, 1, 0, 0], device='cuda:0')
Boxes(tensor([[ 911.4612,  162.9993,  976.9247,  368.3840],
        [ 384.0779,  171.6884,  430.7826,  268.3039],
        [ 471.6011,  165.7377,  496.2625,  238.0977],
        [ 543.2227,  174.9679,  559.6546,  221.7868],
        [ 780.2498,  170.5712,  807.8923,  225.8330],
        [ 971.0674,  207.6841, 1037.1702,  283.6990],
        [ 384.8066,  209.0261,  425.1132,  279.5699],
        [ 529.2259,  174.5655,  541.5242,  219.0117],
        [ 473.2686,  196.1423,  490.9819,  248.1316],
        [ 615.1532,  169.0519,  626.5824,  204.2621],
        [ 626.6550,  171.9276,  636.4385,  198.0482]], device='cuda:0'))
Inference_retinanet_R_50_FPN_1x.yaml_0013_000300
Time inference:  0.056288628838956356
tensor([0, 0, 0, 0, 1, 0, 0, 1, 1], device='cuda:0')
Boxes(tensor([[ 910.4742,  162.4330,  978.9305,  372.9136],
        [ 471.6225,  165.7233,  497.0897,  244.4297],
        [ 543.9279,  175.6349,  559.4875,  221.1849],
        [ 385.8953,  171.8963,  430.0375,  265.6614],
        [ 975.2324,  217.3546, 1035.9478,  282.2553],
        [ 782.9008,  171.3916,  809.6072,  224.8971],
        [ 529.4252,  179.9980,  543.2742,  219.8726],
        [ 394.1714,  209.3366,  425.5618,  276.5579],
        [ 472.5479,  197.2171,  494.4182,  247.1356]], device='cuda:0'))
/home/mcv/datasets/KITTI-MOTS/training/image_02/0014/000000.png
Inference_faster_rcnn_X_101_32x8d_FPN_3x.yaml_0014_000000
Time inference:  0.11995410453528166
tensor([0, 0, 2, 2, 2, 9, 9, 2, 2, 9, 9], device='cuda:0')
Boxes(tensor([[ 957.3076,  155.9156,  980.8903,  217.5466],
        [ 934.5994,  158.7941,  951.7637,  218.7460],
        [ 479.3153,  165.8679,  521.9020,  193.2766],
        [1051.7313,  158.9743, 1169.5358,  208.8616],
        [ 514.8339,  166.4643,  544.2679,  183.5033],
        [ 787.5974,   37.2243,  823.7539,  116.8533],
        [ 944.5693,  113.5133,  957.0593,  144.3208],
        [ 507.7223,  166.8220,  527.7628,  188.4486],
        [ 135.1194,  184.8940,  181.3000,  194.1539],
        [ 953.4672,  116.0559,  965.1627,  144.8409],
        [ 944.4453,  124.3175,  953.6408,  143.6630]], device='cuda:0'))
Inference_retinanet_R_50_FPN_1x.yaml_0014_000000
Time inference:  0.05409391410648823
tensor([0, 9, 2, 2], device='cuda:0')
Boxes(tensor([[ 956.7827,  157.2929,  980.0946,  218.2440],
        [ 786.7336,   36.7848,  824.1484,  114.6583],
        [1056.7643,  156.5042, 1173.8502,  209.1108],
        [ 480.5732,  166.8148,  524.4385,  192.3639]], device='cuda:0'))
/home/mcv/datasets/KITTI-MOTS/training/image_02/0014/000060.png
Inference_faster_rcnn_X_101_32x8d_FPN_3x.yaml_0014_000060
Time inference:  0.13033091463148594
tensor([2, 2, 2, 2, 2, 9, 2, 0, 2], device='cuda:0')
Boxes(tensor([[1.1688e+03, 1.9350e+02, 1.2226e+03, 2.9387e+02],
        [8.9890e+02, 1.7816e+02, 9.4020e+02, 2.0545e+02],
        [1.1479e+03, 1.8599e+02, 1.2029e+03, 2.3253e+02],
        [1.0279e+03, 1.8163e+02, 1.0530e+03, 1.9452e+02],
        [4.7128e+02, 1.6796e+02, 6.2109e+02, 2.4138e+02],
        [4.6748e+02, 6.4348e+01, 4.9355e+02, 1.2358e+02],
        [1.1013e+03, 1.8282e+02, 1.1357e+03, 1.9303e+02],
        [3.1666e-01, 1.6344e+02, 2.9342e+01, 2.6386e+02],
        [1.1568e+03, 1.8854e+02, 1.2204e+03, 2.4932e+02]], device='cuda:0'))
Inference_retinanet_R_50_FPN_1x.yaml_0014_000060
Time inference:  0.057510338723659515
tensor([2, 2, 2, 2, 9, 0], device='cuda:0')
Boxes(tensor([[8.9842e+02, 1.7815e+02, 9.4066e+02, 2.0376e+02],
        [4.6858e+02, 1.6542e+02, 6.2137e+02, 2.4247e+02],
        [1.1697e+03, 1.9419e+02, 1.2229e+03, 2.9411e+02],
        [1.1456e+03, 1.8528e+02, 1.1995e+03, 2.3477e+02],
        [4.6343e+02, 5.7483e+01, 4.9474e+02, 1.2546e+02],
        [3.3902e-01, 1.6488e+02, 2.9627e+01, 2.6166e+02]], device='cuda:0'))
/home/mcv/datasets/KITTI-MOTS/training/image_02/0015/000000.png
Inference_faster_rcnn_X_101_32x8d_FPN_3x.yaml_0015_000000
Time inference:  0.1205304590985179
tensor([0, 2, 0, 0, 0, 9], device='cuda:0')
Boxes(tensor([[639.0616, 168.1570, 645.3196, 183.3775],
        [566.0585, 170.1362, 583.9991, 186.4335],
        [596.1304, 169.3625, 602.8935, 184.1922],
        [512.7013, 173.1028, 518.4921, 187.4786],
        [528.2896, 175.7776, 533.9563, 184.9154],
        [650.5413, 150.8946, 655.3046, 158.3042]], device='cuda:0'))
Inference_retinanet_R_50_FPN_1x.yaml_0015_000000
Time inference:  0.052062468603253365
tensor([], device='cuda:0', dtype=torch.int64)
Boxes(tensor([], device='cuda:0', size=(0, 4)))
/home/mcv/datasets/KITTI-MOTS/training/image_02/0015/000060.png
Inference_faster_rcnn_X_101_32x8d_FPN_3x.yaml_0015_000060
Time inference:  0.11807975638657808
tensor([2, 0, 1, 1, 2, 0, 0, 1, 2, 9, 0, 9, 0, 0, 0, 9, 9, 3, 9, 1, 0],
       device='cuda:0')
Boxes(tensor([[3.2424e+02, 1.8148e+02, 4.8005e+02, 2.8095e+02],
        [5.6901e+02, 1.6098e+02, 6.0702e+02, 2.2846e+02],
        [8.0711e+02, 1.7271e+02, 8.4766e+02, 1.9885e+02],
        [1.0298e+03, 1.6490e+02, 1.0933e+03, 2.0627e+02],
        [4.7146e+02, 1.6968e+02, 4.9785e+02, 1.9165e+02],
        [2.2907e+02, 1.7751e+02, 2.4926e+02, 2.3928e+02],
        [1.9230e+02, 1.7259e+02, 2.3182e+02, 2.4749e+02],
        [1.1243e+03, 1.6362e+02, 1.2196e+03, 2.1517e+02],
        [1.0782e+03, 1.5687e+02, 1.1505e+03, 1.8732e+02],
        [8.0712e+02, 9.9685e+01, 8.2167e+02, 1.3232e+02],
        [1.1453e+03, 1.3125e+02, 1.1813e+03, 2.1292e+02],
        [3.5426e+02, 1.1592e+02, 3.6757e+02, 1.4651e+02],
        [1.7993e+02, 1.8212e+02, 2.0214e+02, 2.4545e+02],
        [8.7366e+02, 1.5317e+02, 8.9084e+02, 1.9832e+02],
        [2.9937e+02, 1.7138e+02, 3.3590e+02, 2.2431e+02],
        [5.5499e+02, 3.6566e-02, 5.6580e+02, 2.2613e+01],
        [8.2304e+02, 1.0696e+02, 8.3587e+02, 1.3019e+02],
        [2.8705e+02, 2.0284e+02, 3.2878e+02, 2.4130e+02],
        [3.6629e+02, 1.1473e+02, 3.8255e+02, 1.4995e+02],
        [2.8714e+02, 2.0520e+02, 3.2716e+02, 2.4155e+02],
        [4.0849e+02, 1.6004e+02, 4.3158e+02, 1.8264e+02]], device='cuda:0'))
Inference_retinanet_R_50_FPN_1x.yaml_0015_000060
Time inference:  0.05492480378597975
tensor([2, 0, 0, 0, 2, 1, 0, 9, 3, 0, 9], device='cuda:0')
Boxes(tensor([[ 324.8980,  181.2843,  479.0779,  277.4053],
        [ 569.3411,  160.8323,  610.8158,  230.2543],
        [ 182.4417,  173.0018,  228.9894,  247.6801],
        [ 227.9329,  176.9266,  248.6982,  239.1279],
        [ 470.3558,  169.5358,  498.3080,  192.3815],
        [1132.0310,  154.4200, 1221.0278,  218.1538],
        [ 874.5368,  149.7915,  892.1483,  198.8963],
        [ 806.1638,   96.4855,  822.2272,  131.2639],
        [ 287.1055,  194.7808,  337.8898,  242.1280],
        [ 300.0744,  168.0972,  341.0346,  220.5996],
        [  21.6782,  125.2266,   43.1891,  161.5052]], device='cuda:0'))
/home/mcv/datasets/KITTI-MOTS/training/image_02/0015/000120.png
Inference_faster_rcnn_X_101_32x8d_FPN_3x.yaml_0015_000120
Time inference:  0.11520519852638245
tensor([ 0,  2,  0,  0,  2,  2,  9,  9,  0, 24,  2,  0,  9, 26,  9,  9],
       device='cuda:0')
Boxes(tensor([[ 924.7271,  148.0736, 1015.7260,  313.3790],
        [   1.5001,  229.9990,  286.3971,  364.1918],
        [ 887.7024,  155.7086,  959.6047,  304.5773],
        [ 373.6078,  169.4388,  414.2639,  273.9669],
        [ 448.3324,  173.5830,  481.9893,  199.4080],
        [ 668.8613,  168.6896,  724.1204,  196.4328],
        [ 136.8567,   70.8149,  163.4609,  134.8185],
        [ 989.4909,   43.3977, 1014.5214,  105.2824],
        [ 325.9438,  175.4253,  382.8371,  282.3461],
        [ 941.1968,  172.3793,  977.8811,  230.5687],
        [ 628.2590,  167.7845,  646.8340,  179.3860],
        [ 882.8651,  156.9811,  897.8509,  196.3173],
        [1025.7126,   59.4831, 1047.0225,  103.1491],
        [ 334.7128,  241.2873,  364.7910,  275.9451],
        [ 192.0079,   88.0665,  215.3184,  135.7430],
        [ 117.3352,   96.7780,  134.4889,  135.4798]], device='cuda:0'))
Inference_retinanet_R_50_FPN_1x.yaml_0015_000120
Time inference:  0.0560950031504035
tensor([ 2,  0,  2,  0,  0,  2,  9,  0,  9,  0, 24], device='cuda:0')
Boxes(tensor([[   1.0787,  231.1200,  289.7136,  368.4413],
        [ 932.6769,  147.2821, 1011.3803,  309.3977],
        [ 669.6320,  169.2929,  724.7751,  197.1551],
        [ 888.9363,  155.8096,  960.9716,  299.4937],
        [ 374.4713,  176.7054,  413.9205,  270.8257],
        [ 448.1938,  174.4911,  481.2849,  200.2566],
        [ 988.1101,   45.1242, 1014.4845,  105.8367],
        [ 324.8632,  173.5374,  380.8165,  281.2889],
        [ 138.6175,   73.9403,  164.4060,  135.5872],
        [ 340.2742,  175.7794,  372.9367,  262.9748],
        [ 941.9537,  171.4333,  973.3551,  234.7133]], device='cuda:0'))
/home/mcv/datasets/KITTI-MOTS/training/image_02/0015/000180.png
Inference_faster_rcnn_X_101_32x8d_FPN_3x.yaml_0015_000180
Time inference:  0.11651415843516588
tensor([ 2,  2,  9,  9,  0, 24,  0,  2,  9,  9,  9,  2,  9], device='cuda:0')
Boxes(tensor([[   3.6350,  228.8112,  289.8728,  366.6942],
        [ 438.9147,  174.1183,  475.8553,  203.7234],
        [ 989.4494,   43.4274, 1014.4889,  105.4179],
        [ 136.6111,   71.1067,  163.2635,  134.9260],
        [ 863.0020,  165.2158,  918.0013,  271.4379],
        [ 856.6989,  184.9444,  875.9426,  219.1566],
        [ 856.9904,  168.6458,  889.8320,  270.0760],
        [ 630.7154,  168.1033,  644.9790,  180.6655],
        [1025.7528,   59.4699, 1046.8456,  103.4232],
        [ 192.3563,   82.5760,  215.9274,  136.9843],
        [ 873.7295,  134.3791,  881.2596,  148.6423],
        [ 653.7822,  167.6604,  669.8633,  176.0667],
        [ 118.1794,   94.4142,  137.9297,  135.6987]], device='cuda:0'))
Inference_retinanet_R_50_FPN_1x.yaml_0015_000180
Time inference:  0.05683005973696709
tensor([2, 0, 2, 9, 9], device='cuda:0')
Boxes(tensor([[   1.4149,  230.7348,  290.0828,  368.4751],
        [ 853.8001,  164.3146,  914.1964,  269.4074],
        [ 439.1794,  174.2491,  477.8332,  203.8828],
        [ 988.1935,   45.3047, 1014.9322,  105.7379],
        [ 138.5695,   72.9571,  164.4585,  135.2755]], device='cuda:0'))
/home/mcv/datasets/KITTI-MOTS/training/image_02/0015/000240.png
Inference_faster_rcnn_X_101_32x8d_FPN_3x.yaml_0015_000240
Time inference:  0.11905734054744244
tensor([2, 2, 9, 9, 2, 9, 0, 9, 2, 9], device='cuda:0')
Boxes(tensor([[   1.5969,  229.6837,  290.8425,  364.0403],
        [ 948.9686,  161.2743, 1098.0790,  213.2050],
        [ 138.1472,   73.1861,  163.5293,  132.9163],
        [ 989.2689,   43.6259, 1014.7972,  104.7867],
        [ 662.2033,  167.1092,  670.6132,  175.1372],
        [1025.8834,   59.0328, 1046.4988,  103.0959],
        [ 882.8275,  155.4529,  895.4214,  195.7646],
        [ 117.2338,   97.1326,  133.5908,  134.4053],
        [ 560.5220,  168.8556,  576.3594,  179.2914],
        [ 192.0328,   84.8411,  215.6514,  136.5137]], device='cuda:0'))
Inference_retinanet_R_50_FPN_1x.yaml_0015_000240
Time inference:  0.056026434525847435
tensor([2, 9, 2, 9], device='cuda:0')
Boxes(tensor([[6.1730e-01, 2.3095e+02, 2.8943e+02, 3.6846e+02],
        [9.8777e+02, 4.5223e+01, 1.0150e+03, 1.0564e+02],
        [9.4942e+02, 1.6317e+02, 1.0988e+03, 2.1294e+02],
        [1.3859e+02, 7.3333e+01, 1.6454e+02, 1.3552e+02]], device='cuda:0'))
/home/mcv/datasets/KITTI-MOTS/training/image_02/0015/000300.png
Inference_faster_rcnn_X_101_32x8d_FPN_3x.yaml_0015_000300
Time inference:  0.11608331743627787
tensor([2, 2, 9, 9, 2, 9, 9, 0, 9], device='cuda:0')
Boxes(tensor([[   1.4718,  229.8366,  290.5145,  364.1607],
        [ 427.1768,  174.1987,  466.7740,  206.7392],
        [ 136.6563,   70.7373,  163.8046,  134.9842],
        [ 989.0786,   43.6297, 1014.6393,  104.9275],
        [ 397.6711,  172.2122,  432.8907,  193.8844],
        [ 116.5001,   97.7038,  132.3589,  136.2258],
        [ 191.8463,   85.9776,  215.2657,  136.4490],
        [ 883.8868,  156.0019,  896.6713,  195.4455],
        [1025.8203,   57.0977, 1046.2430,  102.7239]], device='cuda:0'))
Inference_retinanet_R_50_FPN_1x.yaml_0015_000300
Time inference:  0.05486306268721819
tensor([2, 2, 9, 9, 2], device='cuda:0')
Boxes(tensor([[   1.4099,  230.5250,  289.3274,  368.3063],
        [ 427.5615,  175.3823,  467.1353,  206.9359],
        [ 988.1489,   45.2609, 1015.0120,  106.0690],
        [ 139.1147,   73.3744,  164.7262,  135.7845],
        [ 400.2713,  172.0970,  432.7553,  193.4961]], device='cuda:0'))
/home/mcv/datasets/KITTI-MOTS/training/image_02/0015/000360.png
Inference_faster_rcnn_X_101_32x8d_FPN_3x.yaml_0015_000360
Time inference:  0.11540256161242723
tensor([2, 2, 9, 9, 9, 9, 9], device='cuda:0')
Boxes(tensor([[   1.4623,  229.9343,  290.4734,  364.3155],
        [ 807.7512,  167.2577,  927.6364,  210.3218],
        [ 136.8349,   70.2473,  163.5387,  134.7084],
        [ 989.5439,   43.1133, 1014.4713,  104.8182],
        [ 116.7838,   97.4049,  133.2100,  135.1006],
        [1025.7294,   58.1519, 1046.2394,  102.7341],
        [ 192.1793,   86.4270,  215.2452,  136.8089]], device='cuda:0'))
Inference_retinanet_R_50_FPN_1x.yaml_0015_000360
Time inference:  0.05545862205326557
tensor([2, 2, 9, 9], device='cuda:0')
Boxes(tensor([[   1.8004,  230.9457,  289.8341,  368.4513],
        [ 806.1860,  165.6622,  928.6599,  209.4178],
        [ 987.6584,   44.6590, 1015.1650,  106.3498],
        [ 139.2484,   72.6361,  164.6178,  135.4143]], device='cuda:0'))
/home/mcv/datasets/KITTI-MOTS/training/image_02/0016/000000.png
Inference_faster_rcnn_X_101_32x8d_FPN_3x.yaml_0016_000000
Time inference:  0.11545824445784092
tensor([ 0,  0,  1,  0,  2,  0,  2,  0,  3,  0,  2,  0,  2,  0, 26,  3,  0],
       device='cuda:0')
Boxes(tensor([[ 792.6121,  169.1445,  827.8601,  273.1625],
        [ 353.7947,  170.8384,  410.2993,  284.7144],
        [ 345.8549,  223.4376,  404.7205,  311.4849],
        [ 745.3463,  157.7093,  784.1649,  278.2309],
        [ 963.8316,  185.6455, 1066.8184,  225.0954],
        [ 446.7333,  163.5182,  478.6138,  256.3986],
        [1055.8156,  186.4458, 1152.6691,  224.0624],
        [ 213.4695,  156.8089,  239.7799,  218.5683],
        [  80.0302,  173.9244,  124.8375,  203.2435],
        [ 279.1460,  160.0310,  305.9295,  228.8008],
        [ 601.2872,  174.1032,  634.3434,  201.7716],
        [ 316.9221,  161.9163,  338.7388,  228.7425],
        [1134.4883,  187.9943, 1208.2847,  222.3567],
        [ 245.6263,  163.2441,  268.1976,  218.8658],
        [ 442.7212,  203.8441,  459.1062,  226.0207],
        [  24.8559,  176.6275,   59.6668,  211.7090],
        [ 303.4693,  159.7972,  318.8553,  218.3836]], device='cuda:0'))
Inference_retinanet_R_50_FPN_1x.yaml_0016_000000
Time inference:  0.054023146629333496
tensor([1, 0, 2, 0, 0, 0, 0, 0, 2, 2, 0, 3, 0], device='cuda:0')
Boxes(tensor([[ 347.8445,  222.5885,  403.7051,  308.7051],
        [ 795.8525,  167.3405,  828.6768,  274.3491],
        [1057.2202,  186.1469, 1150.4019,  226.4518],
        [ 746.3218,  155.7935,  785.0845,  277.9713],
        [ 214.5043,  157.6494,  237.6212,  217.9901],
        [ 445.4034,  166.0235,  478.1706,  253.3650],
        [ 353.8069,  171.2191,  405.9081,  281.0407],
        [ 280.5488,  160.7311,  306.8554,  228.5352],
        [ 968.2372,  187.1847, 1067.3910,  223.7948],
        [1137.0439,  185.2173, 1215.8131,  225.8582],
        [ 245.6276,  165.4990,  268.0321,  218.8960],
        [  78.5299,  173.4143,  124.4103,  202.7220],
        [ 317.2478,  160.7470,  340.3959,  227.9988]], device='cuda:0'))
/home/mcv/datasets/KITTI-MOTS/training/image_02/0016/000060.png
Inference_faster_rcnn_X_101_32x8d_FPN_3x.yaml_0016_000060
Time inference:  0.11881331913173199
tensor([ 0,  0,  0,  0,  2,  3,  0,  0, 26,  2,  0,  2,  2,  0,  2,  0,  0,  0,
         3,  0,  1], device='cuda:0')
Boxes(tensor([[ 980.3075,  147.5937, 1055.6658,  329.8052],
        [ 507.4747,  166.4357,  550.9883,  259.1502],
        [ 460.5920,  164.4116,  507.7021,  266.0554],
        [ 322.2018,  164.9147,  356.4839,  261.2345],
        [1053.0315,  187.3013, 1153.8726,  224.2392],
        [  80.0388,  174.4794,  124.5618,  203.2846],
        [ 403.5018,  167.5328,  432.4769,  254.7041],
        [ 362.9467,  163.0219,  397.7940,  257.4912],
        [ 971.2712,  230.1809, 1023.0676,  272.4601],
        [1037.8141,  188.8144, 1064.3313,  219.2806],
        [ 277.5181,  157.4114,  293.2564,  196.2944],
        [ 600.9081,  174.0315,  634.3840,  200.6691],
        [1135.3202,  187.8102, 1205.4261,  223.4668],
        [ 302.9847,  162.2723,  326.5436,  239.4745],
        [ 964.6589,  187.6964, 1073.1660,  222.6325],
        [ 192.0191,  155.2492,  206.0915,  190.6330],
        [ 349.9996,  164.2193,  366.2212,  230.0967],
        [ 379.6085,  166.4979,  400.0275,  256.1627],
        [  24.8934,  176.6397,   59.5789,  211.8034],
        [ 560.8127,  167.1629,  569.0248,  188.7218],
        [ 244.6443,  172.4659,  277.1943,  194.1486]], device='cuda:0'))
Inference_retinanet_R_50_FPN_1x.yaml_0016_000060
Time inference:  0.05623280629515648
tensor([ 0,  0,  0,  2,  0, 26,  1,  0,  2,  3,  0,  0,  0,  0],
       device='cuda:0')
Boxes(tensor([[ 509.0962,  169.8861,  548.2385,  258.4680],
        [ 983.6899,  152.5171, 1053.0603,  330.0645],
        [ 458.3219,  163.5142,  510.8524,  265.0288],
        [1056.0466,  186.6719, 1150.2660,  226.7039],
        [ 322.8392,  164.2989,  355.1079,  260.7852],
        [ 971.4908,  223.0930, 1023.5501,  274.7952],
        [ 234.4057,  170.8468,  279.8874,  196.0194],
        [ 299.3289,  156.3902,  329.2307,  239.9013],
        [1135.7706,  186.3128, 1216.1776,  226.4650],
        [  78.5759,  173.6481,  124.2388,  202.7432],
        [ 365.9135,  165.5394,  396.0171,  256.1898],
        [ 406.0045,  170.0941,  430.8893,  252.5255],
        [ 276.1461,  155.0430,  292.2668,  198.0802],
        [ 191.5950,  156.5550,  207.1993,  197.1747]], device='cuda:0'))
/home/mcv/datasets/KITTI-MOTS/training/image_02/0016/000120.png
Inference_faster_rcnn_X_101_32x8d_FPN_3x.yaml_0016_000120
Time inference:  0.1192969772964716
tensor([0, 0, 0, 0, 0, 0, 0, 0, 0, 0, 0, 2, 3, 0, 2, 1, 0, 0, 3, 1],
       device='cuda:0')
Boxes(tensor([[1002.1714,  151.8951, 1157.8322,  347.4275],
        [ 770.4324,  157.2074,  873.0630,  342.0286],
        [ 592.3697,  164.3224,  651.5673,  296.2207],
        [ 255.7069,  155.3263,  275.0786,  206.7537],
        [ 534.0057,  161.3392,  585.7137,  274.6341],
        [ 191.3466,  154.9292,  213.4230,  225.7617],
        [ 575.3948,  161.8184,  609.3990,  267.9801],
        [ 222.0392,  156.7366,  240.8907,  206.0501],
        [ 863.1045,  162.1611,  902.7538,  302.6685],
        [ 633.9782,  152.5016,  692.4710,  284.8817],
        [ 831.6400,  157.5519,  886.0899,  312.6823],
        [1101.9530,  188.2027, 1213.3831,  224.9864],
        [  80.0258,  173.3361,  124.7128,  203.2317],
        [ 510.7757,  164.6006,  532.6266,  217.2774],
        [ 962.0651,  186.5981, 1045.8975,  223.4290],
        [ 274.2023,  174.8419,  301.0609,  195.9025],
        [ 476.1916,  170.9558,  492.9308,  219.3427],
        [ 866.9355,  146.6702,  888.3718,  185.8629],
        [  24.7974,  178.9863,   60.2425,  210.5082],
        [ 889.0375,  228.6318,  910.9869,  278.8387]], device='cuda:0'))
Inference_retinanet_R_50_FPN_1x.yaml_0016_000120
Time inference:  0.055415078997612
tensor([0, 0, 0, 0, 0, 0, 0, 0, 0, 3, 0, 0, 0, 2, 0, 0], device='cuda:0')
Boxes(tensor([[1007.4892,  152.0895, 1158.4539,  346.6006],
        [ 765.1810,  152.1356,  872.1743,  342.4738],
        [ 534.4166,  166.1689,  582.0872,  271.3795],
        [ 593.1969,  162.4326,  649.7374,  296.8330],
        [ 862.3755,  157.8308,  903.3088,  306.1071],
        [ 256.3836,  152.6188,  275.5629,  205.7643],
        [ 838.2767,  157.2182,  886.9258,  308.9585],
        [ 633.7490,  153.3620,  684.9684,  286.1555],
        [ 573.7151,  166.6857,  608.7695,  270.7139],
        [  78.6033,  173.1248,  124.6583,  202.7214],
        [ 222.1006,  156.9247,  240.5190,  205.4892],
        [ 510.7746,  162.9443,  532.5825,  219.3691],
        [ 187.7278,  154.7454,  211.4497,  226.0643],
        [1128.1019,  185.6835, 1218.2026,  227.4671],
        [ 581.2936,  165.3627,  626.3063,  286.6510],
        [ 475.6540,  170.9002,  493.0327,  221.7221]], device='cuda:0'))
/home/mcv/datasets/KITTI-MOTS/training/image_02/0016/000180.png
Inference_faster_rcnn_X_101_32x8d_FPN_3x.yaml_0016_000180
Time inference:  0.11898194346576929
tensor([ 1,  0,  0,  0,  1,  0,  0,  0,  2,  2,  1,  2,  1,  0,  0,  1, 24,  0],
       device='cuda:0')
Boxes(tensor([[9.8724e+02, 2.1674e+02, 1.1571e+03, 3.1693e+02],
        [3.3289e-01, 1.6498e+02, 9.4170e+01, 3.4032e+02],
        [1.0240e+03, 1.6035e+02, 1.1121e+03, 2.9034e+02],
        [1.1422e+03, 1.4655e+02, 1.2240e+03, 3.5772e+02],
        [3.6220e-01, 2.4673e+02, 1.1432e+02, 3.6418e+02],
        [1.4321e+02, 1.5239e+02, 1.6731e+02, 2.2088e+02],
        [1.0775e+02, 1.4983e+02, 1.3890e+02, 2.2092e+02],
        [9.4207e+02, 1.7589e+02, 9.8269e+02, 2.4210e+02],
        [1.0805e+03, 1.8721e+02, 1.1563e+03, 2.2647e+02],
        [6.0125e+02, 1.7399e+02, 6.3371e+02, 2.0003e+02],
        [9.3020e+02, 2.0156e+02, 9.9386e+02, 2.4238e+02],
        [1.1323e+03, 1.8761e+02, 1.1704e+03, 2.2247e+02],
        [2.5824e+02, 1.7222e+02, 3.0097e+02, 1.9499e+02],
        [4.2558e+02, 1.6370e+02, 4.3777e+02, 1.9373e+02],
        [1.8435e+02, 1.5421e+02, 1.9900e+02, 1.9306e+02],
        [2.3334e+02, 1.7221e+02, 2.7492e+02, 1.9456e+02],
        [1.0191e+03, 1.7873e+02, 1.0580e+03, 2.2039e+02],
        [2.0506e+02, 1.6545e+02, 2.1557e+02, 1.7922e+02]], device='cuda:0'))
Inference_retinanet_R_50_FPN_1x.yaml_0016_000180
Time inference:  0.055147165432572365
tensor([1, 1, 0, 0, 0, 0, 0, 1, 2], device='cuda:0')
Boxes(tensor([[2.2666e-01, 2.3968e+02, 1.1200e+02, 3.6529e+02],
        [9.8176e+02, 2.1636e+02, 1.1557e+03, 3.1534e+02],
        [3.6536e+00, 1.6678e+02, 9.5237e+01, 3.3692e+02],
        [1.1373e+03, 1.4395e+02, 1.2240e+03, 3.6141e+02],
        [1.0223e+03, 1.5996e+02, 1.1085e+03, 2.8619e+02],
        [1.0767e+02, 1.4928e+02, 1.3779e+02, 2.2001e+02],
        [1.4241e+02, 1.5188e+02, 1.6902e+02, 2.2161e+02],
        [2.3909e+02, 1.7018e+02, 2.9556e+02, 1.9617e+02],
        [1.1081e+03, 1.8795e+02, 1.1708e+03, 2.2301e+02]], device='cuda:0'))
/home/mcv/datasets/KITTI-MOTS/training/image_02/0017/000000.png
Inference_faster_rcnn_X_101_32x8d_FPN_3x.yaml_0017_000000
Time inference:  0.1162063218653202
tensor([ 0,  0,  1,  0,  1,  1,  0,  0,  7,  1,  0, 25,  5], device='cuda:0')
Boxes(tensor([[388.2784, 154.0506, 496.2229, 357.5692],
        [470.2747, 143.9560, 551.9676, 332.7760],
        [253.1000, 222.6689, 319.8615, 298.5959],
        [544.6177, 146.3880, 563.3449, 192.3026],
        [616.0308, 161.6687, 670.6908, 196.0525],
        [301.2594, 190.6211, 408.6121, 289.2385],
        [564.4023, 145.1601, 581.1751, 193.9663],
        [527.0128, 140.9677, 541.2547, 193.3068],
        [  0.0000,  94.4182, 257.1251, 370.0000],
        [456.5516, 211.5831, 480.8268, 264.1399],
        [483.1938, 144.0617, 501.9193, 202.5805],
        [337.8381,  98.7823, 356.5165, 159.8274],
        [  0.0000,  99.0034, 262.5018, 370.0000]], device='cuda:0'))
Inference_retinanet_R_50_FPN_1x.yaml_0017_000000
Time inference:  0.05946179945021868
tensor([0, 0, 1, 1, 0, 0], device='cuda:0')
Boxes(tensor([[382.3324, 152.1620, 494.2335, 357.2270],
        [470.6933, 146.0752, 545.2427, 336.0838],
        [311.7364, 203.2981, 402.6909, 290.9976],
        [253.9777, 218.8565, 318.0183, 301.5151],
        [565.8879, 145.1848, 581.3196, 192.8499],
        [544.2999, 146.2214, 560.9808, 191.1658]], device='cuda:0'))
/home/mcv/datasets/KITTI-MOTS/training/image_02/0017/000060.png
Inference_faster_rcnn_X_101_32x8d_FPN_3x.yaml_0017_000060
Time inference:  0.11786678433418274
tensor([0, 0, 0, 0, 0, 0, 1, 0, 1, 7, 0, 1, 0, 1, 0], device='cuda:0')
Boxes(tensor([[9.3130e+02, 1.1443e+02, 1.0498e+03, 3.6597e+02],
        [1.0498e+03, 1.4030e+02, 1.1577e+03, 3.6986e+02],
        [6.0919e+02, 1.4453e+02, 6.4080e+02, 2.4587e+02],
        [5.4089e+02, 1.3415e+02, 5.6616e+02, 2.2078e+02],
        [5.7209e+02, 1.4654e+02, 5.9521e+02, 2.1869e+02],
        [2.5000e+02, 1.5273e+02, 3.0469e+02, 3.2162e+02],
        [2.9936e+02, 1.9594e+02, 4.0368e+02, 2.9266e+02],
        [6.3424e+02, 1.4965e+02, 6.5428e+02, 2.0725e+02],
        [3.8468e+02, 2.0174e+02, 4.6220e+02, 2.7675e+02],
        [5.4233e-01, 9.4031e+01, 2.5869e+02, 3.7000e+02],
        [5.2360e+02, 1.4372e+02, 5.3545e+02, 1.7755e+02],
        [4.2015e+02, 1.9570e+02, 4.7938e+02, 2.6173e+02],
        [4.5199e+02, 1.4467e+02, 4.6614e+02, 1.9081e+02],
        [2.8985e+02, 2.3874e+02, 3.1703e+02, 2.9579e+02],
        [6.2968e+02, 1.4969e+02, 6.4646e+02, 2.1706e+02]], device='cuda:0'))
Inference_retinanet_R_50_FPN_1x.yaml_0017_000060
Time inference:  0.055937839671969414
tensor([0, 0, 0, 0, 0, 0, 1, 1, 0], device='cuda:0')
Boxes(tensor([[1051.2714,  141.0314, 1160.4613,  366.0841],
        [ 934.0972,  112.0206, 1045.6399,  365.2180],
        [ 610.8804,  144.7702,  641.3727,  234.7727],
        [ 540.2755,  134.5903,  566.6531,  219.9885],
        [ 568.9935,  146.5556,  594.7120,  218.6764],
        [ 239.9698,  150.5079,  308.0969,  322.1172],
        [ 306.7225,  199.3406,  403.0896,  293.2910],
        [ 399.0153,  190.1523,  479.2043,  266.4262],
        [ 634.7543,  148.8941,  657.1544,  212.6349]], device='cuda:0'))
/home/mcv/datasets/KITTI-MOTS/training/image_02/0017/000120.png
Inference_faster_rcnn_X_101_32x8d_FPN_3x.yaml_0017_000120
Time inference:  0.11925738770514727
tensor([ 0,  0,  0,  1, 26,  0,  1,  1,  0,  1,  1,  0,  7,  1,  0,  5],
       device='cuda:0')
Boxes(tensor([[675.3728, 130.3419, 733.9111, 326.8970],
        [736.6520, 161.4541, 804.1988, 331.3882],
        [875.5999, 154.2164, 920.8374, 288.4588],
        [252.8965, 222.3296, 319.8440, 298.8650],
        [867.2292, 232.3900, 894.6050, 273.0882],
        [513.5601, 144.4865, 528.2390, 184.7180],
        [301.7340, 192.3659, 404.1779, 290.8909],
        [383.8271, 205.0283, 462.3253, 276.9872],
        [555.3215, 141.9688, 569.6547, 183.5548],
        [420.0346, 189.2049, 479.9816, 262.5321],
        [567.5710, 158.1344, 623.3890, 191.3039],
        [399.1130, 146.5262, 415.8470, 183.9911],
        [  0.0000,  92.9532, 260.4932, 370.0000],
        [612.0792, 160.9854, 666.6123, 193.4549],
        [416.8129, 149.7960, 433.5193, 189.3593],
        [  0.0000,  99.0477, 262.8853, 370.0000]], device='cuda:0'))
Inference_retinanet_R_50_FPN_1x.yaml_0017_000120
Time inference:  0.05578904878348112
tensor([0, 0, 0, 1, 1, 0, 1], device='cuda:0')
Boxes(tensor([[872.5948, 156.5462, 922.6469, 289.6971],
        [675.6262, 131.9230, 733.7847, 329.1636],
        [734.8764, 163.7355, 797.0338, 330.5298],
        [300.9318, 191.7326, 403.7627, 292.6748],
        [398.9581, 189.3420, 480.3647, 266.1558],
        [513.9523, 144.1987, 528.9442, 184.3473],
        [254.8275, 221.1565, 318.0412, 301.5625]], device='cuda:0'))
/home/mcv/datasets/KITTI-MOTS/training/image_02/0018/000000.png
Inference_faster_rcnn_X_101_32x8d_FPN_3x.yaml_0018_000000
Time inference:  0.1333662010729313
tensor([2, 2, 2], device='cuda:0')
Boxes(tensor([[626.5519, 168.9715, 645.5332, 182.6413],
        [638.6350, 170.4700, 655.4182, 182.6186],
        [654.5170, 172.8981, 671.9714, 185.4933]], device='cuda:0'))
Inference_retinanet_R_50_FPN_1x.yaml_0018_000000
Time inference:  0.05582949612289667
tensor([], device='cuda:0', dtype=torch.int64)
Boxes(tensor([], device='cuda:0', size=(0, 4)))
/home/mcv/datasets/KITTI-MOTS/training/image_02/0018/000060.png
Inference_faster_rcnn_X_101_32x8d_FPN_3x.yaml_0018_000060
Time inference:  0.12560873944312334
tensor([2, 2, 2, 2, 2, 2], device='cuda:0')
Boxes(tensor([[561.2731, 171.6430, 590.2584, 195.2810],
        [613.6810, 169.0910, 640.3644, 190.6173],
        [583.9724, 169.2677, 600.4436, 188.8314],
        [596.7109, 168.4414, 614.3463, 184.6590],
        [635.2082, 165.1298, 649.6951, 177.3269],
        [658.4232, 165.2059, 673.5078, 172.5781]], device='cuda:0'))
Inference_retinanet_R_50_FPN_1x.yaml_0018_000060
Time inference:  0.05682347249239683
tensor([2, 2], device='cuda:0')
Boxes(tensor([[614.5613, 169.7254, 637.8157, 189.3323],
        [561.0974, 170.9161, 593.1113, 195.3235]], device='cuda:0'))
/home/mcv/datasets/KITTI-MOTS/training/image_02/0018/000120.png
Inference_faster_rcnn_X_101_32x8d_FPN_3x.yaml_0018_000120
Time inference:  0.11917692422866821
tensor([2, 2, 2, 2, 0, 2, 2], device='cuda:0')
Boxes(tensor([[282.0291, 184.7808, 500.2825, 324.7157],
        [596.8950, 169.9080, 643.9654, 212.8203],
        [553.7395, 167.5348, 591.1883, 202.1998],
        [470.2364, 176.4227, 549.0899, 234.9051],
        [678.9839, 180.4442, 693.2559, 215.3027],
        [585.0284, 168.0636, 604.0691, 185.4190],
        [634.2027, 166.4229, 648.2321, 178.4156]], device='cuda:0'))
Inference_retinanet_R_50_FPN_1x.yaml_0018_000120
Time inference:  0.055992407724261284
tensor([2, 2, 2, 2], device='cuda:0')
Boxes(tensor([[281.4912, 187.5619, 495.8856, 324.9576],
        [465.4256, 177.4316, 547.9557, 233.8590],
        [596.5373, 170.5768, 643.1242, 211.6006],
        [552.9832, 167.7308, 590.7921, 202.0447]], device='cuda:0'))
/home/mcv/datasets/KITTI-MOTS/training/image_02/0018/000180.png
Inference_faster_rcnn_X_101_32x8d_FPN_3x.yaml_0018_000180
Time inference:  0.11569481901824474
tensor([2, 2, 2, 2, 2, 2, 2, 0, 2, 2, 2, 2], device='cuda:0')
Boxes(tensor([[  1.7184, 216.4173, 388.9420, 369.8639],
        [397.1435, 185.7212, 519.9955, 269.9628],
        [589.5344, 178.4032, 651.8561, 229.4451],
        [527.1680, 174.3309, 579.0066, 219.4302],
        [319.9630, 181.0650, 419.8973, 242.1963],
        [497.8317, 171.6895, 529.6428, 200.5810],
        [  0.0000, 162.6256, 156.6871, 222.5153],
        [166.6947, 240.9433, 217.6581, 286.8911],
        [566.5373, 174.1093, 587.0408, 204.3647],
        [581.0096, 176.3015, 598.1920, 204.0125],
        [  2.5662, 209.7904, 272.9782, 259.5038],
        [592.3302, 171.5729, 608.7566, 183.4764]], device='cuda:0'))
Inference_retinanet_R_50_FPN_1x.yaml_0018_000180
Time inference:  0.05704146437346935
tensor([2, 2, 2, 2, 2, 2, 2], device='cuda:0')
Boxes(tensor([[3.9884e+02, 1.8742e+02, 5.2026e+02, 2.7049e+02],
        [0.0000e+00, 2.0349e+02, 3.9487e+02, 3.7400e+02],
        [3.1840e+02, 1.8373e+02, 4.1871e+02, 2.4225e+02],
        [5.8985e+02, 1.7854e+02, 6.4935e+02, 2.3048e+02],
        [5.2792e+02, 1.7412e+02, 5.7875e+02, 2.1852e+02],
        [4.9651e+02, 1.7212e+02, 5.3062e+02, 2.0168e+02],
        [6.3077e-02, 1.6566e+02, 1.4716e+02, 2.3610e+02]], device='cuda:0'))
/home/mcv/datasets/KITTI-MOTS/training/image_02/0018/000240.png
Inference_faster_rcnn_X_101_32x8d_FPN_3x.yaml_0018_000240
Time inference:  0.11725497152656317
tensor([2, 2, 2, 2, 2, 2, 7, 2], device='cuda:0')
Boxes(tensor([[396.6483, 190.9717, 506.1332, 265.7405],
        [  0.0000, 224.3559, 364.3246, 372.2958],
        [175.6098, 190.2982, 329.1362, 276.0146],
        [543.4916, 178.2228, 574.7551, 209.9712],
        [610.1993, 181.0440, 626.2866, 204.2791],
        [570.1021, 179.2331, 619.9927, 223.6523],
        [657.5098, 151.9121, 687.0582, 193.6183],
        [622.9169, 184.2572, 639.9887, 203.7806]], device='cuda:0'))
Inference_retinanet_R_50_FPN_1x.yaml_0018_000240
Time inference:  0.055929974652826786
tensor([2, 2, 2, 2, 2], device='cuda:0')
Boxes(tensor([[395.2431, 190.2528, 506.7915, 266.8581],
        [  4.7240, 220.8617, 361.0836, 374.0000],
        [177.4367, 188.9848, 330.4765, 274.1495],
        [542.5066, 178.3878, 574.1713, 210.2217],
        [569.2585, 180.6868, 619.5977, 223.4501]], device='cuda:0'))
/home/mcv/datasets/KITTI-MOTS/training/image_02/0018/000300.png
Inference_faster_rcnn_X_101_32x8d_FPN_3x.yaml_0018_000300
Time inference:  0.1159855555742979
tensor([2, 2, 2, 2, 2, 2, 9], device='cuda:0')
Boxes(tensor([[173.5451, 196.6866, 434.0325, 348.6857],
        [503.4120, 174.6387, 584.8705, 248.9809],
        [417.9484, 178.3522, 479.4807, 215.8594],
        [151.1746, 190.6283, 293.1230, 274.8980],
        [598.1026, 174.5540, 641.6292, 214.6618],
        [577.7879, 173.0779, 611.4035, 206.8185],
        [702.1679, 142.3107, 714.1500, 158.4102]], device='cuda:0'))
Inference_retinanet_R_50_FPN_1x.yaml_0018_000300
Time inference:  0.06021542847156525
tensor([2, 2, 2, 2, 2, 2], device='cuda:0')
Boxes(tensor([[174.2872, 196.4445, 434.1186, 350.1487],
        [418.5656, 178.3776, 480.1037, 215.7647],
        [503.6430, 174.8496, 586.6073, 247.0008],
        [597.2462, 183.0884, 640.6202, 213.6231],
        [147.9128, 188.1190, 298.6418, 276.4114],
        [579.0499, 172.8165, 610.8232, 206.5799]], device='cuda:0'))
/home/mcv/datasets/KITTI-MOTS/training/image_02/0019/000000.png
Inference_faster_rcnn_X_101_32x8d_FPN_3x.yaml_0019_000000
Time inference:  0.11987986415624619
tensor([ 2,  0,  2,  0,  0,  7,  0,  0,  1,  1,  0, 58,  0,  0,  0, 26,  2,  0,
         2,  0], device='cuda:0')
Boxes(tensor([[9.6677e-01, 2.2373e+02, 2.7854e+02, 3.7067e+02],
        [7.7381e+02, 1.7558e+02, 8.2885e+02, 2.9623e+02],
        [9.1278e+02, 1.6867e+02, 1.1235e+03, 2.4505e+02],
        [4.1859e+02, 1.6972e+02, 4.4071e+02, 2.3007e+02],
        [0.0000e+00, 1.8999e+02, 5.0152e+01, 2.3435e+02],
        [5.4041e+02, 1.4649e+02, 5.8486e+02, 2.0347e+02],
        [4.6307e+02, 1.7141e+02, 4.8134e+02, 2.2521e+02],
        [4.3949e+02, 1.6836e+02, 4.4946e+02, 1.9877e+02],
        [4.6606e+02, 1.9263e+02, 4.7949e+02, 2.2741e+02],
        [4.1970e+02, 1.9464e+02, 4.3807e+02, 2.3595e+02],
        [6.5110e+02, 1.6969e+02, 6.7245e+02, 2.2883e+02],
        [5.9909e+02, 1.8127e+02, 6.5781e+02, 2.7757e+02],
        [5.1830e+02, 1.6636e+02, 5.2760e+02, 1.9252e+02],
        [3.7495e+02, 1.7404e+02, 3.8570e+02, 2.1497e+02],
        [4.9477e+02, 1.6685e+02, 5.0495e+02, 1.9321e+02],
        [7.6670e+02, 2.3606e+02, 7.8867e+02, 2.6458e+02],
        [5.0538e+02, 1.7077e+02, 5.2093e+02, 1.8958e+02],
        [5.9149e+02, 1.6480e+02, 6.0177e+02, 1.8349e+02],
        [9.0721e+02, 1.7034e+02, 9.4358e+02, 2.0762e+02],
        [8.7093e+02, 1.6890e+02, 8.9613e+02, 2.5942e+02]], device='cuda:0'))
Inference_retinanet_R_50_FPN_1x.yaml_0019_000000
Time inference:  0.056607458740472794
tensor([2, 0, 2, 0, 0], device='cuda:0')
Boxes(tensor([[0.0000e+00, 2.2395e+02, 2.7460e+02, 3.7400e+02],
        [7.7294e+02, 1.7436e+02, 8.2468e+02, 2.9600e+02],
        [9.1459e+02, 1.6922e+02, 1.1171e+03, 2.3893e+02],
        [7.7818e-03, 1.8993e+02, 5.4482e+01, 2.3540e+02],
        [4.1775e+02, 1.7241e+02, 4.4166e+02, 2.3608e+02]], device='cuda:0'))
/home/mcv/datasets/KITTI-MOTS/training/image_02/0019/000060.png
Inference_faster_rcnn_X_101_32x8d_FPN_3x.yaml_0019_000060
Time inference:  0.11915619391947985
tensor([ 0,  2, 58,  2, 26,  0, 58,  5,  0,  0,  0,  0,  0], device='cuda:0')
Boxes(tensor([[1072.2731,  147.5291, 1147.4301,  355.4415],
        [ 521.5640,  174.3141,  599.7020,  236.4044],
        [ 737.0032,  174.0818,  851.2328,  301.6303],
        [ 999.4551,  160.0477, 1098.4127,  220.6750],
        [1073.8823,  188.8667, 1118.3560,  271.1193],
        [ 779.8008,  160.5669,  807.3212,  186.9008],
        [ 857.5107,  189.1209, 1078.9843,  365.1045],
        [ 636.5637,  129.7107,  712.5076,  215.9490],
        [ 525.2681,  163.6439,  540.6804,  193.5783],
        [ 540.3890,  163.4565,  551.9042,  179.2984],
        [ 610.5551,  164.7014,  619.4829,  192.6953],
        [ 613.7053,  164.7454,  622.1907,  191.3576],
        [ 625.0422,  165.3725,  635.7662,  192.2149]], device='cuda:0'))
Inference_retinanet_R_50_FPN_1x.yaml_0019_000060
Time inference:  0.056036277674138546
tensor([ 2, 58,  0,  2, 26,  5,  0], device='cuda:0')
Boxes(tensor([[ 522.1522,  174.8435,  598.6224,  235.7851],
        [ 736.9421,  172.1967,  850.0555,  300.6853],
        [1070.8165,  150.4935, 1148.1702,  356.8059],
        [1003.9713,  159.2859, 1098.7299,  221.8031],
        [1073.9357,  183.0961, 1122.7811,  272.0172],
        [ 640.3144,  136.7911,  712.0102,  216.7841],
        [ 523.7475,  163.5276,  543.3622,  197.7431]], device='cuda:0'))
/home/mcv/datasets/KITTI-MOTS/training/image_02/0019/000120.png
Inference_faster_rcnn_X_101_32x8d_FPN_3x.yaml_0019_000120
Time inference:  0.11757747270166874
tensor([ 0,  0,  0,  0,  0, 26,  0,  5,  1, 26,  1,  0,  0,  0,  1,  0,  7, 26,
         0,  0, 26], device='cuda:0')
Boxes(tensor([[1111.7831,  155.1903, 1208.0494,  356.8294],
        [ 287.9251,  167.6056,  333.1936,  250.6553],
        [ 385.3896,  165.0093,  411.2710,  246.6463],
        [ 628.5711,  167.8762,  644.7363,  213.2830],
        [ 650.5429,  170.8726,  672.0917,  225.2331],
        [  31.2062,  289.1237,  123.1468,  373.5919],
        [ 513.7285,  172.4211,  533.4730,  232.8204],
        [ 732.8463,   72.3196, 1001.3792,  301.6490],
        [ 470.5962,  192.0892,  556.2532,  225.1766],
        [  68.6703,  142.5109,  140.1993,  241.2133],
        [1189.8380,  222.6263, 1237.5107,  316.2457],
        [ 669.2583,  167.7743,  680.5223,  201.2633],
        [ 569.9997,  171.3671,  585.5997,  218.5897],
        [ 640.9983,  164.8286,  653.7151,  198.4321],
        [ 471.2815,  193.4970,  519.5701,  220.9960],
        [ 701.3351,  169.0392,  715.3899,  208.6233],
        [ 732.4078,   67.1085, 1002.0333,  303.4113],
        [   7.4592,  143.0626,   34.5099,  237.9442],
        [ 620.3951,  167.2987,  630.8283,  203.5866],
        [ 603.6368,  168.0239,  616.7355,  204.0623],
        [1181.0648,  279.3369, 1213.9124,  336.0089]], device='cuda:0'))
Inference_retinanet_R_50_FPN_1x.yaml_0019_000120
Time inference:  0.05593574605882168
tensor([0, 0, 0, 0, 5, 0, 7, 0, 1], device='cuda:0')
Boxes(tensor([[ 286.8488,  166.1960,  333.4987,  253.3198],
        [1112.7117,  153.3372, 1198.0804,  359.2117],
        [ 384.9142,  161.5573,  412.1285,  248.5007],
        [ 650.8558,  171.9128,  673.2215,  224.5149],
        [ 739.2403,   67.0934, 1002.6347,  307.2313],
        [ 513.3516,  171.7220,  531.9759,  231.6680],
        [ 739.2403,   67.0934, 1002.6347,  307.2313],
        [ 626.8978,  167.9621,  643.8425,  213.2736],
        [ 472.1795,  191.7621,  512.6664,  220.6150]], device='cuda:0'))
/home/mcv/datasets/KITTI-MOTS/training/image_02/0019/000180.png
Inference_faster_rcnn_X_101_32x8d_FPN_3x.yaml_0019_000180
Time inference:  0.11644407641142607
tensor([ 0,  0,  0,  0,  1,  0,  1, 56,  1,  0,  1,  0,  1, 56, 56,  0,  0,  0,
        56,  0,  1,  0, 26,  1,  0,  0,  0,  0, 58, 56,  0,  1,  1,  0, 26],
       device='cuda:0')
Boxes(tensor([[ 839.4185,  140.6507,  897.5531,  249.9558],
        [ 601.1007,  168.5333,  643.0507,  290.1767],
        [ 366.0716,  160.5996,  420.3144,  309.2841],
        [ 951.2484,  142.9365, 1025.7412,  324.0556],
        [ 769.9681,  248.2314,  902.0938,  369.1802],
        [  22.2657,  170.0323,   93.2046,  310.7458],
        [ 872.2401,  249.2810,  953.4116,  372.8150],
        [ 292.8890,  233.6919,  342.6875,  295.9776],
        [ 458.5978,  213.9148,  497.3751,  293.9872],
        [ 451.2301,  171.7712,  501.4520,  272.8155],
        [   0.0000,  259.1131,   75.6929,  372.5895],
        [ 551.2286,  170.4418,  568.0502,  228.3710],
        [ 665.3386,  193.4341,  704.2549,  248.3675],
        [ 246.1980,  233.7593,  307.5985,  295.6778],
        [ 336.5800,  234.2217,  375.0237,  295.2053],
        [ 586.8006,  170.1817,  602.1933,  225.7020],
        [ 576.2864,  169.5899,  591.3853,  222.9601],
        [ 316.6739,  198.4059,  353.8670,  239.7891],
        [  87.9583,  216.9905,  130.6389,  251.0607],
        [ 515.2741,  169.6945,  540.2660,  222.5674],
        [ 824.2548,  245.5941,  924.9981,  369.0773],
        [ 644.4695,  165.0895,  661.1281,  207.1450],
        [ 625.6407,  236.1024,  644.3998,  271.3683],
        [ 648.7001,  204.2240,  674.5649,  252.6195],
        [ 268.7253,  203.0413,  306.7508,  245.9281],
        [ 655.8558,  163.6617,  674.5612,  202.4020],
        [ 597.6712,  169.7595,  612.8004,  223.5506],
        [ 779.9618,  158.9190,  802.1273,  212.0050],
        [ 122.2631,  147.0608,  231.8213,  296.9166],
        [ 269.5380,  233.1478,  326.0367,  296.4997],
        [ 252.0963,  203.6594,  277.9998,  234.6277],
        [ 424.3027,  220.8501,  445.4052,  282.4089],
        [ 634.5827,  205.3561,  657.7906,  251.9444],
        [ 491.2671,  168.9530,  507.3007,  215.5735],
        [ 597.4174,  237.7573,  615.7547,  269.5072]], device='cuda:0'))
Inference_retinanet_R_50_FPN_1x.yaml_0019_000180
Time inference:  0.05529504083096981
tensor([ 0,  0,  0,  1,  0, 56, 56,  1,  0,  1,  0,  1,  0,  0,  1,  0,  1, 56],
       device='cuda:0')
Boxes(tensor([[ 952.2661,  143.0408, 1023.2651,  326.2814],
        [ 364.6218,  159.1833,  418.7965,  310.9658],
        [ 836.7682,  141.8658,  898.5996,  304.0599],
        [ 771.9659,  244.2517,  947.9208,  365.6027],
        [ 452.3001,  173.0445,  502.6232,  271.0189],
        [ 334.3619,  232.9680,  374.3654,  297.8170],
        [ 292.8499,  231.6915,  336.9878,  298.4154],
        [ 458.9380,  217.2313,  497.3234,  292.2505],
        [ 599.5427,  170.5443,  644.5359,  288.5087],
        [ 654.3507,  199.9311,  697.0626,  253.5426],
        [ 516.8516,  167.6156,  539.5663,  222.9877],
        [ 856.3092,  243.4751,  952.3989,  369.6937],
        [ 574.1096,  170.0740,  589.7147,  220.5334],
        [ 586.5555,  172.4096,  601.5681,  225.0782],
        [ 647.9830,  202.5546,  675.7377,  253.9981],
        [ 417.4325,  191.0029,  445.4396,  260.3262],
        [ 769.5440,  247.8859,  860.3563,  359.8673],
        [ 245.3696,  231.5327,  300.3764,  294.7779]], device='cuda:0'))
/home/mcv/datasets/KITTI-MOTS/training/image_02/0019/000240.png
Inference_faster_rcnn_X_101_32x8d_FPN_3x.yaml_0019_000240
Time inference:  0.11976651940494776
tensor([ 1,  0, 56,  0,  0,  0,  1,  0,  0,  0,  0,  3, 56,  2,  0,  0,  1,  0,
         0,  0, 56,  0,  1,  0,  0, 24,  1, 58, 13, 56], device='cuda:0')
Boxes(tensor([[ 980.7491,  237.1136, 1233.5414,  373.2850],
        [   0.0000,  154.6535,  101.2650,  374.0000],
        [ 203.7666,  298.3982,  281.6249,  373.5683],
        [ 627.6961,  170.7578,  657.3035,  259.3730],
        [ 670.9177,  173.3404,  698.0327,  257.9238],
        [ 693.2087,  176.5855,  713.2159,  244.2903],
        [ 827.1639,  234.9945, 1018.6904,  373.2757],
        [ 706.4046,  168.1845,  732.2616,  238.6053],
        [ 439.1234,  175.0131,  461.8401,  238.6667],
        [ 654.1845,  175.3527,  674.8207,  248.1130],
        [ 606.9432,  167.8227,  627.3196,  229.7094],
        [ 750.8205,  196.3231,  823.8911,  302.1222],
        [ 278.2168,  274.9623,  351.9886,  362.2300],
        [ 538.2949,  179.2281,  573.4793,  207.1116],
        [ 181.7643,  243.1281,  264.9828,  363.9997],
        [ 420.5456,  177.9138,  438.8995,  237.4471],
        [ 367.3710,  204.6583,  404.8368,  242.3510],
        [ 196.8493,  180.1497,  237.8090,  236.2754],
        [ 234.2527,  209.7738,  272.5164,  261.0450],
        [ 743.7402,  164.5770,  763.2540,  225.6199],
        [ 117.6958,  322.0266,  206.2863,  373.9729],
        [ 729.6501,  168.9843,  744.8364,  223.8548],
        [ 261.4977,  208.0251,  314.5380,  250.4977],
        [ 158.4485,  228.9251,  196.7457,  293.6495],
        [ 206.9420,  225.4648,  236.8594,  260.4937],
        [  90.3392,  258.3906,  140.9285,  371.9922],
        [1106.0227,  283.6984, 1234.5746,  372.2217],
        [ 465.8456,  184.1449,  490.6281,  234.2509],
        [ 991.9963,  201.6487, 1039.8740,  259.2712],
        [ 290.7502,  257.0552,  341.4980,  282.8908]], device='cuda:0'))
Inference_retinanet_R_50_FPN_1x.yaml_0019_000240
Time inference:  0.05709959752857685
tensor([ 2,  0,  1,  0,  0,  0,  3, 56,  1,  0,  0,  0,  0, 56,  0,  1,  0,  0],
       device='cuda:0')
Boxes(tensor([[5.3742e+02, 1.7937e+02, 5.7343e+02, 2.0747e+02],
        [4.3936e+02, 1.7487e+02, 4.6084e+02, 2.3712e+02],
        [8.3329e+02, 2.4291e+02, 1.0185e+03, 3.7032e+02],
        [5.1212e-01, 1.5140e+02, 1.0149e+02, 3.7384e+02],
        [6.2652e+02, 1.7076e+02, 6.5616e+02, 2.6392e+02],
        [6.0808e+02, 1.6777e+02, 6.2665e+02, 2.3135e+02],
        [7.5471e+02, 2.0639e+02, 8.2110e+02, 3.0357e+02],
        [2.8440e+02, 2.7208e+02, 3.5053e+02, 3.5985e+02],
        [9.8155e+02, 2.6715e+02, 1.2308e+03, 3.7400e+02],
        [6.7116e+02, 1.7380e+02, 6.9857e+02, 2.6049e+02],
        [1.9690e+02, 1.7911e+02, 2.3877e+02, 2.3133e+02],
        [4.1957e+02, 1.7709e+02, 4.3858e+02, 2.3536e+02],
        [7.0748e+02, 1.6837e+02, 7.3302e+02, 2.3689e+02],
        [2.0103e+02, 2.9802e+02, 2.8113e+02, 3.7284e+02],
        [6.9308e+02, 1.7666e+02, 7.1393e+02, 2.4507e+02],
        [3.6929e+02, 2.0401e+02, 4.0525e+02, 2.4127e+02],
        [2.3284e+02, 2.0998e+02, 2.7847e+02, 2.6587e+02],
        [1.6266e+02, 2.4223e+02, 2.6203e+02, 3.4197e+02]], device='cuda:0'))
/home/mcv/datasets/KITTI-MOTS/training/image_02/0019/000300.png
Inference_faster_rcnn_X_101_32x8d_FPN_3x.yaml_0019_000300
Time inference:  0.11775800865143538
tensor([ 0,  0,  0, 26,  0,  0, 58, 26, 58, 58,  0,  1, 26,  0,  0,  0, 58, 26,
         2,  1,  0,  2, 26,  3], device='cuda:0')
Boxes(tensor([[ 540.1267,  163.3462,  576.8554,  257.4807],
        [ 714.7907,  178.3669,  771.8970,  312.8755],
        [ 946.0612,  164.8918, 1043.6803,  373.2353],
        [ 940.4902,  203.7779,  988.2718,  322.1152],
        [ 761.0288,  177.1798,  816.5673,  343.8875],
        [ 811.6895,  178.5752,  860.2863,  317.4448],
        [ 366.9724,  184.1051,  452.0526,  295.5962],
        [ 897.0661,  223.4620,  937.2164,  310.8193],
        [ 106.8370,  165.0589,  315.3886,  369.4474],
        [ 451.3696,  178.9338,  498.7321,  256.5338],
        [ 664.1213,  172.0185,  678.8310,  221.9876],
        [ 349.4680,  214.7954,  390.7611,  295.3593],
        [ 789.5715,  198.9139,  816.3567,  275.4820],
        [ 678.8610,  171.0967,  697.1436,  221.0238],
        [ 872.9277,  178.7464,  936.5276,  371.2454],
        [ 698.6687,  172.2301,  716.2610,  224.4989],
        [ 468.1677,   37.0011,  548.1118,  237.9242],
        [ 750.1571,  207.0243,  766.5949,  243.9870],
        [ 569.8572,  178.0961,  593.3206,  207.3534],
        [ 566.0630,  205.9195,  611.5340,  259.1938],
        [ 858.3118,  167.3826,  893.0743,  285.8221],
        [ 531.9900,  190.8737,  550.3140,  227.0074],
        [ 844.9894,  236.0567,  873.6310,  275.8724],
        [ 565.7369,  202.8794,  612.7795,  259.1430]], device='cuda:0'))
Inference_retinanet_R_50_FPN_1x.yaml_0019_000300
Time inference:  0.054986665956676006
tensor([ 0,  0,  0,  0, 58, 26,  0,  0,  0, 26,  1, 58,  0,  0,  0],
       device='cuda:0')
Boxes(tensor([[ 942.9235,  162.5190, 1042.5333,  372.1049],
        [ 542.6514,  163.1395,  576.1982,  257.3297],
        [ 716.6796,  180.4707,  769.9403,  311.9145],
        [ 763.3533,  176.0320,  820.4537,  347.7412],
        [ 354.0508,  185.0908,  457.0397,  295.9178],
        [ 937.9783,  201.3353,  989.0164,  321.6057],
        [ 812.9888,  178.3298,  859.3052,  316.4428],
        [ 876.7001,  171.9820,  934.1768,  370.3865],
        [ 680.5087,  172.6401,  696.4791,  218.7657],
        [ 779.0012,  194.1006,  821.3045,  269.5259],
        [ 556.6234,  210.5233,  608.5250,  258.5377],
        [ 454.5608,  182.8650,  500.7086,  255.0986],
        [ 857.3410,  166.9609,  890.7857,  284.3362],
        [ 698.8015,  171.7922,  719.0825,  224.8612],
        [ 663.6363,  172.5708,  679.6840,  219.4568]], device='cuda:0'))
/home/mcv/datasets/KITTI-MOTS/training/image_02/0019/000360.png
Inference_faster_rcnn_X_101_32x8d_FPN_3x.yaml_0019_000360
Time inference:  0.11451319139450788
tensor([ 0,  0,  0, 58,  0,  0, 26,  0, 26, 26,  0,  0, 26,  2,  0,  0,  0, 26],
       device='cuda:0')
Boxes(tensor([[298.0923, 180.9973, 352.4739, 300.2783],
        [399.5888, 170.6253, 451.8833, 322.9027],
        [268.5582, 163.0965, 306.6862, 261.2039],
        [175.5578, 182.6583, 277.0881, 335.1562],
        [561.8176, 158.9623, 616.9191, 357.5829],
        [483.2066, 171.5769, 527.8837, 289.4945],
        [567.8114, 188.2215, 610.5547, 273.2879],
        [535.7584, 164.0451, 570.0669, 295.5545],
        [523.1870, 231.3250, 550.9478, 268.0025],
        [328.4503, 196.9079, 348.6588, 240.9801],
        [374.7405, 171.2489, 402.5727, 268.5488],
        [434.1549, 182.4039, 477.9685, 303.3930],
        [415.8376, 193.3408, 448.1721, 263.8407],
        [435.8087, 177.5075, 487.8638, 226.5101],
        [348.1114, 172.3367, 374.7434, 213.3932],
        [674.9630, 175.7719, 687.5378, 208.4387],
        [458.6129, 170.4060, 491.4970, 262.5787],
        [511.9191, 190.8145, 528.6581, 222.2609]], device='cuda:0'))
Inference_retinanet_R_50_FPN_1x.yaml_0019_000360
Time inference:  0.056664951145648956
tensor([ 0, 58,  0,  0,  0,  0, 26,  0,  0, 26,  0, 26], device='cuda:0')
Boxes(tensor([[298.1589, 179.3439, 354.7344, 300.9558],
        [170.0484, 189.0119, 278.4565, 335.5818],
        [562.4725, 162.8838, 619.4681, 359.1664],
        [482.0530, 169.3061, 527.0539, 289.3226],
        [269.7550, 163.1487, 306.1403, 260.7954],
        [400.8473, 164.8489, 454.3442, 328.9423],
        [565.3012, 191.9162, 605.6583, 276.2907],
        [373.7562, 176.1189, 403.4243, 268.0969],
        [531.7572, 163.8426, 571.9378, 291.0092],
        [415.0140, 190.2678, 449.6871, 253.8994],
        [420.0947, 175.0443, 475.1683, 313.0828],
        [566.0200, 235.4324, 603.5945, 274.7818]], device='cuda:0'))
/home/mcv/datasets/KITTI-MOTS/training/image_02/0019/000420.png
Inference_faster_rcnn_X_101_32x8d_FPN_3x.yaml_0019_000420
Time inference:  0.11939375568181276
tensor([ 0,  2,  0,  1,  0,  0,  0, 56,  0,  0,  3,  0, 56,  0,  2],
       device='cuda:0')
Boxes(tensor([[9.9350e+02, 1.5289e+02, 1.0716e+03, 3.0697e+02],
        [1.0755e+00, 2.0679e+02, 4.1032e+02, 3.6625e+02],
        [6.6365e+02, 1.7436e+02, 6.8175e+02, 2.2521e+02],
        [8.1277e+02, 2.4727e+02, 9.1387e+02, 3.5889e+02],
        [8.8705e-02, 1.8865e+02, 5.3024e+01, 3.0278e+02],
        [6.8582e+02, 1.7605e+02, 7.0382e+02, 2.2602e+02],
        [8.4495e+02, 2.1959e+02, 8.8092e+02, 2.5249e+02],
        [8.8163e+02, 2.8709e+02, 1.0565e+03, 3.7142e+02],
        [5.3732e+02, 1.7227e+02, 5.5530e+02, 2.2443e+02],
        [9.1715e+02, 1.8210e+02, 9.5447e+02, 2.4575e+02],
        [3.8850e+02, 2.1792e+02, 4.2167e+02, 2.5770e+02],
        [6.1212e+02, 1.7638e+02, 6.2196e+02, 2.0440e+02],
        [9.2394e+02, 2.1130e+02, 9.5595e+02, 2.5256e+02],
        [1.9566e+02, 2.4692e+02, 2.5371e+02, 3.0520e+02],
        [6.2649e+02, 1.7360e+02, 6.5291e+02, 1.9603e+02]], device='cuda:0'))
Inference_retinanet_R_50_FPN_1x.yaml_0019_000420
Time inference:  0.05598942469805479
tensor([0, 2, 1, 0, 0, 0, 0, 2, 0, 3, 0], device='cuda:0')
Boxes(tensor([[9.9443e+02, 1.5241e+02, 1.0676e+03, 3.0661e+02],
        [2.2670e+00, 2.0273e+02, 4.1061e+02, 3.7400e+02],
        [8.1920e+02, 2.3789e+02, 9.2353e+02, 3.5846e+02],
        [6.6358e+02, 1.6986e+02, 6.8182e+02, 2.2717e+02],
        [9.1722e+02, 1.8204e+02, 9.5395e+02, 2.4286e+02],
        [1.0105e+00, 1.8780e+02, 4.8831e+01, 2.5239e+02],
        [0.0000e+00, 1.8654e+02, 5.0677e+01, 3.2150e+02],
        [6.2486e+02, 1.7374e+02, 6.5320e+02, 1.9597e+02],
        [5.3628e+02, 1.7353e+02, 5.5661e+02, 2.2541e+02],
        [3.8629e+02, 2.0970e+02, 4.2280e+02, 2.5871e+02],
        [6.8758e+02, 1.7450e+02, 7.0397e+02, 2.2492e+02]], device='cuda:0'))
/home/mcv/datasets/KITTI-MOTS/training/image_02/0019/000480.png
Inference_faster_rcnn_X_101_32x8d_FPN_3x.yaml_0019_000480
Time inference:  0.12034206837415695
tensor([ 0,  0,  0,  1,  0,  0,  1,  1,  1,  0,  1,  1,  0, 25,  0,  0,  1,  1,
         2,  0, 26,  0,  2], device='cuda:0')
Boxes(tensor([[6.8018e+02, 1.6762e+02, 7.2835e+02, 2.9501e+02],
        [3.7643e+02, 1.6781e+02, 4.3094e+02, 2.7957e+02],
        [6.2047e+02, 1.7078e+02, 6.5946e+02, 2.9521e+02],
        [3.8056e+02, 2.2001e+02, 4.2629e+02, 3.0358e+02],
        [4.8252e+02, 1.6861e+02, 5.1308e+02, 2.3876e+02],
        [2.7348e+02, 1.6637e+02, 3.1963e+02, 3.0375e+02],
        [7.2211e+02, 1.9010e+02, 7.9756e+02, 2.6862e+02],
        [4.9027e+02, 2.0434e+02, 5.1664e+02, 2.5312e+02],
        [1.3546e+02, 2.3049e+02, 2.3110e+02, 3.1318e+02],
        [6.6125e+02, 1.6899e+02, 6.8102e+02, 2.0468e+02],
        [3.1328e+00, 2.3014e+02, 8.9152e+01, 3.4606e+02],
        [6.5821e+02, 1.9999e+02, 6.8545e+02, 2.5011e+02],
        [4.4698e+02, 1.7227e+02, 4.6690e+02, 2.2245e+02],
        [5.9007e-01, 1.2187e+02, 1.6273e+02, 1.6483e+02],
        [7.2644e+02, 1.6718e+02, 7.4591e+02, 2.1337e+02],
        [7.8396e+01, 1.7306e+02, 1.1035e+02, 2.1225e+02],
        [1.5476e+01, 2.2515e+02, 1.6897e+02, 3.2696e+02],
        [2.2770e+02, 2.0784e+02, 2.8229e+02, 2.8914e+02],
        [5.5226e+02, 1.6942e+02, 5.7026e+02, 1.8589e+02],
        [7.0834e+02, 1.6803e+02, 7.2448e+02, 1.9918e+02],
        [2.8322e+02, 2.2216e+02, 3.1657e+02, 2.5147e+02],
        [7.7862e+01, 1.7323e+02, 1.1614e+02, 2.4334e+02],
        [5.0075e+02, 1.6855e+02, 5.3353e+02, 2.0188e+02]], device='cuda:0'))
Inference_retinanet_R_50_FPN_1x.yaml_0019_000480
Time inference:  0.05498036369681358
tensor([0, 0, 0, 0, 0, 1, 1, 1, 1, 0, 1, 1, 1, 0], device='cuda:0')
Boxes(tensor([[621.3124, 170.3717, 661.9681, 294.3440],
        [679.9178, 165.4798, 730.3461, 291.0767],
        [273.8634, 169.3571, 322.4131, 304.2166],
        [380.5574, 167.5271, 427.2068, 290.6926],
        [488.6874, 169.7285, 513.5978, 235.8115],
        [715.1285, 203.3183, 796.1371, 270.6342],
        [381.6136, 226.6513, 416.9604, 304.2114],
        [489.1628, 205.9003, 517.5574, 251.9271],
        [ 11.0101, 227.3043, 108.7332, 344.3911],
        [448.3817, 172.7707, 467.1148, 220.6417],
        [222.8575, 210.7379, 281.6070, 289.1609],
        [ 35.2257, 220.9126, 169.9250, 332.4588],
        [133.2004, 224.4948, 233.6053, 313.6391],
        [726.3979, 169.4059, 745.7613, 217.1748]], device='cuda:0'))
/home/mcv/datasets/KITTI-MOTS/training/image_02/0019/000540.png
Inference_faster_rcnn_X_101_32x8d_FPN_3x.yaml_0019_000540
Time inference:  0.12984968908131123
tensor([ 0,  0,  0,  0,  0,  1,  0,  1,  1,  0, 26, 26,  0, 26,  0,  2,  0,  7,
        26, 56,  0,  0], device='cuda:0')
Boxes(tensor([[ 854.1457,  163.0708,  950.2576,  368.1501],
        [ 764.1465,  170.2276,  842.0883,  371.9425],
        [ 182.2534,  173.4123,  268.0968,  374.0000],
        [1131.9031,  157.4316, 1206.1198,  357.9654],
        [ 719.6441,  174.3039,  751.1985,  256.3918],
        [1063.6107,  303.4841, 1234.1357,  371.8152],
        [ 748.9563,  175.1209,  772.9175,  243.6970],
        [ 280.3201,  215.2503,  357.7448,  283.6106],
        [   2.4111,  244.1467,  150.2248,  362.0118],
        [ 703.4258,  186.3132,  720.9268,  219.6982],
        [1131.3027,  208.3426, 1184.9066,  260.7859],
        [ 194.7768,  250.7166,  251.0178,  299.9806],
        [ 464.1435,  181.5970,  481.6908,  227.5054],
        [ 194.9028,  207.6407,  249.5618,  296.9264],
        [ 453.8795,  179.3452,  470.9499,  224.5310],
        [ 498.1447,  171.7623,  559.7663,  221.7269],
        [ 555.7953,  176.4820,  569.5413,  218.5073],
        [ 553.1750,  160.0574,  604.3352,  203.4115],
        [ 767.5391,  212.7223,  802.2399,  271.3153],
        [1075.9203,  201.4546, 1109.2770,  236.1085],
        [1154.3230,  153.0591, 1183.7937,  188.3865],
        [ 313.2087,  180.3772,  339.4308,  215.6047]], device='cuda:0'))
Inference_retinanet_R_50_FPN_1x.yaml_0019_000540
Time inference:  0.057404483668506145
tensor([ 0,  0,  0,  0,  1,  0,  1,  2,  0, 26,  1,  0,  0,  2],
       device='cuda:0')
Boxes(tensor([[ 766.7385,  170.8637,  841.5151,  372.9912],
        [ 851.5037,  161.9579,  950.7032,  372.9486],
        [ 181.0748,  175.2034,  269.3174,  371.6913],
        [1132.0648,  158.6910, 1208.5996,  362.1989],
        [  13.3363,  247.8175,  152.1977,  352.0403],
        [ 719.2341,  175.2273,  749.7374,  255.8127],
        [ 267.4432,  210.4106,  354.2086,  284.6838],
        [ 500.2236,  172.9829,  572.4453,  220.5451],
        [ 466.1291,  180.4470,  484.5346,  228.4327],
        [ 194.6443,  249.6140,  245.8217,  297.8045],
        [1066.7198,  293.9923, 1224.9751,  374.0000],
        [ 459.3825,  178.5620,  476.2124,  227.7284],
        [ 747.5623,  175.1358,  772.8546,  245.0130],
        [ 551.7641,  160.4494,  605.2098,  203.7743]], device='cuda:0'))
/home/mcv/datasets/KITTI-MOTS/training/image_02/0019/000600.png
Inference_faster_rcnn_X_101_32x8d_FPN_3x.yaml_0019_000600
Time inference:  0.12319114059209824
tensor([ 0,  0,  0,  0,  0,  0,  0,  0,  0,  0,  3,  2,  2,  0,  5,  7,  0, 26],
       device='cuda:0')
Boxes(tensor([[ 805.4153,  159.1036,  864.6664,  307.5149],
        [ 256.7151,  169.9120,  300.6753,  277.3850],
        [ 620.5910,  168.2900,  646.0902,  238.6721],
        [ 375.0859,  169.9384,  412.3922,  257.2002],
        [ 725.7104,  167.9787,  771.7197,  321.5301],
        [1098.2153,  142.7626, 1154.7893,  307.6271],
        [1058.5254,  149.8321, 1097.3866,  270.1052],
        [ 782.0449,  162.5671,  817.0637,  260.8976],
        [ 344.1342,  171.1138,  373.4769,  239.0457],
        [1120.8516,  143.5352, 1161.0994,  287.1652],
        [ 349.2896,  207.7321,  398.5704,  269.3277],
        [ 476.6373,  162.6328,  499.2372,  208.6492],
        [ 403.3904,  160.2761,  482.6216,  224.4036],
        [ 678.1304,  179.7089,  703.4948,  216.8995],
        [ 520.0681,  148.1725,  564.5413,  201.0717],
        [ 519.1642,  147.4657,  563.5625,  201.0488],
        [ 703.4366,  177.7426,  723.2362,  214.8262],
        [ 253.3105,  187.7940,  272.9841,  233.0949]], device='cuda:0'))
Inference_retinanet_R_50_FPN_1x.yaml_0019_000600
Time inference:  0.05881983134895563
tensor([0, 0, 0, 0, 3, 0, 0, 2, 0, 0, 2, 0], device='cuda:0')
Boxes(tensor([[ 807.9312,  157.3899,  863.6830,  307.3482],
        [ 254.6837,  169.0723,  301.2293,  276.4802],
        [1095.2845,  139.1470, 1152.6826,  308.5294],
        [ 721.9575,  167.8018,  774.0247,  323.8871],
        [ 349.7559,  207.2517,  396.7273,  270.2111],
        [ 375.9529,  171.5163,  410.6508,  259.1109],
        [ 623.0958,  167.1727,  644.9543,  235.5355],
        [ 402.8444,  159.1651,  487.6935,  222.8312],
        [ 780.0455,  162.1302,  813.2649,  261.5298],
        [ 345.1672,  171.1687,  373.3216,  234.7852],
        [ 521.0926,  163.8012,  560.9849,  201.4987],
        [1058.7836,  147.5198, 1098.0536,  275.4901]], device='cuda:0'))
/home/mcv/datasets/KITTI-MOTS/training/image_02/0019/000660.png
Inference_faster_rcnn_X_101_32x8d_FPN_3x.yaml_0019_000660
Time inference:  0.11656320467591286
tensor([ 0,  0,  2,  0,  0,  0,  0,  0, 13, 24, 10,  0,  0, 13, 26],
       device='cuda:0')
Boxes(tensor([[6.9144e+02, 1.6244e+02, 7.7184e+02, 3.2340e+02],
        [7.7826e+02, 1.6660e+02, 8.4351e+02, 3.0005e+02],
        [3.4162e+02, 1.6225e+02, 5.2145e+02, 2.8606e+02],
        [3.3702e+02, 1.6919e+02, 3.6353e+02, 2.2698e+02],
        [5.6454e+02, 1.7132e+02, 6.0766e+02, 2.5086e+02],
        [1.1554e+03, 1.4036e+02, 1.2272e+03, 3.0399e+02],
        [6.2137e+02, 1.6647e+02, 6.4783e+02, 2.4042e+02],
        [6.5047e+02, 1.6823e+02, 6.8675e+02, 2.4866e+02],
        [3.1411e-01, 2.3253e+02, 3.3104e+01, 2.7517e+02],
        [7.2917e+02, 1.9418e+02, 7.6343e+02, 2.5255e+02],
        [1.1321e+03, 1.6764e+02, 1.2275e+03, 3.1185e+02],
        [5.3459e+02, 1.5120e+02, 5.4449e+02, 1.8420e+02],
        [5.6397e+02, 1.6924e+02, 5.8841e+02, 2.4463e+02],
        [2.5035e+02, 2.0288e+02, 2.7875e+02, 2.4435e+02],
        [1.2041e+03, 1.8618e+02, 1.2301e+03, 2.2434e+02]], device='cuda:0'))
Inference_retinanet_R_50_FPN_1x.yaml_0019_000660
Time inference:  0.056024910882115364
tensor([0, 2, 0, 0, 0, 0, 0, 0], device='cuda:0')
Boxes(tensor([[ 779.4930,  166.6879,  847.0475,  296.7435],
        [ 340.3270,  160.1900,  518.7292,  283.7778],
        [ 686.2392,  160.7117,  774.9424,  323.7438],
        [ 564.1918,  168.7719,  600.6238,  249.8736],
        [ 336.1299,  169.7202,  363.3953,  228.9392],
        [ 620.3251,  164.9065,  648.8822,  240.4636],
        [1156.8572,  137.9132, 1226.0487,  308.3745],
        [ 650.3771,  166.1402,  681.2854,  251.1277]], device='cuda:0'))
/home/mcv/datasets/KITTI-MOTS/training/image_02/0019/000720.png
Inference_faster_rcnn_X_101_32x8d_FPN_3x.yaml_0019_000720
Time inference:  0.11743470467627048
tensor([ 0,  0,  0,  2,  0,  0,  2,  0,  0,  0,  0, 56, 56,  2,  0, 56,  0,  0,
        56, 24, 56, 62, 56], device='cuda:0')
Boxes(tensor([[1017.7073,  162.3591, 1097.9777,  323.7502],
        [ 247.5150,  179.3774,  316.0795,  352.0950],
        [ 779.7765,  169.2283,  820.0237,  298.9385],
        [   4.7362,  173.1620,  286.1689,  370.4177],
        [ 500.9694,  182.0617,  522.4718,  231.3342],
        [ 585.2993,  182.2854,  601.7531,  234.1812],
        [ 461.3520,  178.7829,  495.0026,  229.5799],
        [ 339.0438,  187.0284,  358.0413,  246.3291],
        [ 286.5585,  185.2614,  320.2069,  269.8587],
        [ 700.1353,  199.4136,  733.0236,  248.9602],
        [ 608.3717,  180.0179,  626.1833,  232.4862],
        [ 757.4767,  230.3548,  785.3595,  268.1758],
        [ 717.8611,  229.8051,  739.9672,  271.5403],
        [ 367.0754,  174.0594,  471.3889,  252.9595],
        [ 306.2501,  184.3173,  329.5971,  267.5115],
        [ 726.9490,  230.4969,  756.6953,  268.8971],
        [ 736.2383,  198.8212,  759.4173,  226.2536],
        [ 682.0956,  194.9252,  702.5502,  216.6563],
        [ 668.7826,  222.2297,  692.5926,  255.6353],
        [1061.6233,  197.8900, 1084.1791,  240.2449],
        [ 634.8163,  216.9955,  682.0781,  259.7278],
        [1129.1411,  134.7423, 1209.5457,  217.8919],
        [ 662.2737,  219.9834,  684.1129,  258.3776]], device='cuda:0'))
Inference_retinanet_R_50_FPN_1x.yaml_0019_000720
Time inference:  0.0559934563934803
tensor([ 0,  2,  0,  0,  0,  2, 56, 56,  2, 56,  0], device='cuda:0')
Boxes(tensor([[1018.3275,  160.2767, 1098.5690,  324.3581],
        [   4.4396,  169.4381,  283.6556,  370.1299],
        [ 249.4799,  186.3553,  319.7755,  349.8316],
        [ 777.2512,  167.8448,  818.2183,  297.2375],
        [ 499.0217,  183.0578,  521.3822,  231.7228],
        [ 367.8927,  172.5463,  471.3556,  251.7935],
        [ 722.5305,  222.6082,  765.9241,  269.2028],
        [ 671.1321,  220.5286,  699.8162,  256.8073],
        [ 463.8057,  177.2980,  495.1902,  229.3983],
        [ 631.5264,  202.1830,  665.1249,  259.0269],
        [ 340.1645,  185.1403,  358.5246,  246.1192]], device='cuda:0'))
/home/mcv/datasets/KITTI-MOTS/training/image_02/0019/000780.png
Inference_faster_rcnn_X_101_32x8d_FPN_3x.yaml_0019_000780
Time inference:  0.1163061112165451
tensor([ 1, 56,  0,  7,  0,  0,  9,  2,  0, 60,  2, 60,  0], device='cuda:0')
Boxes(tensor([[1023.9524,  214.3139, 1110.2039,  297.8358],
        [1072.8956,  293.2908, 1200.0061,  373.7598],
        [ 757.0112,  179.0556,  774.7162,  225.7034],
        [  11.9820,  153.4863,  436.8142,  372.6103],
        [1170.1556,  218.0830, 1238.0000,  350.2370],
        [ 548.6577,  184.0920,  557.6237,  215.0850],
        [ 684.5261,  153.3529,  690.5440,  170.6783],
        [ 656.7856,  183.1973,  693.4271,  216.2025],
        [ 565.7587,  191.9967,  576.1495,  215.1771],
        [1157.4054,  278.5219, 1238.0000,  371.3882],
        [ 428.5404,  169.8783,  532.5594,  300.7797],
        [1155.5627,  278.7735, 1238.0000,  311.3389],
        [ 683.6169,  193.0446,  701.5891,  228.3864]], device='cuda:0'))
Inference_retinanet_R_50_FPN_1x.yaml_0019_000780
Time inference:  0.0560168894007802
tensor([ 1, 56,  2,  0,  2,  0], device='cuda:0')
Boxes(tensor([[1023.0519,  211.1472, 1108.1576,  299.6456],
        [1070.7001,  295.3939, 1208.2876,  372.2397],
        [ 430.7256,  174.0034,  529.9673,  296.4616],
        [1173.0905,  213.8453, 1237.3944,  304.4296],
        [   2.7538,  146.3491,  436.4656,  370.3318],
        [ 758.0076,  178.2453,  776.1646,  226.2051]], device='cuda:0'))
/home/mcv/datasets/KITTI-MOTS/training/image_02/0019/000840.png
Inference_faster_rcnn_X_101_32x8d_FPN_3x.yaml_0019_000840
Time inference:  0.11806626804172993
tensor([ 0,  2, 56,  0,  0, 56,  0,  0,  0,  0], device='cuda:0')
Boxes(tensor([[ 274.9417,  163.7090,  314.9905,  280.7670],
        [ 780.3081,  145.1157, 1094.9414,  352.9033],
        [ 392.9925,  221.9311,  430.8001,  284.8485],
        [ 455.0526,  186.7726,  482.3018,  226.0024],
        [ 391.3249,  193.9156,  436.9753,  250.0844],
        [ 435.1770,  220.5733,  475.1732,  283.2854],
        [ 433.0450,  189.9149,  477.4189,  260.5706],
        [ 427.1720,  192.7908,  445.2307,  220.1095],
        [ 685.5777,  179.6254,  700.1295,  199.9957],
        [ 705.7065,  180.5913,  721.4062,  200.8454]], device='cuda:0'))
Inference_retinanet_R_50_FPN_1x.yaml_0019_000840
Time inference:  0.05641038715839386
tensor([ 0,  2, 56,  0,  0, 56], device='cuda:0')
Boxes(tensor([[ 270.9863,  162.7756,  314.3056,  281.0622],
        [ 781.7324,  144.7678, 1093.1221,  350.9471],
        [ 393.0139,  221.4394,  435.4708,  284.0176],
        [ 440.9145,  191.9275,  482.5844,  267.6051],
        [ 392.8447,  196.0280,  435.3188,  267.9027],
        [ 437.8550,  210.1424,  477.8539,  280.7873]], device='cuda:0'))
/home/mcv/datasets/KITTI-MOTS/training/image_02/0019/000900.png
Inference_faster_rcnn_X_101_32x8d_FPN_3x.yaml_0019_000900
Time inference:  0.11697591654956341
tensor([ 1,  1,  0,  0,  6, 58,  0, 56], device='cuda:0')
Boxes(tensor([[1032.2844,  187.2599, 1190.4628,  320.1729],
        [ 239.4841,  245.8221,  409.7658,  339.6111],
        [ 219.7942,  195.9766,  267.0774,  284.2770],
        [ 817.3829,  194.0236,  836.2075,  254.1107],
        [ 148.1092,  117.3127,  828.4713,  213.5849],
        [ 958.3757,  277.9396, 1187.3429,  371.1469],
        [ 813.2316,  160.0258,  830.3294,  201.7289],
        [1091.8949,  347.6502, 1200.0176,  373.4462]], device='cuda:0'))
Inference_retinanet_R_50_FPN_1x.yaml_0019_000900
Time inference:  0.0550879193469882
tensor([ 1,  1,  0, 58], device='cuda:0')
Boxes(tensor([[1032.5431,  188.6667, 1189.6912,  320.1745],
        [ 232.7804,  236.6642,  412.3237,  343.7980],
        [ 219.4789,  198.7473,  266.4909,  284.8607],
        [ 958.3839,  275.3371, 1156.7380,  371.7528]], device='cuda:0'))
/home/mcv/datasets/KITTI-MOTS/training/image_02/0019/000960.png
Inference_faster_rcnn_X_101_32x8d_FPN_3x.yaml_0019_000960
Time inference:  0.11613933462649584
tensor([ 0,  0,  0,  5, 26,  0,  2, 24,  0,  5,  9], device='cuda:0')
Boxes(tensor([[ 503.8973,  184.6514,  566.7863,  353.2519],
        [ 834.5875,  186.6321,  923.4734,  372.3312],
        [ 731.6933,  152.8813,  796.9653,  333.7105],
        [ 619.0035,  104.1413, 1053.3329,  210.8542],
        [ 822.6296,  286.6338,  851.8062,  346.0724],
        [ 405.0148,  173.3547,  420.1646,  207.4117],
        [ 777.7126,  162.8708, 1059.4180,  265.1938],
        [ 546.5139,  219.5211,  575.1628,  272.6084],
        [ 582.2393,  167.1240,  598.3901,  202.7734],
        [ 693.7791,  144.0607, 1052.9015,  258.3078],
        [ 827.9995,   75.4766,  847.7435,   99.8552]], device='cuda:0'))
Inference_retinanet_R_50_FPN_1x.yaml_0019_000960
Time inference:  0.05563172418624163
tensor([ 0,  0,  0,  2,  5,  5, 24,  5], device='cuda:0')
Boxes(tensor([[ 506.8768,  183.6051,  568.5292,  349.3838],
        [ 737.4122,  151.9538,  794.6696,  336.8935],
        [ 835.4933,  195.3709,  915.7950,  374.0000],
        [ 793.2113,  166.1584, 1055.9969,  268.2812],
        [ 668.3387,  111.0261, 1051.6350,  251.5058],
        [ 785.7841,  101.7572, 1057.2031,  215.3872],
        [ 553.1163,  233.5320,  574.8935,  273.7840],
        [ 617.1522,  108.0478,  887.8978,  223.0341]], device='cuda:0'))
/home/mcv/datasets/KITTI-MOTS/training/image_02/0019/001020.png
Inference_faster_rcnn_X_101_32x8d_FPN_3x.yaml_0019_001020
Time inference:  0.11576543562114239
tensor([ 0,  2,  0,  0,  9, 26], device='cuda:0')
Boxes(tensor([[ 742.6786,  166.9136,  808.4191,  373.8313],
        [ 996.8788,  182.7211, 1175.4412,  273.8501],
        [  96.8722,  179.4963,  117.5324,  224.5764],
        [ 185.2567,  173.9176,  200.8322,  209.6501],
        [ 830.9953,   69.5692,  853.1233,  100.1322],
        [ 791.9147,  242.7585,  807.4966,  286.0560]], device='cuda:0'))
Inference_retinanet_R_50_FPN_1x.yaml_0019_001020
Time inference:  0.05631784163415432
tensor([2, 0], device='cuda:0')
Boxes(tensor([[ 994.9968,  181.2742, 1174.4070,  273.4474],
        [ 744.0217,  162.0044,  812.8639,  374.0000]], device='cuda:0'))
/home/mcv/datasets/KITTI-MOTS/training/image_02/0020/000000.png
Inference_faster_rcnn_X_101_32x8d_FPN_3x.yaml_0020_000000
Time inference:  0.12008894328027964
tensor([2, 2, 2, 2, 2, 2, 2, 2, 2, 2, 2, 2], device='cuda:0')
Boxes(tensor([[287.3195, 178.9506, 370.0633, 236.0775],
        [686.2861, 190.0099, 791.4868, 283.5522],
        [354.4504, 183.3311, 477.8519, 266.8884],
        [  1.7681, 195.4664, 196.9834, 306.9485],
        [581.9307, 177.8225, 618.5143, 206.2447],
        [645.3228, 179.2443, 674.9382, 206.8061],
        [463.2708, 180.1437, 523.2473, 227.5699],
        [623.5832, 178.5005, 651.5503, 202.4596],
        [663.3506, 181.3513, 722.3091, 231.0578],
        [538.5336, 179.6812, 558.0763, 198.7274],
        [524.0654, 178.4754, 542.6108, 207.4902],
        [610.5627, 177.2209, 625.5621, 192.9219]], device='cuda:0'))
Inference_retinanet_R_50_FPN_1x.yaml_0020_000000
Time inference:  0.05641684401780367
tensor([2, 2, 2, 2, 2, 2, 2, 2, 2, 2], device='cuda:0')
Boxes(tensor([[  0.9261, 189.1010, 196.7921, 308.6199],
        [685.2145, 191.4626, 793.3315, 285.3500],
        [350.5153, 183.0822, 478.5975, 269.1910],
        [286.7036, 177.4580, 370.3651, 235.0846],
        [662.2651, 181.6367, 723.4928, 229.9505],
        [459.9421, 180.9398, 523.6102, 226.7682],
        [646.5132, 180.3677, 673.0388, 206.4867],
        [580.6122, 179.1513, 618.6085, 204.7979],
        [624.2132, 178.7029, 652.1174, 202.4318],
        [512.6927, 178.3911, 540.5702, 212.3348]], device='cuda:0'))
/home/mcv/datasets/KITTI-MOTS/training/image_02/0020/000060.png
Inference_faster_rcnn_X_101_32x8d_FPN_3x.yaml_0020_000060
Time inference:  0.11613420117646456
tensor([2, 2, 2, 2, 2, 2, 2, 2, 2, 2, 2, 2, 2, 2], device='cuda:0')
Boxes(tensor([[  3.4768, 201.1661, 357.1342, 372.0816],
        [696.8563, 194.4379, 795.1069, 259.0526],
        [397.2130, 185.3722, 498.2733, 262.4666],
        [216.0679, 191.2229, 334.4571, 251.3205],
        [355.0500, 187.5038, 411.7394, 228.4728],
        [647.9379, 185.2504, 689.7493, 218.0633],
        [529.0340, 186.5812, 551.2200, 208.5104],
        [478.1800, 187.1125, 519.8137, 230.4920],
        [584.8048, 182.4924, 613.9737, 204.6265],
        [543.1121, 183.8054, 561.6177, 202.7202],
        [506.6195, 185.1210, 535.1769, 216.5648],
        [616.4045, 184.8694, 638.0901, 200.9146],
        [519.9314, 186.1697, 535.6726, 215.9661],
        [538.1376, 184.7991, 555.9888, 205.2036]], device='cuda:0'))
Inference_retinanet_R_50_FPN_1x.yaml_0020_000060
Time inference:  0.05586796347051859
tensor([2, 2, 2, 2, 2, 2, 2, 2], device='cuda:0')
Boxes(tensor([[  2.3862, 206.1839, 353.4948, 375.5958],
        [396.5695, 185.4701, 498.7086, 260.2091],
        [695.8387, 194.5463, 796.1871, 262.8441],
        [354.4222, 187.6857, 410.0581, 228.2172],
        [646.3600, 185.4548, 690.1353, 217.3691],
        [213.8402, 189.4453, 334.2206, 252.4694],
        [476.5309, 187.3526, 519.7495, 231.5789],
        [505.3886, 185.7577, 534.7655, 217.8921]], device='cuda:0'))
/home/mcv/datasets/KITTI-MOTS/training/image_02/0020/000120.png
Inference_faster_rcnn_X_101_32x8d_FPN_3x.yaml_0020_000120
Time inference:  0.11707630474120378
tensor([2, 2, 2, 2, 2, 2, 2, 2, 2, 2, 7, 2, 2], device='cuda:0')
Boxes(tensor([[3.6996e+02, 1.8192e+02, 4.7579e+02, 2.5595e+02],
        [1.8302e+02, 1.8522e+02, 3.2366e+02, 2.5278e+02],
        [6.6141e+02, 1.8135e+02, 7.1262e+02, 2.2030e+02],
        [2.4444e-01, 2.8976e+02, 1.5957e+02, 3.7504e+02],
        [6.2664e+02, 1.7753e+02, 6.4970e+02, 1.9674e+02],
        [5.8774e+02, 1.7626e+02, 6.2599e+02, 2.0668e+02],
        [4.7133e+02, 1.8334e+02, 5.2749e+02, 2.1813e+02],
        [5.1743e+02, 1.7876e+02, 5.5110e+02, 2.0613e+02],
        [5.4532e+02, 1.7700e+02, 5.6339e+02, 1.9519e+02],
        [3.3037e+02, 1.6920e+02, 3.9776e+02, 2.2582e+02],
        [5.8156e+02, 1.6169e+02, 6.0714e+02, 1.9900e+02],
        [5.3938e+02, 1.7752e+02, 5.5771e+02, 1.9765e+02],
        [3.9924e+02, 1.6985e+02, 4.5612e+02, 1.8346e+02]], device='cuda:0'))
Inference_retinanet_R_50_FPN_1x.yaml_0020_000120
Time inference:  0.05567402113229036
tensor([2, 2, 2, 2, 2, 2, 2, 2], device='cuda:0')
Boxes(tensor([[368.1851, 180.7222, 476.5937, 256.5768],
        [661.4232, 181.9500, 710.9187, 218.9366],
        [180.5697, 185.6216, 322.4139, 254.2015],
        [  2.0937, 294.7762, 161.9372, 376.0000],
        [330.2933, 169.9868, 397.0700, 224.8965],
        [462.4153, 183.9385, 524.6445, 218.9802],
        [586.2761, 177.0273, 625.3747, 204.9751],
        [519.5001, 179.0015, 550.6934, 206.0661]], device='cuda:0'))
/home/mcv/datasets/KITTI-MOTS/training/image_02/0020/000180.png
Inference_faster_rcnn_X_101_32x8d_FPN_3x.yaml_0020_000180
Time inference:  0.11717028543353081
tensor([2, 2, 2, 2, 2, 2, 2, 2, 2, 2, 7, 7, 7], device='cuda:0')
Boxes(tensor([[ 37.5375, 199.3400, 270.4415, 313.0033],
        [582.0263, 182.1243, 675.6512, 254.4748],
        [253.9730, 191.4046, 370.8444, 260.2744],
        [343.7556, 185.1080, 403.7384, 230.3657],
        [475.9489, 180.2901, 535.4589, 226.1323],
        [533.3416, 182.4396, 552.1592, 199.7780],
        [  0.0000, 164.9755, 169.8794, 268.1470],
        [425.1656, 183.7477, 445.9193, 208.5182],
        [227.8230, 186.2840, 291.9090, 225.9209],
        [396.2975, 183.3675, 432.0250, 212.6729],
        [439.5497, 160.3252, 474.7399, 202.2033],
        [478.1766, 161.0310, 516.0260, 194.0819],
        [286.2672, 172.3837, 346.1817, 195.7453]], device='cuda:0'))
Inference_retinanet_R_50_FPN_1x.yaml_0020_000180
Time inference:  0.05522248521447182
tensor([2, 2, 2, 2, 2, 2, 2, 2, 2], device='cuda:0')
Boxes(tensor([[ 33.3866, 198.9825, 270.9089, 315.5487],
        [581.9545, 182.3867, 677.1945, 254.1086],
        [342.3654, 184.5757, 403.6170, 229.5451],
        [249.9108, 193.4964, 371.0881, 258.9079],
        [476.3815, 180.9097, 531.7717, 225.9668],
        [393.7430, 182.7088, 431.7751, 213.1365],
        [530.6820, 181.7563, 553.1669, 201.0873],
        [  2.2312, 166.6503, 177.4930, 244.5063],
        [228.9816, 186.6054, 279.1101, 226.2782]], device='cuda:0'))
/home/mcv/datasets/KITTI-MOTS/training/image_02/0020/000240.png
Inference_faster_rcnn_X_101_32x8d_FPN_3x.yaml_0020_000240
Time inference:  0.11859430465847254
tensor([2, 2, 2, 7, 7, 2, 2, 2, 7, 2, 7, 2], device='cuda:0')
Boxes(tensor([[  0.8718, 234.5121, 228.4072, 375.5087],
        [570.7740, 178.2984, 610.2128, 212.6566],
        [349.1188, 186.2025, 379.1369, 234.0125],
        [410.4740, 136.2401, 520.4116, 241.0867],
        [510.4478, 161.9887, 547.8098, 211.2054],
        [  0.7211, 192.1609,  92.4677, 244.8588],
        [381.6961, 186.4025, 409.7726, 225.7192],
        [373.4222, 190.0791, 401.4562, 228.2938],
        [144.7453, 131.9453, 361.3531, 264.3171],
        [543.0335, 178.7147, 565.6335, 200.5904],
        [523.4288, 146.7511, 564.9137, 202.6683],
        [356.1232, 185.6772, 394.5195, 230.6029]], device='cuda:0'))
Inference_retinanet_R_50_FPN_1x.yaml_0020_000240
Time inference:  0.05628117918968201
tensor([2, 2, 7, 2, 7, 7, 2, 2, 7], device='cuda:0')
Boxes(tensor([[1.5511e-01, 2.3241e+02, 2.3306e+02, 3.7444e+02],
        [5.7184e+02, 1.7863e+02, 6.0940e+02, 2.1231e+02],
        [4.0679e+02, 1.3578e+02, 5.2089e+02, 2.4155e+02],
        [2.8468e-01, 1.9280e+02, 8.8463e+01, 2.4114e+02],
        [5.1808e+02, 1.5041e+02, 5.5655e+02, 2.0505e+02],
        [1.4538e+02, 1.3119e+02, 3.6588e+02, 2.6635e+02],
        [3.5085e+02, 1.8579e+02, 3.9284e+02, 2.3011e+02],
        [3.8749e+02, 1.8471e+02, 4.1339e+02, 2.2150e+02],
        [5.0995e+02, 1.6080e+02, 5.4486e+02, 2.1095e+02]], device='cuda:0'))
/home/mcv/datasets/KITTI-MOTS/training/image_02/0020/000300.png
Inference_faster_rcnn_X_101_32x8d_FPN_3x.yaml_0020_000300
Time inference:  0.1186911454424262
tensor([2, 5, 2, 2, 2, 2, 2], device='cuda:0')
Boxes(tensor([[5.6516e+02, 1.7451e+02, 6.2819e+02, 2.3079e+02],
        [2.8825e+02, 1.5499e+01, 5.3380e+02, 2.6025e+02],
        [2.6559e+02, 1.7758e+02, 2.9385e+02, 2.3707e+02],
        [4.0270e-02, 2.1074e+02, 8.6675e+01, 3.0786e+02],
        [5.3842e+02, 1.7609e+02, 5.5506e+02, 2.0673e+02],
        [4.5736e-01, 3.2859e+02, 7.4452e+01, 3.7600e+02],
        [5.4382e+02, 1.7441e+02, 5.6844e+02, 2.0475e+02]], device='cuda:0'))
Inference_retinanet_R_50_FPN_1x.yaml_0020_000300
Time inference:  0.05630560405552387
tensor([5, 2, 2, 2, 2], device='cuda:0')
Boxes(tensor([[2.8720e+02, 1.7822e+01, 5.3533e+02, 2.5952e+02],
        [5.6603e+02, 1.7444e+02, 6.2937e+02, 2.3244e+02],
        [4.8937e-01, 2.0910e+02, 8.5989e+01, 3.0708e+02],
        [2.6504e+02, 1.7871e+02, 2.9283e+02, 2.3448e+02],
        [5.3786e+02, 1.7495e+02, 5.5838e+02, 2.0701e+02]], device='cuda:0'))
/home/mcv/datasets/KITTI-MOTS/training/image_02/0020/000360.png
Inference_faster_rcnn_X_101_32x8d_FPN_3x.yaml_0020_000360
Time inference:  0.11803373601287603
tensor([2, 2, 2, 2, 2, 2, 2, 2, 2], device='cuda:0')
Boxes(tensor([[561.4230, 180.6922, 620.6556, 232.0862],
        [  3.7343, 213.8952, 361.8101, 372.1857],
        [483.2874, 182.3025, 546.5807, 229.0557],
        [538.9778, 182.1792, 562.0591, 204.1340],
        [335.0184, 182.5441, 370.4879, 232.8466],
        [291.4747, 187.1924, 340.5803, 220.1498],
        [342.1050, 179.8184, 487.7391, 285.7557],
        [437.1533, 181.6800, 489.4874, 267.4943],
        [ 50.5829, 186.6450, 260.8056, 223.8186]], device='cuda:0'))
Inference_retinanet_R_50_FPN_1x.yaml_0020_000360
Time inference:  0.05608147010207176
tensor([2, 2, 2, 2, 2, 2], device='cuda:0')
Boxes(tensor([[2.2368e-01, 2.0448e+02, 3.6305e+02, 3.7352e+02],
        [4.8021e+02, 1.8284e+02, 5.4407e+02, 2.3003e+02],
        [5.6125e+02, 1.8185e+02, 6.1912e+02, 2.3362e+02],
        [3.4287e+02, 1.7708e+02, 4.8802e+02, 2.8580e+02],
        [2.9199e+02, 1.8697e+02, 3.3474e+02, 2.2014e+02],
        [3.3417e+02, 1.8226e+02, 3.7018e+02, 2.3420e+02]], device='cuda:0'))
/home/mcv/datasets/KITTI-MOTS/training/image_02/0020/000420.png
Inference_faster_rcnn_X_101_32x8d_FPN_3x.yaml_0020_000420
Time inference:  0.11906722746789455
tensor([2, 2, 2, 2, 2, 2, 2, 2, 2, 7], device='cuda:0')
Boxes(tensor([[2.3956e+02, 1.8977e+02, 3.5755e+02, 2.5464e+02],
        [3.8096e+02, 1.9110e+02, 4.9897e+02, 2.6941e+02],
        [5.7794e+02, 1.8005e+02, 6.1366e+02, 2.1157e+02],
        [1.2588e-01, 1.9457e+02, 1.1120e+02, 2.6499e+02],
        [7.8785e-01, 2.8130e+02, 1.6333e+02, 3.7394e+02],
        [2.0724e+02, 1.9056e+02, 2.7497e+02, 2.3059e+02],
        [4.6688e+02, 1.8428e+02, 5.1796e+02, 2.1880e+02],
        [3.6265e+02, 1.8369e+02, 4.1451e+02, 2.2638e+02],
        [2.9399e+02, 1.8127e+02, 3.6157e+02, 2.2577e+02],
        [5.0559e+02, 1.6134e+02, 5.5760e+02, 2.0668e+02]], device='cuda:0'))
Inference_retinanet_R_50_FPN_1x.yaml_0020_000420
Time inference:  0.055175322107970715
tensor([2, 2, 2, 2, 2, 2, 2, 2, 2], device='cuda:0')
Boxes(tensor([[379.6662, 191.7452, 499.5240, 269.7785],
        [  0.0000, 193.1028, 112.8580, 264.0047],
        [237.6307, 188.8088, 359.8750, 254.3839],
        [577.1522, 179.9225, 614.7935, 211.7109],
        [206.7204, 188.3360, 281.2602, 230.3683],
        [469.1513, 182.9456, 517.1918, 219.1978],
        [361.1263, 184.1361, 412.2536, 226.9129],
        [  1.6094, 289.8825, 164.2386, 374.2055],
        [292.9896, 181.3397, 362.3958, 217.3586]], device='cuda:0'))
/home/mcv/datasets/KITTI-MOTS/training/image_02/0020/000480.png
Inference_faster_rcnn_X_101_32x8d_FPN_3x.yaml_0020_000480
Time inference:  0.11752437520772219
tensor([2, 2, 2, 7, 2, 2, 2, 2, 2, 7, 2], device='cuda:0')
Boxes(tensor([[3.3803e+02, 1.8972e+02, 4.5571e+02, 2.6037e+02],
        [2.9004e+02, 1.8376e+02, 3.6361e+02, 2.3124e+02],
        [5.7337e+02, 1.7594e+02, 6.1166e+02, 2.1116e+02],
        [4.7908e+02, 1.5889e+02, 5.4026e+02, 2.1701e+02],
        [8.4157e+01, 1.9152e+02, 2.6300e+02, 2.5013e+02],
        [1.8774e+00, 2.0260e+02, 2.8268e+02, 3.7353e+02],
        [3.7236e-01, 1.8335e+02, 8.2277e+01, 2.0916e+02],
        [4.0219e+02, 1.7949e+02, 4.6973e+02, 2.2895e+02],
        [2.9331e+02, 1.7909e+02, 3.1286e+02, 1.9193e+02],
        [4.5324e+02, 1.6632e+02, 4.8356e+02, 2.2130e+02],
        [4.5624e+02, 1.8364e+02, 4.8133e+02, 2.2549e+02]], device='cuda:0'))
Inference_retinanet_R_50_FPN_1x.yaml_0020_000480
Time inference:  0.055991348810493946
tensor([2, 2, 2, 2, 2, 7, 2, 2], device='cuda:0')
Boxes(tensor([[  0.0000, 199.9856, 283.7725, 373.6700],
        [337.3166, 190.0896, 454.2312, 260.7111],
        [288.2846, 181.4516, 369.0095, 231.4088],
        [572.8221, 176.2825, 612.0554, 210.7012],
        [  0.0000, 180.7197,  77.0059, 213.0762],
        [481.3740, 160.6619, 540.7488, 215.4867],
        [403.5451, 178.7419, 477.9063, 228.8783],
        [370.4807, 181.6305, 467.2146, 240.1117]], device='cuda:0'))
/home/mcv/datasets/KITTI-MOTS/training/image_02/0020/000540.png
Inference_faster_rcnn_X_101_32x8d_FPN_3x.yaml_0020_000540
Time inference:  0.11729354038834572
tensor([2, 2, 2, 2, 7, 2, 2, 2, 2, 7, 5], device='cuda:0')
Boxes(tensor([[577.2142, 176.1387, 645.3033, 236.7830],
        [372.5568, 180.8084, 482.9965, 260.3206],
        [253.0846, 185.9489, 354.3437, 244.3719],
        [466.3112, 179.3645, 513.9839, 220.6263],
        [  0.0000,  87.9165, 287.4925, 373.7814],
        [504.0262, 179.3249, 529.0242, 209.0767],
        [347.8757, 185.5163, 385.4049, 224.1357],
        [520.7828, 179.4983, 546.0221, 203.6282],
        [321.3107, 183.2524, 360.3505, 205.3057],
        [518.3068, 151.6584, 571.9341, 198.9472],
        [520.1476, 151.6140, 569.5640, 198.8038]], device='cuda:0'))
Inference_retinanet_R_50_FPN_1x.yaml_0020_000540
Time inference:  0.05679397564381361
tensor([2, 2, 2, 2, 7, 2, 2, 7, 2], device='cuda:0')
Boxes(tensor([[254.3364, 185.8835, 351.9069, 243.6761],
        [371.9496, 179.0797, 484.9675, 260.2811],
        [576.2201, 175.4814, 645.6389, 234.8450],
        [465.0097, 180.8812, 515.4558, 221.7281],
        [  4.9832, 107.2152, 287.0605, 372.7380],
        [348.1881, 183.9147, 385.7508, 224.0875],
        [322.3267, 184.3690, 374.9972, 223.0303],
        [519.9544, 150.7392, 570.0043, 199.7056],
        [321.4714, 185.3282, 356.5499, 213.2769]], device='cuda:0'))
/home/mcv/datasets/KITTI-MOTS/training/image_02/0020/000600.png
Inference_faster_rcnn_X_101_32x8d_FPN_3x.yaml_0020_000600
Time inference:  0.11890992429107428
tensor([5, 2, 2, 2, 5, 2, 2], device='cuda:0')
Boxes(tensor([[  0.0000,   0.0000, 421.4900, 371.5008],
        [409.3982, 183.0574, 451.0479, 235.7840],
        [639.4954, 182.8158, 708.1128, 241.7436],
        [435.6789, 184.2900, 476.5852, 222.3634],
        [465.7403, 137.9021, 530.3293, 206.7775],
        [793.0811, 184.4441, 814.0202, 200.7643],
        [717.4200, 185.0812, 747.4821, 206.8997]], device='cuda:0'))
Inference_retinanet_R_50_FPN_1x.yaml_0020_000600
Time inference:  0.05687321815639734
tensor([5, 2, 2, 2, 2, 2, 7, 5], device='cuda:0')
Boxes(tensor([[  0.0000,   0.0000, 421.6566, 369.1703],
        [638.9316, 182.6466, 706.5486, 242.4035],
        [435.4450, 183.9347, 478.0195, 222.0464],
        [410.2042, 183.7175, 449.5247, 236.9031],
        [716.8037, 184.6277, 747.2642, 206.5263],
        [792.1103, 184.1326, 815.4512, 202.0900],
        [467.1747, 138.4713, 532.7046, 205.0615],
        [467.2499, 138.3301, 532.4732, 204.8791]], device='cuda:0'))
/home/mcv/datasets/KITTI-MOTS/training/image_02/0020/000660.png
Inference_faster_rcnn_X_101_32x8d_FPN_3x.yaml_0020_000660
Time inference:  0.11770748253911734
tensor([2, 2, 2], device='cuda:0')
Boxes(tensor([[662.0458, 176.8928, 687.6241, 198.7293],
        [690.2657, 171.6507, 733.9068, 210.1372],
        [636.6893, 176.8083, 661.8145, 193.6384]], device='cuda:0'))
Inference_retinanet_R_50_FPN_1x.yaml_0020_000660
Time inference:  0.05405365489423275
tensor([2, 2, 2], device='cuda:0')
Boxes(tensor([[690.3241, 172.0024, 733.3006, 209.7347],
        [661.8234, 176.1564, 687.7515, 197.9726],
        [635.5499, 177.4176, 661.6409, 194.4659]], device='cuda:0'))
/home/mcv/datasets/KITTI-MOTS/training/image_02/0020/000720.png
Inference_faster_rcnn_X_101_32x8d_FPN_3x.yaml_0020_000720
Time inference:  0.13489514123648405
tensor([ 2,  2,  2,  0,  9, 10], device='cuda:0')
Boxes(tensor([[499.5483, 166.2211, 548.7460, 199.7567],
        [423.8527, 170.2249, 459.3973, 196.1498],
        [400.9339, 164.5536, 425.2824, 186.4008],
        [ 97.6086, 175.9589, 107.0962, 200.3323],
        [409.0824, 121.4005, 413.8513, 130.6982],
        [648.6605, 182.0195, 657.3866, 208.9173]], device='cuda:0'))
Inference_retinanet_R_50_FPN_1x.yaml_0020_000720
Time inference:  0.05757882073521614
tensor([2, 2], device='cuda:0')
Boxes(tensor([[499.3893, 165.7399, 549.1053, 200.6516],
        [422.1191, 169.6280, 459.1645, 195.9084]], device='cuda:0'))
/home/mcv/datasets/KITTI-MOTS/training/image_02/0020/000780.png
Inference_faster_rcnn_X_101_32x8d_FPN_3x.yaml_0020_000780
Time inference:  0.12213574536144733
tensor([2, 9, 2, 2, 2, 2, 9, 2, 2, 9, 9, 2], device='cuda:0')
Boxes(tensor([[565.5671, 186.6102, 698.5786, 312.5834],
        [649.6733,  95.9234, 657.6027, 114.1294],
        [315.0925, 165.6139, 364.9839, 187.7107],
        [676.6763, 162.6355, 712.6058, 185.3291],
        [288.6761, 170.8829, 310.0490, 181.0768],
        [564.2092, 173.7585, 636.0405, 221.6396],
        [684.3945, 111.2485, 691.1394, 125.3274],
        [746.3254, 154.3189, 766.5674, 164.2440],
        [582.1772, 171.5722, 642.5673, 191.7758],
        [562.1073, 137.9629, 567.2849, 152.7777],
        [737.9015, 136.3426, 745.4998, 152.1066],
        [718.7446, 152.2767, 738.7207, 163.5031]], device='cuda:0'))
Inference_retinanet_R_50_FPN_1x.yaml_0020_000780
Time inference:  0.056538891047239304
tensor([2, 2, 2], device='cuda:0')
Boxes(tensor([[565.0902, 188.7738, 698.5778, 311.5359],
        [565.6391, 171.7299, 638.4769, 214.9304],
        [677.1339, 162.4423, 716.1840, 184.6783]], device='cuda:0'))
