COCO-InstanceSegmentation/mask_rcnn_R_101_C4_3x.yaml
0020_000261
Time inference:  0.27808727882802486
0019_000395
Time inference:  0.24753013905137777
0014_000040
Time inference:  0.23624094668775797
0020_000167
Time inference:  0.23942024819552898
0019_000299
Time inference:  0.23863357119262218
0019_000574
Time inference:  0.24122516065835953
0018_000281
Time inference:  0.235059997998178
0019_000371
Time inference:  0.23948689457029104
0020_000644
Time inference:  0.23735093232244253
0019_000370
Time inference:  0.23871640115976334
COCO-InstanceSegmentation/mask_rcnn_R_101_DC5_3x.yaml
0020_000261
Time inference:  0.13626102171838284
0019_000395
Time inference:  0.1269661607220769
0014_000040
Time inference:  0.12018130905926228
0020_000167
Time inference:  0.12785383872687817
0019_000299
Time inference:  0.12795628234744072
0019_000574
Time inference:  0.12716371193528175
0018_000281
Time inference:  0.12445839587599039
0019_000371
Time inference:  0.12608486134558916
0020_000644
Time inference:  0.12623854260891676
0019_000370
Time inference:  0.12770986929535866
COCO-InstanceSegmentation/mask_rcnn_R_101_FPN_3x.yaml
0020_000261
Time inference:  0.07359333336353302
0019_000395
Time inference:  0.07186648342758417
0014_000040
Time inference:  0.07221875712275505
0020_000167
Time inference:  0.07320176623761654
0019_000299
Time inference:  0.07301170658320189
0019_000574
Time inference:  0.07538954634219408
0018_000281
Time inference:  0.07245533168315887
0019_000371
Time inference:  0.07605818752199411
0020_000644
Time inference:  0.07307372149080038
0019_000370
Time inference:  0.0741807147860527
COCO-InstanceSegmentation/mask_rcnn_R_50_C4_1x.yaml
0020_000261
Time inference:  0.22282830905169249
0019_000395
Time inference:  0.22420316468924284
0014_000040
Time inference:  0.22087059635668993
0020_000167
Time inference:  0.22450342867523432
0019_000299
Time inference:  0.22635132260620594
0019_000574
Time inference:  0.22482007276266813
0018_000281
Time inference:  0.22438666969537735
0019_000371
Time inference:  0.22716783173382282
0020_000644
Time inference:  0.2244803523644805
0019_000370
Time inference:  0.22687470819801092
COCO-InstanceSegmentation/mask_rcnn_R_50_C4_3x.yaml
0020_000261
Time inference:  0.2250373000279069
0019_000395
Time inference:  0.22839726973325014
0014_000040
Time inference:  0.2248112028464675
0020_000167
Time inference:  0.22498418111354113
0019_000299
Time inference:  0.22779061272740364
0019_000574
Time inference:  0.22627633437514305
0018_000281
Time inference:  0.22434862703084946
0019_000371
Time inference:  0.22827799431979656
0020_000644
Time inference:  0.2246816661208868
0019_000370
Time inference:  0.22624052688479424
COCO-InstanceSegmentation/mask_rcnn_R_50_DC5_1x.yaml
0020_000261
Time inference:  0.11729365214705467
0019_000395
Time inference:  0.11415388993918896
0014_000040
Time inference:  0.11309423856437206
0020_000167
Time inference:  0.1161172678694129
0019_000299
Time inference:  0.11686341650784016
0019_000574
Time inference:  0.11781491618603468
0018_000281
Time inference:  0.11564518976956606
0019_000371
Time inference:  0.11456011142581701
0020_000644
Time inference:  0.11393600981682539
0019_000370
Time inference:  0.1142744030803442
COCO-InstanceSegmentation/mask_rcnn_R_50_DC5_3x.yaml
0020_000261
Time inference:  0.11697104759514332
0019_000395
Time inference:  0.11452172789722681
0014_000040
Time inference:  0.10899746604263783
0020_000167
Time inference:  0.11642072629183531
0019_000299
Time inference:  0.11522503476589918
0019_000574
Time inference:  0.11339174676686525
0018_000281
Time inference:  0.11341543775051832
0019_000371
Time inference:  0.11527069192379713
0020_000644
Time inference:  0.11518196947872639
0019_000370
Time inference:  0.11515484936535358
COCO-InstanceSegmentation/mask_rcnn_R_50_FPN_1x.yaml
0020_000261
Time inference:  0.05870303325355053
0019_000395
Time inference:  0.05954402592033148
0014_000040
Time inference:  0.05896602012217045
0020_000167
Time inference:  0.05995068419724703
0019_000299
Time inference:  0.05966867599636316
0019_000574
Time inference:  0.06265932787209749
0018_000281
Time inference:  0.05859238747507334
0019_000371
Time inference:  0.06047002878040075
0020_000644
Time inference:  0.05974793527275324
0019_000370
Time inference:  0.060140120796859264
COCO-InstanceSegmentation/mask_rcnn_R_50_FPN_3x.yaml
0020_000261
Time inference:  0.06027856096625328
0019_000395
Time inference:  0.05980914831161499
0014_000040
Time inference:  0.06183959264308214
0020_000167
Time inference:  0.0605596462264657
0019_000299
Time inference:  0.06078480742871761
0019_000574
Time inference:  0.06417397037148476
0018_000281
Time inference:  0.059071676805615425
0019_000371
Time inference:  0.06336002331227064
0020_000644
Time inference:  0.05991114117205143
0019_000370
Time inference:  0.06507701333612204
COCO-InstanceSegmentation/mask_rcnn_X_101_32x8d_FPN_3x.yaml
0020_000261
Time inference:  0.12103605177253485
0019_000395
Time inference:  0.1159393209964037
0014_000040
Time inference:  0.11711065098643303
0020_000167
Time inference:  0.11794501729309559
0019_000299
Time inference:  0.11951994430273771
0019_000574
Time inference:  0.11877553258091211
0018_000281
Time inference:  0.11678466945886612
0019_000371
Time inference:  0.11764302011579275
0020_000644
Time inference:  0.11908846348524094
0019_000370
Time inference:  0.11832364369183779
Cityscapes/mask_rcnn_R_50_FPN.yaml
0020_000261
Time inference:  0.1007322445511818
0019_000395
Time inference:  0.10342451464384794
0014_000040
Time inference:  0.10370049439370632
0020_000167
Time inference:  0.10588020645081997
0019_000299
Time inference:  0.10297456849366426
0019_000574
Time inference:  0.10682042594999075
0018_000281
Time inference:  0.10636174492537975
0019_000371
Time inference:  0.1072941804304719
0020_000644
Time inference:  0.10317985527217388
0019_000370
Time inference:  0.1044795773923397
