COCO-Detection/faster_rcnn_X_101_32x8d_FPN_3x.yaml
Loading and preparing results...
DONE (t=0.20s)
creating index...
index created!
Running per image evaluation...
Evaluate annotation type *bbox*
COCOeval_opt.evaluate() finished in 5.53 seconds.
Accumulating evaluation results...
COCOeval_opt.accumulate() finished in 0.85 seconds.
 Average Precision  (AP) @[ IoU=0.50:0.95 | area=   all | maxDets=100 ] = 0.583
 Average Precision  (AP) @[ IoU=0.50      | area=   all | maxDets=100 ] = 0.807
 Average Precision  (AP) @[ IoU=0.75      | area=   all | maxDets=100 ] = 0.660
 Average Precision  (AP) @[ IoU=0.50:0.95 | area= small | maxDets=100 ] = 0.293
 Average Precision  (AP) @[ IoU=0.50:0.95 | area=medium | maxDets=100 ] = 0.590
 Average Precision  (AP) @[ IoU=0.50:0.95 | area= large | maxDets=100 ] = 0.791
 Average Recall     (AR) @[ IoU=0.50:0.95 | area=   all | maxDets=  1 ] = 0.174
 Average Recall     (AR) @[ IoU=0.50:0.95 | area=   all | maxDets= 10 ] = 0.661
 Average Recall     (AR) @[ IoU=0.50:0.95 | area=   all | maxDets=100 ] = 0.675
 Average Recall     (AR) @[ IoU=0.50:0.95 | area= small | maxDets=100 ] = 0.471
 Average Recall     (AR) @[ IoU=0.50:0.95 | area=medium | maxDets=100 ] = 0.687
 Average Recall     (AR) @[ IoU=0.50:0.95 | area= large | maxDets=100 ] = 0.861
OrderedDict([('bbox', {'AP': 58.283107574754666, 'AP50': 80.70747154855022, 'AP75': 66.0374153877292, 'APs': 29.28811073042743, 'APm': 59.016033507295184, 'APl': 79.08226139013492, 'AP-person': 50.57441922922035, 'AP-bicycle': nan, 'AP-car': 65.991795920289, 'AP-motorcycle': nan, 'AP-airplane': nan, 'AP-bus': nan, 'AP-train': nan, 'AP-truck': nan, 'AP-boat': nan, 'AP-traffic light': nan, 'AP-fire hydrant': nan, 'AP-stop sign': nan, 'AP-parking meter': nan, 'AP-bench': nan, 'AP-bird': nan, 'AP-cat': nan, 'AP-dog': nan, 'AP-horse': nan, 'AP-sheep': nan, 'AP-cow': nan, 'AP-elephant': nan, 'AP-bear': nan, 'AP-zebra': nan, 'AP-giraffe': nan, 'AP-backpack': nan, 'AP-umbrella': nan, 'AP-handbag': nan, 'AP-tie': nan, 'AP-suitcase': nan, 'AP-frisbee': nan, 'AP-skis': nan, 'AP-snowboard': nan, 'AP-sports ball': nan, 'AP-kite': nan, 'AP-baseball bat': nan, 'AP-baseball glove': nan, 'AP-skateboard': nan, 'AP-surfboard': nan, 'AP-tennis racket': nan, 'AP-bottle': nan, 'AP-wine glass': nan, 'AP-cup': nan, 'AP-fork': nan, 'AP-knife': nan, 'AP-spoon': nan, 'AP-bowl': nan, 'AP-banana': nan, 'AP-apple': nan, 'AP-sandwich': nan, 'AP-orange': nan, 'AP-broccoli': nan, 'AP-carrot': nan, 'AP-hot dog': nan, 'AP-pizza': nan, 'AP-donut': nan, 'AP-cake': nan, 'AP-chair': nan, 'AP-couch': nan, 'AP-potted plant': nan, 'AP-bed': nan, 'AP-dining table': nan, 'AP-toilet': nan, 'AP-tv': nan, 'AP-laptop': nan, 'AP-mouse': nan, 'AP-remote': nan, 'AP-keyboard': nan, 'AP-cell phone': nan, 'AP-microwave': nan, 'AP-oven': nan, 'AP-toaster': nan, 'AP-sink': nan, 'AP-refrigerator': nan, 'AP-book': nan, 'AP-clock': nan, 'AP-vase': nan, 'AP-scissors': nan, 'AP-teddy bear': nan, 'AP-hair drier': nan, 'AP-toothbrush': nan})])
Finish COCO-Detection/faster_rcnn_X_101_32x8d_FPN_3x.yaml
COCO-Detection/retinanet_R_50_FPN_1x.yaml
Loading and preparing results...
DONE (t=0.04s)
creating index...
index created!
Running per image evaluation...
Evaluate annotation type *bbox*
COCOeval_opt.evaluate() finished in 4.17 seconds.
Accumulating evaluation results...
COCOeval_opt.accumulate() finished in 0.67 seconds.
 Average Precision  (AP) @[ IoU=0.50:0.95 | area=   all | maxDets=100 ] = 0.524
 Average Precision  (AP) @[ IoU=0.50      | area=   all | maxDets=100 ] = 0.724
 Average Precision  (AP) @[ IoU=0.75      | area=   all | maxDets=100 ] = 0.591
 Average Precision  (AP) @[ IoU=0.50:0.95 | area= small | maxDets=100 ] = 0.194
 Average Precision  (AP) @[ IoU=0.50:0.95 | area=medium | maxDets=100 ] = 0.550
 Average Precision  (AP) @[ IoU=0.50:0.95 | area= large | maxDets=100 ] = 0.779
 Average Recall     (AR) @[ IoU=0.50:0.95 | area=   all | maxDets=  1 ] = 0.174
 Average Recall     (AR) @[ IoU=0.50:0.95 | area=   all | maxDets= 10 ] = 0.581
 Average Recall     (AR) @[ IoU=0.50:0.95 | area=   all | maxDets=100 ] = 0.584
 Average Recall     (AR) @[ IoU=0.50:0.95 | area= small | maxDets=100 ] = 0.260
 Average Recall     (AR) @[ IoU=0.50:0.95 | area=medium | maxDets=100 ] = 0.621
 Average Recall     (AR) @[ IoU=0.50:0.95 | area= large | maxDets=100 ] = 0.837
OrderedDict([('bbox', {'AP': 52.3592550648904, 'AP50': 72.41424453019133, 'AP75': 59.09677121078101, 'APs': 19.3504030969813, 'APm': 54.98986846044942, 'APl': 77.88448231358277, 'AP-person': 45.44121972515484, 'AP-bicycle': nan, 'AP-car': 59.27729040462594, 'AP-motorcycle': nan, 'AP-airplane': nan, 'AP-bus': nan, 'AP-train': nan, 'AP-truck': nan, 'AP-boat': nan, 'AP-traffic light': nan, 'AP-fire hydrant': nan, 'AP-stop sign': nan, 'AP-parking meter': nan, 'AP-bench': nan, 'AP-bird': nan, 'AP-cat': nan, 'AP-dog': nan, 'AP-horse': nan, 'AP-sheep': nan, 'AP-cow': nan, 'AP-elephant': nan, 'AP-bear': nan, 'AP-zebra': nan, 'AP-giraffe': nan, 'AP-backpack': nan, 'AP-umbrella': nan, 'AP-handbag': nan, 'AP-tie': nan, 'AP-suitcase': nan, 'AP-frisbee': nan, 'AP-skis': nan, 'AP-snowboard': nan, 'AP-sports ball': nan, 'AP-kite': nan, 'AP-baseball bat': nan, 'AP-baseball glove': nan, 'AP-skateboard': nan, 'AP-surfboard': nan, 'AP-tennis racket': nan, 'AP-bottle': nan, 'AP-wine glass': nan, 'AP-cup': nan, 'AP-fork': nan, 'AP-knife': nan, 'AP-spoon': nan, 'AP-bowl': nan, 'AP-banana': nan, 'AP-apple': nan, 'AP-sandwich': nan, 'AP-orange': nan, 'AP-broccoli': nan, 'AP-carrot': nan, 'AP-hot dog': nan, 'AP-pizza': nan, 'AP-donut': nan, 'AP-cake': nan, 'AP-chair': nan, 'AP-couch': nan, 'AP-potted plant': nan, 'AP-bed': nan, 'AP-dining table': nan, 'AP-toilet': nan, 'AP-tv': nan, 'AP-laptop': nan, 'AP-mouse': nan, 'AP-remote': nan, 'AP-keyboard': nan, 'AP-cell phone': nan, 'AP-microwave': nan, 'AP-oven': nan, 'AP-toaster': nan, 'AP-sink': nan, 'AP-refrigerator': nan, 'AP-book': nan, 'AP-clock': nan, 'AP-vase': nan, 'AP-scissors': nan, 'AP-teddy bear': nan, 'AP-hair drier': nan, 'AP-toothbrush': nan})])
Finish COCO-Detection/retinanet_R_50_FPN_1x.yaml
