COCO-InstanceSegmentation/mask_rcnn_R_101_C4_3x.yaml
Loading and preparing results...
DONE (t=0.06s)
creating index...
index created!
Running per image evaluation...
Evaluate annotation type *bbox*
COCOeval_opt.evaluate() finished in 4.99 seconds.
Accumulating evaluation results...
COCOeval_opt.accumulate() finished in 0.71 seconds.
 Average Precision  (AP) @[ IoU=0.50:0.95 | area=   all | maxDets=100 ] = 0.567
 Average Precision  (AP) @[ IoU=0.50      | area=   all | maxDets=100 ] = 0.812
 Average Precision  (AP) @[ IoU=0.75      | area=   all | maxDets=100 ] = 0.633
 Average Precision  (AP) @[ IoU=0.50:0.95 | area= small | maxDets=100 ] = 0.315
 Average Precision  (AP) @[ IoU=0.50:0.95 | area=medium | maxDets=100 ] = 0.685
 Average Precision  (AP) @[ IoU=0.50:0.95 | area= large | maxDets=100 ] = 0.773
 Average Recall     (AR) @[ IoU=0.50:0.95 | area=   all | maxDets=  1 ] = 0.173
 Average Recall     (AR) @[ IoU=0.50:0.95 | area=   all | maxDets= 10 ] = 0.635
 Average Recall     (AR) @[ IoU=0.50:0.95 | area=   all | maxDets=100 ] = 0.651
 Average Recall     (AR) @[ IoU=0.50:0.95 | area= small | maxDets=100 ] = 0.437
 Average Recall     (AR) @[ IoU=0.50:0.95 | area=medium | maxDets=100 ] = 0.757
 Average Recall     (AR) @[ IoU=0.50:0.95 | area= large | maxDets=100 ] = 0.902
Loading and preparing results...
DONE (t=0.67s)
creating index...
index created!
Running per image evaluation...
Evaluate annotation type *segm*
COCOeval_opt.evaluate() finished in 5.66 seconds.
Accumulating evaluation results...
COCOeval_opt.accumulate() finished in 1.08 seconds.
 Average Precision  (AP) @[ IoU=0.50:0.95 | area=   all | maxDets=100 ] = 0.499
 Average Precision  (AP) @[ IoU=0.50      | area=   all | maxDets=100 ] = 0.796
 Average Precision  (AP) @[ IoU=0.75      | area=   all | maxDets=100 ] = 0.532
 Average Precision  (AP) @[ IoU=0.50:0.95 | area= small | maxDets=100 ] = 0.236
 Average Precision  (AP) @[ IoU=0.50:0.95 | area=medium | maxDets=100 ] = 0.602
 Average Precision  (AP) @[ IoU=0.50:0.95 | area= large | maxDets=100 ] = 0.761
 Average Recall     (AR) @[ IoU=0.50:0.95 | area=   all | maxDets=  1 ] = 0.155
 Average Recall     (AR) @[ IoU=0.50:0.95 | area=   all | maxDets= 10 ] = 0.561
 Average Recall     (AR) @[ IoU=0.50:0.95 | area=   all | maxDets=100 ] = 0.573
 Average Recall     (AR) @[ IoU=0.50:0.95 | area= small | maxDets=100 ] = 0.370
 Average Recall     (AR) @[ IoU=0.50:0.95 | area=medium | maxDets=100 ] = 0.668
 Average Recall     (AR) @[ IoU=0.50:0.95 | area= large | maxDets=100 ] = 0.831
OrderedDict([('bbox', {'AP': 56.7434832291434, 'AP50': 81.18128478194176, 'AP75': 63.264549270023686, 'APs': 31.52737380918613, 'APm': 68.53952648877308, 'APl': 77.28222357397573, 'AP-person': 50.8507846808884, 'AP-bicycle': nan, 'AP-car': 62.63618177739839, 'AP-motorcycle': nan, 'AP-airplane': nan, 'AP-bus': nan, 'AP-train': nan, 'AP-truck': nan, 'AP-boat': nan, 'AP-traffic light': nan, 'AP-fire hydrant': nan, 'AP-stop sign': nan, 'AP-parking meter': nan, 'AP-bench': nan, 'AP-bird': nan, 'AP-cat': nan, 'AP-dog': nan, 'AP-horse': nan, 'AP-sheep': nan, 'AP-cow': nan, 'AP-elephant': nan, 'AP-bear': nan, 'AP-zebra': nan, 'AP-giraffe': nan, 'AP-backpack': nan, 'AP-umbrella': nan, 'AP-handbag': nan, 'AP-tie': nan, 'AP-suitcase': nan, 'AP-frisbee': nan, 'AP-skis': nan, 'AP-snowboard': nan, 'AP-sports ball': nan, 'AP-kite': nan, 'AP-baseball bat': nan, 'AP-baseball glove': nan, 'AP-skateboard': nan, 'AP-surfboard': nan, 'AP-tennis racket': nan, 'AP-bottle': nan, 'AP-wine glass': nan, 'AP-cup': nan, 'AP-fork': nan, 'AP-knife': nan, 'AP-spoon': nan, 'AP-bowl': nan, 'AP-banana': nan, 'AP-apple': nan, 'AP-sandwich': nan, 'AP-orange': nan, 'AP-broccoli': nan, 'AP-carrot': nan, 'AP-hot dog': nan, 'AP-pizza': nan, 'AP-donut': nan, 'AP-cake': nan, 'AP-chair': nan, 'AP-couch': nan, 'AP-potted plant': nan, 'AP-bed': nan, 'AP-dining table': nan, 'AP-toilet': nan, 'AP-tv': nan, 'AP-laptop': nan, 'AP-mouse': nan, 'AP-remote': nan, 'AP-keyboard': nan, 'AP-cell phone': nan, 'AP-microwave': nan, 'AP-oven': nan, 'AP-toaster': nan, 'AP-sink': nan, 'AP-refrigerator': nan, 'AP-book': nan, 'AP-clock': nan, 'AP-vase': nan, 'AP-scissors': nan, 'AP-teddy bear': nan, 'AP-hair drier': nan, 'AP-toothbrush': nan}), ('segm', {'AP': 49.92784178384707, 'AP50': 79.62521302822248, 'AP75': 53.19041034885178, 'APs': 23.593885656649142, 'APm': 60.16707246923369, 'APl': 76.05836150237818, 'AP-person': 38.432613507748954, 'AP-bicycle': nan, 'AP-car': 61.423070059945196, 'AP-motorcycle': nan, 'AP-airplane': nan, 'AP-bus': nan, 'AP-train': nan, 'AP-truck': nan, 'AP-boat': nan, 'AP-traffic light': nan, 'AP-fire hydrant': nan, 'AP-stop sign': nan, 'AP-parking meter': nan, 'AP-bench': nan, 'AP-bird': nan, 'AP-cat': nan, 'AP-dog': nan, 'AP-horse': nan, 'AP-sheep': nan, 'AP-cow': nan, 'AP-elephant': nan, 'AP-bear': nan, 'AP-zebra': nan, 'AP-giraffe': nan, 'AP-backpack': nan, 'AP-umbrella': nan, 'AP-handbag': nan, 'AP-tie': nan, 'AP-suitcase': nan, 'AP-frisbee': nan, 'AP-skis': nan, 'AP-snowboard': nan, 'AP-sports ball': nan, 'AP-kite': nan, 'AP-baseball bat': nan, 'AP-baseball glove': nan, 'AP-skateboard': nan, 'AP-surfboard': nan, 'AP-tennis racket': nan, 'AP-bottle': nan, 'AP-wine glass': nan, 'AP-cup': nan, 'AP-fork': nan, 'AP-knife': nan, 'AP-spoon': nan, 'AP-bowl': nan, 'AP-banana': nan, 'AP-apple': nan, 'AP-sandwich': nan, 'AP-orange': nan, 'AP-broccoli': nan, 'AP-carrot': nan, 'AP-hot dog': nan, 'AP-pizza': nan, 'AP-donut': nan, 'AP-cake': nan, 'AP-chair': nan, 'AP-couch': nan, 'AP-potted plant': nan, 'AP-bed': nan, 'AP-dining table': nan, 'AP-toilet': nan, 'AP-tv': nan, 'AP-laptop': nan, 'AP-mouse': nan, 'AP-remote': nan, 'AP-keyboard': nan, 'AP-cell phone': nan, 'AP-microwave': nan, 'AP-oven': nan, 'AP-toaster': nan, 'AP-sink': nan, 'AP-refrigerator': nan, 'AP-book': nan, 'AP-clock': nan, 'AP-vase': nan, 'AP-scissors': nan, 'AP-teddy bear': nan, 'AP-hair drier': nan, 'AP-toothbrush': nan})])
COCO-InstanceSegmentation/mask_rcnn_R_101_DC5_3x.yaml
Loading and preparing results...
DONE (t=0.06s)
creating index...
index created!
Running per image evaluation...
Evaluate annotation type *bbox*
COCOeval_opt.evaluate() finished in 4.59 seconds.
Accumulating evaluation results...
COCOeval_opt.accumulate() finished in 0.71 seconds.
 Average Precision  (AP) @[ IoU=0.50:0.95 | area=   all | maxDets=100 ] = 0.563
 Average Precision  (AP) @[ IoU=0.50      | area=   all | maxDets=100 ] = 0.812
 Average Precision  (AP) @[ IoU=0.75      | area=   all | maxDets=100 ] = 0.629
 Average Precision  (AP) @[ IoU=0.50:0.95 | area= small | maxDets=100 ] = 0.329
 Average Precision  (AP) @[ IoU=0.50:0.95 | area=medium | maxDets=100 ] = 0.676
 Average Precision  (AP) @[ IoU=0.50:0.95 | area= large | maxDets=100 ] = 0.734
 Average Recall     (AR) @[ IoU=0.50:0.95 | area=   all | maxDets=  1 ] = 0.172
 Average Recall     (AR) @[ IoU=0.50:0.95 | area=   all | maxDets= 10 ] = 0.633
 Average Recall     (AR) @[ IoU=0.50:0.95 | area=   all | maxDets=100 ] = 0.650
 Average Recall     (AR) @[ IoU=0.50:0.95 | area= small | maxDets=100 ] = 0.446
 Average Recall     (AR) @[ IoU=0.50:0.95 | area=medium | maxDets=100 ] = 0.748
 Average Recall     (AR) @[ IoU=0.50:0.95 | area= large | maxDets=100 ] = 0.893
Loading and preparing results...
DONE (t=0.67s)
creating index...
index created!
Running per image evaluation...
Evaluate annotation type *segm*
COCOeval_opt.evaluate() finished in 5.40 seconds.
Accumulating evaluation results...
COCOeval_opt.accumulate() finished in 0.72 seconds.
 Average Precision  (AP) @[ IoU=0.50:0.95 | area=   all | maxDets=100 ] = 0.504
 Average Precision  (AP) @[ IoU=0.50      | area=   all | maxDets=100 ] = 0.791
 Average Precision  (AP) @[ IoU=0.75      | area=   all | maxDets=100 ] = 0.537
 Average Precision  (AP) @[ IoU=0.50:0.95 | area= small | maxDets=100 ] = 0.238
 Average Precision  (AP) @[ IoU=0.50:0.95 | area=medium | maxDets=100 ] = 0.603
 Average Precision  (AP) @[ IoU=0.50:0.95 | area= large | maxDets=100 ] = 0.765
 Average Recall     (AR) @[ IoU=0.50:0.95 | area=   all | maxDets=  1 ] = 0.157
 Average Recall     (AR) @[ IoU=0.50:0.95 | area=   all | maxDets= 10 ] = 0.568
 Average Recall     (AR) @[ IoU=0.50:0.95 | area=   all | maxDets=100 ] = 0.580
 Average Recall     (AR) @[ IoU=0.50:0.95 | area= small | maxDets=100 ] = 0.373
 Average Recall     (AR) @[ IoU=0.50:0.95 | area=medium | maxDets=100 ] = 0.676
 Average Recall     (AR) @[ IoU=0.50:0.95 | area= large | maxDets=100 ] = 0.851
OrderedDict([('bbox', {'AP': 56.28339167429974, 'AP50': 81.22964604696197, 'AP75': 62.890060805198786, 'APs': 32.90824433647864, 'APm': 67.55394654231833, 'APl': 73.36939924331372, 'AP-person': 49.33359827283646, 'AP-bicycle': nan, 'AP-car': 63.233185075763046, 'AP-motorcycle': nan, 'AP-airplane': nan, 'AP-bus': nan, 'AP-train': nan, 'AP-truck': nan, 'AP-boat': nan, 'AP-traffic light': nan, 'AP-fire hydrant': nan, 'AP-stop sign': nan, 'AP-parking meter': nan, 'AP-bench': nan, 'AP-bird': nan, 'AP-cat': nan, 'AP-dog': nan, 'AP-horse': nan, 'AP-sheep': nan, 'AP-cow': nan, 'AP-elephant': nan, 'AP-bear': nan, 'AP-zebra': nan, 'AP-giraffe': nan, 'AP-backpack': nan, 'AP-umbrella': nan, 'AP-handbag': nan, 'AP-tie': nan, 'AP-suitcase': nan, 'AP-frisbee': nan, 'AP-skis': nan, 'AP-snowboard': nan, 'AP-sports ball': nan, 'AP-kite': nan, 'AP-baseball bat': nan, 'AP-baseball glove': nan, 'AP-skateboard': nan, 'AP-surfboard': nan, 'AP-tennis racket': nan, 'AP-bottle': nan, 'AP-wine glass': nan, 'AP-cup': nan, 'AP-fork': nan, 'AP-knife': nan, 'AP-spoon': nan, 'AP-bowl': nan, 'AP-banana': nan, 'AP-apple': nan, 'AP-sandwich': nan, 'AP-orange': nan, 'AP-broccoli': nan, 'AP-carrot': nan, 'AP-hot dog': nan, 'AP-pizza': nan, 'AP-donut': nan, 'AP-cake': nan, 'AP-chair': nan, 'AP-couch': nan, 'AP-potted plant': nan, 'AP-bed': nan, 'AP-dining table': nan, 'AP-toilet': nan, 'AP-tv': nan, 'AP-laptop': nan, 'AP-mouse': nan, 'AP-remote': nan, 'AP-keyboard': nan, 'AP-cell phone': nan, 'AP-microwave': nan, 'AP-oven': nan, 'AP-toaster': nan, 'AP-sink': nan, 'AP-refrigerator': nan, 'AP-book': nan, 'AP-clock': nan, 'AP-vase': nan, 'AP-scissors': nan, 'AP-teddy bear': nan, 'AP-hair drier': nan, 'AP-toothbrush': nan}), ('segm', {'AP': 50.36093791908325, 'AP50': 79.11678805129972, 'AP75': 53.70802063688037, 'APs': 23.808219095533698, 'APm': 60.328011073558784, 'APl': 76.46436086113474, 'AP-person': 38.54502703584559, 'AP-bicycle': nan, 'AP-car': 62.17684880232092, 'AP-motorcycle': nan, 'AP-airplane': nan, 'AP-bus': nan, 'AP-train': nan, 'AP-truck': nan, 'AP-boat': nan, 'AP-traffic light': nan, 'AP-fire hydrant': nan, 'AP-stop sign': nan, 'AP-parking meter': nan, 'AP-bench': nan, 'AP-bird': nan, 'AP-cat': nan, 'AP-dog': nan, 'AP-horse': nan, 'AP-sheep': nan, 'AP-cow': nan, 'AP-elephant': nan, 'AP-bear': nan, 'AP-zebra': nan, 'AP-giraffe': nan, 'AP-backpack': nan, 'AP-umbrella': nan, 'AP-handbag': nan, 'AP-tie': nan, 'AP-suitcase': nan, 'AP-frisbee': nan, 'AP-skis': nan, 'AP-snowboard': nan, 'AP-sports ball': nan, 'AP-kite': nan, 'AP-baseball bat': nan, 'AP-baseball glove': nan, 'AP-skateboard': nan, 'AP-surfboard': nan, 'AP-tennis racket': nan, 'AP-bottle': nan, 'AP-wine glass': nan, 'AP-cup': nan, 'AP-fork': nan, 'AP-knife': nan, 'AP-spoon': nan, 'AP-bowl': nan, 'AP-banana': nan, 'AP-apple': nan, 'AP-sandwich': nan, 'AP-orange': nan, 'AP-broccoli': nan, 'AP-carrot': nan, 'AP-hot dog': nan, 'AP-pizza': nan, 'AP-donut': nan, 'AP-cake': nan, 'AP-chair': nan, 'AP-couch': nan, 'AP-potted plant': nan, 'AP-bed': nan, 'AP-dining table': nan, 'AP-toilet': nan, 'AP-tv': nan, 'AP-laptop': nan, 'AP-mouse': nan, 'AP-remote': nan, 'AP-keyboard': nan, 'AP-cell phone': nan, 'AP-microwave': nan, 'AP-oven': nan, 'AP-toaster': nan, 'AP-sink': nan, 'AP-refrigerator': nan, 'AP-book': nan, 'AP-clock': nan, 'AP-vase': nan, 'AP-scissors': nan, 'AP-teddy bear': nan, 'AP-hair drier': nan, 'AP-toothbrush': nan})])
COCO-InstanceSegmentation/mask_rcnn_R_101_FPN_3x.yaml
Loading and preparing results...
DONE (t=0.05s)
creating index...
index created!
Running per image evaluation...
Evaluate annotation type *bbox*
COCOeval_opt.evaluate() finished in 4.32 seconds.
Accumulating evaluation results...
COCOeval_opt.accumulate() finished in 0.66 seconds.
 Average Precision  (AP) @[ IoU=0.50:0.95 | area=   all | maxDets=100 ] = 0.574
 Average Precision  (AP) @[ IoU=0.50      | area=   all | maxDets=100 ] = 0.805
 Average Precision  (AP) @[ IoU=0.75      | area=   all | maxDets=100 ] = 0.652
 Average Precision  (AP) @[ IoU=0.50:0.95 | area= small | maxDets=100 ] = 0.351
 Average Precision  (AP) @[ IoU=0.50:0.95 | area=medium | maxDets=100 ] = 0.677
 Average Precision  (AP) @[ IoU=0.50:0.95 | area= large | maxDets=100 ] = 0.727
 Average Recall     (AR) @[ IoU=0.50:0.95 | area=   all | maxDets=  1 ] = 0.171
 Average Recall     (AR) @[ IoU=0.50:0.95 | area=   all | maxDets= 10 ] = 0.653
 Average Recall     (AR) @[ IoU=0.50:0.95 | area=   all | maxDets=100 ] = 0.667
 Average Recall     (AR) @[ IoU=0.50:0.95 | area= small | maxDets=100 ] = 0.475
 Average Recall     (AR) @[ IoU=0.50:0.95 | area=medium | maxDets=100 ] = 0.759
 Average Recall     (AR) @[ IoU=0.50:0.95 | area= large | maxDets=100 ] = 0.902
Loading and preparing results...
DONE (t=0.51s)
creating index...
index created!
Running per image evaluation...
Evaluate annotation type *segm*
COCOeval_opt.evaluate() finished in 5.01 seconds.
Accumulating evaluation results...
COCOeval_opt.accumulate() finished in 0.80 seconds.
 Average Precision  (AP) @[ IoU=0.50:0.95 | area=   all | maxDets=100 ] = 0.527
 Average Precision  (AP) @[ IoU=0.50      | area=   all | maxDets=100 ] = 0.794
 Average Precision  (AP) @[ IoU=0.75      | area=   all | maxDets=100 ] = 0.591
 Average Precision  (AP) @[ IoU=0.50:0.95 | area= small | maxDets=100 ] = 0.278
 Average Precision  (AP) @[ IoU=0.50:0.95 | area=medium | maxDets=100 ] = 0.620
 Average Precision  (AP) @[ IoU=0.50:0.95 | area= large | maxDets=100 ] = 0.769
 Average Recall     (AR) @[ IoU=0.50:0.95 | area=   all | maxDets=  1 ] = 0.158
 Average Recall     (AR) @[ IoU=0.50:0.95 | area=   all | maxDets= 10 ] = 0.602
 Average Recall     (AR) @[ IoU=0.50:0.95 | area=   all | maxDets=100 ] = 0.612
 Average Recall     (AR) @[ IoU=0.50:0.95 | area= small | maxDets=100 ] = 0.421
 Average Recall     (AR) @[ IoU=0.50:0.95 | area=medium | maxDets=100 ] = 0.700
 Average Recall     (AR) @[ IoU=0.50:0.95 | area= large | maxDets=100 ] = 0.859
OrderedDict([('bbox', {'AP': 57.37306952119366, 'AP50': 80.47129385495967, 'AP75': 65.21988861023475, 'APs': 35.14714872474195, 'APm': 67.74353491125248, 'APl': 72.73114082948813, 'AP-person': 49.53979965136406, 'AP-bicycle': nan, 'AP-car': 65.20633939102326, 'AP-motorcycle': nan, 'AP-airplane': nan, 'AP-bus': nan, 'AP-train': nan, 'AP-truck': nan, 'AP-boat': nan, 'AP-traffic light': nan, 'AP-fire hydrant': nan, 'AP-stop sign': nan, 'AP-parking meter': nan, 'AP-bench': nan, 'AP-bird': nan, 'AP-cat': nan, 'AP-dog': nan, 'AP-horse': nan, 'AP-sheep': nan, 'AP-cow': nan, 'AP-elephant': nan, 'AP-bear': nan, 'AP-zebra': nan, 'AP-giraffe': nan, 'AP-backpack': nan, 'AP-umbrella': nan, 'AP-handbag': nan, 'AP-tie': nan, 'AP-suitcase': nan, 'AP-frisbee': nan, 'AP-skis': nan, 'AP-snowboard': nan, 'AP-sports ball': nan, 'AP-kite': nan, 'AP-baseball bat': nan, 'AP-baseball glove': nan, 'AP-skateboard': nan, 'AP-surfboard': nan, 'AP-tennis racket': nan, 'AP-bottle': nan, 'AP-wine glass': nan, 'AP-cup': nan, 'AP-fork': nan, 'AP-knife': nan, 'AP-spoon': nan, 'AP-bowl': nan, 'AP-banana': nan, 'AP-apple': nan, 'AP-sandwich': nan, 'AP-orange': nan, 'AP-broccoli': nan, 'AP-carrot': nan, 'AP-hot dog': nan, 'AP-pizza': nan, 'AP-donut': nan, 'AP-cake': nan, 'AP-chair': nan, 'AP-couch': nan, 'AP-potted plant': nan, 'AP-bed': nan, 'AP-dining table': nan, 'AP-toilet': nan, 'AP-tv': nan, 'AP-laptop': nan, 'AP-mouse': nan, 'AP-remote': nan, 'AP-keyboard': nan, 'AP-cell phone': nan, 'AP-microwave': nan, 'AP-oven': nan, 'AP-toaster': nan, 'AP-sink': nan, 'AP-refrigerator': nan, 'AP-book': nan, 'AP-clock': nan, 'AP-vase': nan, 'AP-scissors': nan, 'AP-teddy bear': nan, 'AP-hair drier': nan, 'AP-toothbrush': nan}), ('segm', {'AP': 52.692719295715996, 'AP50': 79.44773821089366, 'AP75': 59.07994153929506, 'APs': 27.790817212877496, 'APm': 61.982683908475146, 'APl': 76.87958932170918, 'AP-person': 41.034391888875575, 'AP-bicycle': nan, 'AP-car': 64.35104670255639, 'AP-motorcycle': nan, 'AP-airplane': nan, 'AP-bus': nan, 'AP-train': nan, 'AP-truck': nan, 'AP-boat': nan, 'AP-traffic light': nan, 'AP-fire hydrant': nan, 'AP-stop sign': nan, 'AP-parking meter': nan, 'AP-bench': nan, 'AP-bird': nan, 'AP-cat': nan, 'AP-dog': nan, 'AP-horse': nan, 'AP-sheep': nan, 'AP-cow': nan, 'AP-elephant': nan, 'AP-bear': nan, 'AP-zebra': nan, 'AP-giraffe': nan, 'AP-backpack': nan, 'AP-umbrella': nan, 'AP-handbag': nan, 'AP-tie': nan, 'AP-suitcase': nan, 'AP-frisbee': nan, 'AP-skis': nan, 'AP-snowboard': nan, 'AP-sports ball': nan, 'AP-kite': nan, 'AP-baseball bat': nan, 'AP-baseball glove': nan, 'AP-skateboard': nan, 'AP-surfboard': nan, 'AP-tennis racket': nan, 'AP-bottle': nan, 'AP-wine glass': nan, 'AP-cup': nan, 'AP-fork': nan, 'AP-knife': nan, 'AP-spoon': nan, 'AP-bowl': nan, 'AP-banana': nan, 'AP-apple': nan, 'AP-sandwich': nan, 'AP-orange': nan, 'AP-broccoli': nan, 'AP-carrot': nan, 'AP-hot dog': nan, 'AP-pizza': nan, 'AP-donut': nan, 'AP-cake': nan, 'AP-chair': nan, 'AP-couch': nan, 'AP-potted plant': nan, 'AP-bed': nan, 'AP-dining table': nan, 'AP-toilet': nan, 'AP-tv': nan, 'AP-laptop': nan, 'AP-mouse': nan, 'AP-remote': nan, 'AP-keyboard': nan, 'AP-cell phone': nan, 'AP-microwave': nan, 'AP-oven': nan, 'AP-toaster': nan, 'AP-sink': nan, 'AP-refrigerator': nan, 'AP-book': nan, 'AP-clock': nan, 'AP-vase': nan, 'AP-scissors': nan, 'AP-teddy bear': nan, 'AP-hair drier': nan, 'AP-toothbrush': nan})])
COCO-InstanceSegmentation/mask_rcnn_R_50_C4_1x.yaml
Loading and preparing results...
DONE (t=0.06s)
creating index...
index created!
Running per image evaluation...
Evaluate annotation type *bbox*
COCOeval_opt.evaluate() finished in 4.52 seconds.
Accumulating evaluation results...
COCOeval_opt.accumulate() finished in 0.70 seconds.
 Average Precision  (AP) @[ IoU=0.50:0.95 | area=   all | maxDets=100 ] = 0.566
 Average Precision  (AP) @[ IoU=0.50      | area=   all | maxDets=100 ] = 0.815
 Average Precision  (AP) @[ IoU=0.75      | area=   all | maxDets=100 ] = 0.626
 Average Precision  (AP) @[ IoU=0.50:0.95 | area= small | maxDets=100 ] = 0.313
 Average Precision  (AP) @[ IoU=0.50:0.95 | area=medium | maxDets=100 ] = 0.686
 Average Precision  (AP) @[ IoU=0.50:0.95 | area= large | maxDets=100 ] = 0.773
 Average Recall     (AR) @[ IoU=0.50:0.95 | area=   all | maxDets=  1 ] = 0.174
 Average Recall     (AR) @[ IoU=0.50:0.95 | area=   all | maxDets= 10 ] = 0.625
 Average Recall     (AR) @[ IoU=0.50:0.95 | area=   all | maxDets=100 ] = 0.640
 Average Recall     (AR) @[ IoU=0.50:0.95 | area= small | maxDets=100 ] = 0.421
 Average Recall     (AR) @[ IoU=0.50:0.95 | area=medium | maxDets=100 ] = 0.747
 Average Recall     (AR) @[ IoU=0.50:0.95 | area= large | maxDets=100 ] = 0.897
Loading and preparing results...
DONE (t=0.63s)
creating index...
index created!
Running per image evaluation...
Evaluate annotation type *segm*
COCOeval_opt.evaluate() finished in 4.93 seconds.
Accumulating evaluation results...
COCOeval_opt.accumulate() finished in 0.75 seconds.
 Average Precision  (AP) @[ IoU=0.50:0.95 | area=   all | maxDets=100 ] = 0.479
 Average Precision  (AP) @[ IoU=0.50      | area=   all | maxDets=100 ] = 0.791
 Average Precision  (AP) @[ IoU=0.75      | area=   all | maxDets=100 ] = 0.494
 Average Precision  (AP) @[ IoU=0.50:0.95 | area= small | maxDets=100 ] = 0.221
 Average Precision  (AP) @[ IoU=0.50:0.95 | area=medium | maxDets=100 ] = 0.580
 Average Precision  (AP) @[ IoU=0.50:0.95 | area= large | maxDets=100 ] = 0.742
 Average Recall     (AR) @[ IoU=0.50:0.95 | area=   all | maxDets=  1 ] = 0.152
 Average Recall     (AR) @[ IoU=0.50:0.95 | area=   all | maxDets= 10 ] = 0.535
 Average Recall     (AR) @[ IoU=0.50:0.95 | area=   all | maxDets=100 ] = 0.545
 Average Recall     (AR) @[ IoU=0.50:0.95 | area= small | maxDets=100 ] = 0.339
 Average Recall     (AR) @[ IoU=0.50:0.95 | area=medium | maxDets=100 ] = 0.641
 Average Recall     (AR) @[ IoU=0.50:0.95 | area= large | maxDets=100 ] = 0.810
OrderedDict([('bbox', {'AP': 56.568725324171666, 'AP50': 81.51727228062421, 'AP75': 62.58513722755722, 'APs': 31.337412768498663, 'APm': 68.59040605439714, 'APl': 77.32217077791375, 'AP-person': 51.39579460414107, 'AP-bicycle': nan, 'AP-car': 61.74165604420225, 'AP-motorcycle': nan, 'AP-airplane': nan, 'AP-bus': nan, 'AP-train': nan, 'AP-truck': nan, 'AP-boat': nan, 'AP-traffic light': nan, 'AP-fire hydrant': nan, 'AP-stop sign': nan, 'AP-parking meter': nan, 'AP-bench': nan, 'AP-bird': nan, 'AP-cat': nan, 'AP-dog': nan, 'AP-horse': nan, 'AP-sheep': nan, 'AP-cow': nan, 'AP-elephant': nan, 'AP-bear': nan, 'AP-zebra': nan, 'AP-giraffe': nan, 'AP-backpack': nan, 'AP-umbrella': nan, 'AP-handbag': nan, 'AP-tie': nan, 'AP-suitcase': nan, 'AP-frisbee': nan, 'AP-skis': nan, 'AP-snowboard': nan, 'AP-sports ball': nan, 'AP-kite': nan, 'AP-baseball bat': nan, 'AP-baseball glove': nan, 'AP-skateboard': nan, 'AP-surfboard': nan, 'AP-tennis racket': nan, 'AP-bottle': nan, 'AP-wine glass': nan, 'AP-cup': nan, 'AP-fork': nan, 'AP-knife': nan, 'AP-spoon': nan, 'AP-bowl': nan, 'AP-banana': nan, 'AP-apple': nan, 'AP-sandwich': nan, 'AP-orange': nan, 'AP-broccoli': nan, 'AP-carrot': nan, 'AP-hot dog': nan, 'AP-pizza': nan, 'AP-donut': nan, 'AP-cake': nan, 'AP-chair': nan, 'AP-couch': nan, 'AP-potted plant': nan, 'AP-bed': nan, 'AP-dining table': nan, 'AP-toilet': nan, 'AP-tv': nan, 'AP-laptop': nan, 'AP-mouse': nan, 'AP-remote': nan, 'AP-keyboard': nan, 'AP-cell phone': nan, 'AP-microwave': nan, 'AP-oven': nan, 'AP-toaster': nan, 'AP-sink': nan, 'AP-refrigerator': nan, 'AP-book': nan, 'AP-clock': nan, 'AP-vase': nan, 'AP-scissors': nan, 'AP-teddy bear': nan, 'AP-hair drier': nan, 'AP-toothbrush': nan}), ('segm', {'AP': 47.88161344465938, 'AP50': 79.06629218832035, 'AP75': 49.436203477816605, 'APs': 22.135522324189377, 'APm': 57.98424209532948, 'APl': 74.19181150630918, 'AP-person': 36.43746695903839, 'AP-bicycle': nan, 'AP-car': 59.32575993028038, 'AP-motorcycle': nan, 'AP-airplane': nan, 'AP-bus': nan, 'AP-train': nan, 'AP-truck': nan, 'AP-boat': nan, 'AP-traffic light': nan, 'AP-fire hydrant': nan, 'AP-stop sign': nan, 'AP-parking meter': nan, 'AP-bench': nan, 'AP-bird': nan, 'AP-cat': nan, 'AP-dog': nan, 'AP-horse': nan, 'AP-sheep': nan, 'AP-cow': nan, 'AP-elephant': nan, 'AP-bear': nan, 'AP-zebra': nan, 'AP-giraffe': nan, 'AP-backpack': nan, 'AP-umbrella': nan, 'AP-handbag': nan, 'AP-tie': nan, 'AP-suitcase': nan, 'AP-frisbee': nan, 'AP-skis': nan, 'AP-snowboard': nan, 'AP-sports ball': nan, 'AP-kite': nan, 'AP-baseball bat': nan, 'AP-baseball glove': nan, 'AP-skateboard': nan, 'AP-surfboard': nan, 'AP-tennis racket': nan, 'AP-bottle': nan, 'AP-wine glass': nan, 'AP-cup': nan, 'AP-fork': nan, 'AP-knife': nan, 'AP-spoon': nan, 'AP-bowl': nan, 'AP-banana': nan, 'AP-apple': nan, 'AP-sandwich': nan, 'AP-orange': nan, 'AP-broccoli': nan, 'AP-carrot': nan, 'AP-hot dog': nan, 'AP-pizza': nan, 'AP-donut': nan, 'AP-cake': nan, 'AP-chair': nan, 'AP-couch': nan, 'AP-potted plant': nan, 'AP-bed': nan, 'AP-dining table': nan, 'AP-toilet': nan, 'AP-tv': nan, 'AP-laptop': nan, 'AP-mouse': nan, 'AP-remote': nan, 'AP-keyboard': nan, 'AP-cell phone': nan, 'AP-microwave': nan, 'AP-oven': nan, 'AP-toaster': nan, 'AP-sink': nan, 'AP-refrigerator': nan, 'AP-book': nan, 'AP-clock': nan, 'AP-vase': nan, 'AP-scissors': nan, 'AP-teddy bear': nan, 'AP-hair drier': nan, 'AP-toothbrush': nan})])
COCO-InstanceSegmentation/mask_rcnn_R_50_C4_3x.yaml
Loading and preparing results...
DONE (t=0.06s)
creating index...
index created!
Running per image evaluation...
Evaluate annotation type *bbox*
COCOeval_opt.evaluate() finished in 4.63 seconds.
Accumulating evaluation results...
COCOeval_opt.accumulate() finished in 0.70 seconds.
 Average Precision  (AP) @[ IoU=0.50:0.95 | area=   all | maxDets=100 ] = 0.570
 Average Precision  (AP) @[ IoU=0.50      | area=   all | maxDets=100 ] = 0.811
 Average Precision  (AP) @[ IoU=0.75      | area=   all | maxDets=100 ] = 0.636
 Average Precision  (AP) @[ IoU=0.50:0.95 | area= small | maxDets=100 ] = 0.317
 Average Precision  (AP) @[ IoU=0.50:0.95 | area=medium | maxDets=100 ] = 0.693
 Average Precision  (AP) @[ IoU=0.50:0.95 | area= large | maxDets=100 ] = 0.744
 Average Recall     (AR) @[ IoU=0.50:0.95 | area=   all | maxDets=  1 ] = 0.174
 Average Recall     (AR) @[ IoU=0.50:0.95 | area=   all | maxDets= 10 ] = 0.635
 Average Recall     (AR) @[ IoU=0.50:0.95 | area=   all | maxDets=100 ] = 0.653
 Average Recall     (AR) @[ IoU=0.50:0.95 | area= small | maxDets=100 ] = 0.442
 Average Recall     (AR) @[ IoU=0.50:0.95 | area=medium | maxDets=100 ] = 0.759
 Average Recall     (AR) @[ IoU=0.50:0.95 | area= large | maxDets=100 ] = 0.892
Loading and preparing results...
DONE (t=0.66s)
creating index...
index created!
Running per image evaluation...
Evaluate annotation type *segm*
COCOeval_opt.evaluate() finished in 5.18 seconds.
Accumulating evaluation results...
COCOeval_opt.accumulate() finished in 1.01 seconds.
 Average Precision  (AP) @[ IoU=0.50:0.95 | area=   all | maxDets=100 ] = 0.495
 Average Precision  (AP) @[ IoU=0.50      | area=   all | maxDets=100 ] = 0.794
 Average Precision  (AP) @[ IoU=0.75      | area=   all | maxDets=100 ] = 0.522
 Average Precision  (AP) @[ IoU=0.50:0.95 | area= small | maxDets=100 ] = 0.237
 Average Precision  (AP) @[ IoU=0.50:0.95 | area=medium | maxDets=100 ] = 0.598
 Average Precision  (AP) @[ IoU=0.50:0.95 | area= large | maxDets=100 ] = 0.734
 Average Recall     (AR) @[ IoU=0.50:0.95 | area=   all | maxDets=  1 ] = 0.153
 Average Recall     (AR) @[ IoU=0.50:0.95 | area=   all | maxDets= 10 ] = 0.555
 Average Recall     (AR) @[ IoU=0.50:0.95 | area=   all | maxDets=100 ] = 0.568
 Average Recall     (AR) @[ IoU=0.50:0.95 | area= small | maxDets=100 ] = 0.369
 Average Recall     (AR) @[ IoU=0.50:0.95 | area=medium | maxDets=100 ] = 0.664
 Average Recall     (AR) @[ IoU=0.50:0.95 | area= large | maxDets=100 ] = 0.815
OrderedDict([('bbox', {'AP': 57.03664065029185, 'AP50': 81.09222187422444, 'AP75': 63.5888180843315, 'APs': 31.746512499106483, 'APm': 69.30539772293291, 'APl': 74.40490160603574, 'AP-person': 50.8241670323633, 'AP-bicycle': nan, 'AP-car': 63.249114268220396, 'AP-motorcycle': nan, 'AP-airplane': nan, 'AP-bus': nan, 'AP-train': nan, 'AP-truck': nan, 'AP-boat': nan, 'AP-traffic light': nan, 'AP-fire hydrant': nan, 'AP-stop sign': nan, 'AP-parking meter': nan, 'AP-bench': nan, 'AP-bird': nan, 'AP-cat': nan, 'AP-dog': nan, 'AP-horse': nan, 'AP-sheep': nan, 'AP-cow': nan, 'AP-elephant': nan, 'AP-bear': nan, 'AP-zebra': nan, 'AP-giraffe': nan, 'AP-backpack': nan, 'AP-umbrella': nan, 'AP-handbag': nan, 'AP-tie': nan, 'AP-suitcase': nan, 'AP-frisbee': nan, 'AP-skis': nan, 'AP-snowboard': nan, 'AP-sports ball': nan, 'AP-kite': nan, 'AP-baseball bat': nan, 'AP-baseball glove': nan, 'AP-skateboard': nan, 'AP-surfboard': nan, 'AP-tennis racket': nan, 'AP-bottle': nan, 'AP-wine glass': nan, 'AP-cup': nan, 'AP-fork': nan, 'AP-knife': nan, 'AP-spoon': nan, 'AP-bowl': nan, 'AP-banana': nan, 'AP-apple': nan, 'AP-sandwich': nan, 'AP-orange': nan, 'AP-broccoli': nan, 'AP-carrot': nan, 'AP-hot dog': nan, 'AP-pizza': nan, 'AP-donut': nan, 'AP-cake': nan, 'AP-chair': nan, 'AP-couch': nan, 'AP-potted plant': nan, 'AP-bed': nan, 'AP-dining table': nan, 'AP-toilet': nan, 'AP-tv': nan, 'AP-laptop': nan, 'AP-mouse': nan, 'AP-remote': nan, 'AP-keyboard': nan, 'AP-cell phone': nan, 'AP-microwave': nan, 'AP-oven': nan, 'AP-toaster': nan, 'AP-sink': nan, 'AP-refrigerator': nan, 'AP-book': nan, 'AP-clock': nan, 'AP-vase': nan, 'AP-scissors': nan, 'AP-teddy bear': nan, 'AP-hair drier': nan, 'AP-toothbrush': nan}), ('segm', {'AP': 49.4540498707522, 'AP50': 79.41889922282901, 'AP75': 52.197668734960004, 'APs': 23.667764809178216, 'APm': 59.78855929511564, 'APl': 73.43260717466138, 'AP-person': 37.71997327200081, 'AP-bicycle': nan, 'AP-car': 61.18812646950358, 'AP-motorcycle': nan, 'AP-airplane': nan, 'AP-bus': nan, 'AP-train': nan, 'AP-truck': nan, 'AP-boat': nan, 'AP-traffic light': nan, 'AP-fire hydrant': nan, 'AP-stop sign': nan, 'AP-parking meter': nan, 'AP-bench': nan, 'AP-bird': nan, 'AP-cat': nan, 'AP-dog': nan, 'AP-horse': nan, 'AP-sheep': nan, 'AP-cow': nan, 'AP-elephant': nan, 'AP-bear': nan, 'AP-zebra': nan, 'AP-giraffe': nan, 'AP-backpack': nan, 'AP-umbrella': nan, 'AP-handbag': nan, 'AP-tie': nan, 'AP-suitcase': nan, 'AP-frisbee': nan, 'AP-skis': nan, 'AP-snowboard': nan, 'AP-sports ball': nan, 'AP-kite': nan, 'AP-baseball bat': nan, 'AP-baseball glove': nan, 'AP-skateboard': nan, 'AP-surfboard': nan, 'AP-tennis racket': nan, 'AP-bottle': nan, 'AP-wine glass': nan, 'AP-cup': nan, 'AP-fork': nan, 'AP-knife': nan, 'AP-spoon': nan, 'AP-bowl': nan, 'AP-banana': nan, 'AP-apple': nan, 'AP-sandwich': nan, 'AP-orange': nan, 'AP-broccoli': nan, 'AP-carrot': nan, 'AP-hot dog': nan, 'AP-pizza': nan, 'AP-donut': nan, 'AP-cake': nan, 'AP-chair': nan, 'AP-couch': nan, 'AP-potted plant': nan, 'AP-bed': nan, 'AP-dining table': nan, 'AP-toilet': nan, 'AP-tv': nan, 'AP-laptop': nan, 'AP-mouse': nan, 'AP-remote': nan, 'AP-keyboard': nan, 'AP-cell phone': nan, 'AP-microwave': nan, 'AP-oven': nan, 'AP-toaster': nan, 'AP-sink': nan, 'AP-refrigerator': nan, 'AP-book': nan, 'AP-clock': nan, 'AP-vase': nan, 'AP-scissors': nan, 'AP-teddy bear': nan, 'AP-hair drier': nan, 'AP-toothbrush': nan})])
COCO-InstanceSegmentation/mask_rcnn_R_50_DC5_1x.yaml
Loading and preparing results...
DONE (t=0.06s)
creating index...
index created!
Running per image evaluation...
Evaluate annotation type *bbox*
COCOeval_opt.evaluate() finished in 4.51 seconds.
Accumulating evaluation results...
COCOeval_opt.accumulate() finished in 0.70 seconds.
 Average Precision  (AP) @[ IoU=0.50:0.95 | area=   all | maxDets=100 ] = 0.540
 Average Precision  (AP) @[ IoU=0.50      | area=   all | maxDets=100 ] = 0.803
 Average Precision  (AP) @[ IoU=0.75      | area=   all | maxDets=100 ] = 0.603
 Average Precision  (AP) @[ IoU=0.50:0.95 | area= small | maxDets=100 ] = 0.304
 Average Precision  (AP) @[ IoU=0.50:0.95 | area=medium | maxDets=100 ] = 0.653
 Average Precision  (AP) @[ IoU=0.50:0.95 | area= large | maxDets=100 ] = 0.719
 Average Recall     (AR) @[ IoU=0.50:0.95 | area=   all | maxDets=  1 ] = 0.169
 Average Recall     (AR) @[ IoU=0.50:0.95 | area=   all | maxDets= 10 ] = 0.609
 Average Recall     (AR) @[ IoU=0.50:0.95 | area=   all | maxDets=100 ] = 0.624
 Average Recall     (AR) @[ IoU=0.50:0.95 | area= small | maxDets=100 ] = 0.410
 Average Recall     (AR) @[ IoU=0.50:0.95 | area=medium | maxDets=100 ] = 0.728
 Average Recall     (AR) @[ IoU=0.50:0.95 | area= large | maxDets=100 ] = 0.879
Loading and preparing results...
DONE (t=0.64s)
creating index...
index created!
Running per image evaluation...
Evaluate annotation type *segm*
COCOeval_opt.evaluate() finished in 4.91 seconds.
Accumulating evaluation results...
COCOeval_opt.accumulate() finished in 0.76 seconds.
 Average Precision  (AP) @[ IoU=0.50:0.95 | area=   all | maxDets=100 ] = 0.470
 Average Precision  (AP) @[ IoU=0.50      | area=   all | maxDets=100 ] = 0.776
 Average Precision  (AP) @[ IoU=0.75      | area=   all | maxDets=100 ] = 0.481
 Average Precision  (AP) @[ IoU=0.50:0.95 | area= small | maxDets=100 ] = 0.217
 Average Precision  (AP) @[ IoU=0.50:0.95 | area=medium | maxDets=100 ] = 0.571
 Average Precision  (AP) @[ IoU=0.50:0.95 | area= large | maxDets=100 ] = 0.729
 Average Recall     (AR) @[ IoU=0.50:0.95 | area=   all | maxDets=  1 ] = 0.154
 Average Recall     (AR) @[ IoU=0.50:0.95 | area=   all | maxDets= 10 ] = 0.534
 Average Recall     (AR) @[ IoU=0.50:0.95 | area=   all | maxDets=100 ] = 0.545
 Average Recall     (AR) @[ IoU=0.50:0.95 | area= small | maxDets=100 ] = 0.332
 Average Recall     (AR) @[ IoU=0.50:0.95 | area=medium | maxDets=100 ] = 0.644
 Average Recall     (AR) @[ IoU=0.50:0.95 | area= large | maxDets=100 ] = 0.825
OrderedDict([('bbox', {'AP': 53.98996099895701, 'AP50': 80.2738843022846, 'AP75': 60.27470367050572, 'APs': 30.36024663865461, 'APm': 65.27684308803542, 'APl': 71.91923793981307, 'AP-person': 46.96627590311282, 'AP-bicycle': nan, 'AP-car': 61.01364609480119, 'AP-motorcycle': nan, 'AP-airplane': nan, 'AP-bus': nan, 'AP-train': nan, 'AP-truck': nan, 'AP-boat': nan, 'AP-traffic light': nan, 'AP-fire hydrant': nan, 'AP-stop sign': nan, 'AP-parking meter': nan, 'AP-bench': nan, 'AP-bird': nan, 'AP-cat': nan, 'AP-dog': nan, 'AP-horse': nan, 'AP-sheep': nan, 'AP-cow': nan, 'AP-elephant': nan, 'AP-bear': nan, 'AP-zebra': nan, 'AP-giraffe': nan, 'AP-backpack': nan, 'AP-umbrella': nan, 'AP-handbag': nan, 'AP-tie': nan, 'AP-suitcase': nan, 'AP-frisbee': nan, 'AP-skis': nan, 'AP-snowboard': nan, 'AP-sports ball': nan, 'AP-kite': nan, 'AP-baseball bat': nan, 'AP-baseball glove': nan, 'AP-skateboard': nan, 'AP-surfboard': nan, 'AP-tennis racket': nan, 'AP-bottle': nan, 'AP-wine glass': nan, 'AP-cup': nan, 'AP-fork': nan, 'AP-knife': nan, 'AP-spoon': nan, 'AP-bowl': nan, 'AP-banana': nan, 'AP-apple': nan, 'AP-sandwich': nan, 'AP-orange': nan, 'AP-broccoli': nan, 'AP-carrot': nan, 'AP-hot dog': nan, 'AP-pizza': nan, 'AP-donut': nan, 'AP-cake': nan, 'AP-chair': nan, 'AP-couch': nan, 'AP-potted plant': nan, 'AP-bed': nan, 'AP-dining table': nan, 'AP-toilet': nan, 'AP-tv': nan, 'AP-laptop': nan, 'AP-mouse': nan, 'AP-remote': nan, 'AP-keyboard': nan, 'AP-cell phone': nan, 'AP-microwave': nan, 'AP-oven': nan, 'AP-toaster': nan, 'AP-sink': nan, 'AP-refrigerator': nan, 'AP-book': nan, 'AP-clock': nan, 'AP-vase': nan, 'AP-scissors': nan, 'AP-teddy bear': nan, 'AP-hair drier': nan, 'AP-toothbrush': nan}), ('segm', {'AP': 46.95172154661325, 'AP50': 77.55938772863783, 'AP75': 48.117283394807465, 'APs': 21.663836820977636, 'APm': 57.0824560996454, 'APl': 72.90722753711245, 'AP-person': 34.705309394068166, 'AP-bicycle': nan, 'AP-car': 59.19813369915832, 'AP-motorcycle': nan, 'AP-airplane': nan, 'AP-bus': nan, 'AP-train': nan, 'AP-truck': nan, 'AP-boat': nan, 'AP-traffic light': nan, 'AP-fire hydrant': nan, 'AP-stop sign': nan, 'AP-parking meter': nan, 'AP-bench': nan, 'AP-bird': nan, 'AP-cat': nan, 'AP-dog': nan, 'AP-horse': nan, 'AP-sheep': nan, 'AP-cow': nan, 'AP-elephant': nan, 'AP-bear': nan, 'AP-zebra': nan, 'AP-giraffe': nan, 'AP-backpack': nan, 'AP-umbrella': nan, 'AP-handbag': nan, 'AP-tie': nan, 'AP-suitcase': nan, 'AP-frisbee': nan, 'AP-skis': nan, 'AP-snowboard': nan, 'AP-sports ball': nan, 'AP-kite': nan, 'AP-baseball bat': nan, 'AP-baseball glove': nan, 'AP-skateboard': nan, 'AP-surfboard': nan, 'AP-tennis racket': nan, 'AP-bottle': nan, 'AP-wine glass': nan, 'AP-cup': nan, 'AP-fork': nan, 'AP-knife': nan, 'AP-spoon': nan, 'AP-bowl': nan, 'AP-banana': nan, 'AP-apple': nan, 'AP-sandwich': nan, 'AP-orange': nan, 'AP-broccoli': nan, 'AP-carrot': nan, 'AP-hot dog': nan, 'AP-pizza': nan, 'AP-donut': nan, 'AP-cake': nan, 'AP-chair': nan, 'AP-couch': nan, 'AP-potted plant': nan, 'AP-bed': nan, 'AP-dining table': nan, 'AP-toilet': nan, 'AP-tv': nan, 'AP-laptop': nan, 'AP-mouse': nan, 'AP-remote': nan, 'AP-keyboard': nan, 'AP-cell phone': nan, 'AP-microwave': nan, 'AP-oven': nan, 'AP-toaster': nan, 'AP-sink': nan, 'AP-refrigerator': nan, 'AP-book': nan, 'AP-clock': nan, 'AP-vase': nan, 'AP-scissors': nan, 'AP-teddy bear': nan, 'AP-hair drier': nan, 'AP-toothbrush': nan})])
COCO-InstanceSegmentation/mask_rcnn_R_50_DC5_3x.yaml
Loading and preparing results...
DONE (t=0.06s)
creating index...
index created!
Running per image evaluation...
Evaluate annotation type *bbox*
COCOeval_opt.evaluate() finished in 4.57 seconds.
Accumulating evaluation results...
COCOeval_opt.accumulate() finished in 0.71 seconds.
 Average Precision  (AP) @[ IoU=0.50:0.95 | area=   all | maxDets=100 ] = 0.559
 Average Precision  (AP) @[ IoU=0.50      | area=   all | maxDets=100 ] = 0.814
 Average Precision  (AP) @[ IoU=0.75      | area=   all | maxDets=100 ] = 0.621
 Average Precision  (AP) @[ IoU=0.50:0.95 | area= small | maxDets=100 ] = 0.323
 Average Precision  (AP) @[ IoU=0.50:0.95 | area=medium | maxDets=100 ] = 0.674
 Average Precision  (AP) @[ IoU=0.50:0.95 | area= large | maxDets=100 ] = 0.725
 Average Recall     (AR) @[ IoU=0.50:0.95 | area=   all | maxDets=  1 ] = 0.171
 Average Recall     (AR) @[ IoU=0.50:0.95 | area=   all | maxDets= 10 ] = 0.626
 Average Recall     (AR) @[ IoU=0.50:0.95 | area=   all | maxDets=100 ] = 0.643
 Average Recall     (AR) @[ IoU=0.50:0.95 | area= small | maxDets=100 ] = 0.438
 Average Recall     (AR) @[ IoU=0.50:0.95 | area=medium | maxDets=100 ] = 0.742
 Average Recall     (AR) @[ IoU=0.50:0.95 | area= large | maxDets=100 ] = 0.893
Loading and preparing results...
DONE (t=0.66s)
creating index...
index created!
Running per image evaluation...
Evaluate annotation type *segm*
COCOeval_opt.evaluate() finished in 5.17 seconds.
Accumulating evaluation results...
COCOeval_opt.accumulate() finished in 0.75 seconds.
 Average Precision  (AP) @[ IoU=0.50:0.95 | area=   all | maxDets=100 ] = 0.497
 Average Precision  (AP) @[ IoU=0.50      | area=   all | maxDets=100 ] = 0.792
 Average Precision  (AP) @[ IoU=0.75      | area=   all | maxDets=100 ] = 0.523
 Average Precision  (AP) @[ IoU=0.50:0.95 | area= small | maxDets=100 ] = 0.234
 Average Precision  (AP) @[ IoU=0.50:0.95 | area=medium | maxDets=100 ] = 0.598
 Average Precision  (AP) @[ IoU=0.50:0.95 | area= large | maxDets=100 ] = 0.761
 Average Recall     (AR) @[ IoU=0.50:0.95 | area=   all | maxDets=  1 ] = 0.156
 Average Recall     (AR) @[ IoU=0.50:0.95 | area=   all | maxDets= 10 ] = 0.560
 Average Recall     (AR) @[ IoU=0.50:0.95 | area=   all | maxDets=100 ] = 0.571
 Average Recall     (AR) @[ IoU=0.50:0.95 | area= small | maxDets=100 ] = 0.359
 Average Recall     (AR) @[ IoU=0.50:0.95 | area=medium | maxDets=100 ] = 0.669
 Average Recall     (AR) @[ IoU=0.50:0.95 | area= large | maxDets=100 ] = 0.851
OrderedDict([('bbox', {'AP': 55.860841773611405, 'AP50': 81.40435427587566, 'AP75': 62.0854545649717, 'APs': 32.322790238203154, 'APm': 67.36581216197524, 'APl': 72.52150848163855, 'AP-person': 49.111373613950185, 'AP-bicycle': nan, 'AP-car': 62.61030993327261, 'AP-motorcycle': nan, 'AP-airplane': nan, 'AP-bus': nan, 'AP-train': nan, 'AP-truck': nan, 'AP-boat': nan, 'AP-traffic light': nan, 'AP-fire hydrant': nan, 'AP-stop sign': nan, 'AP-parking meter': nan, 'AP-bench': nan, 'AP-bird': nan, 'AP-cat': nan, 'AP-dog': nan, 'AP-horse': nan, 'AP-sheep': nan, 'AP-cow': nan, 'AP-elephant': nan, 'AP-bear': nan, 'AP-zebra': nan, 'AP-giraffe': nan, 'AP-backpack': nan, 'AP-umbrella': nan, 'AP-handbag': nan, 'AP-tie': nan, 'AP-suitcase': nan, 'AP-frisbee': nan, 'AP-skis': nan, 'AP-snowboard': nan, 'AP-sports ball': nan, 'AP-kite': nan, 'AP-baseball bat': nan, 'AP-baseball glove': nan, 'AP-skateboard': nan, 'AP-surfboard': nan, 'AP-tennis racket': nan, 'AP-bottle': nan, 'AP-wine glass': nan, 'AP-cup': nan, 'AP-fork': nan, 'AP-knife': nan, 'AP-spoon': nan, 'AP-bowl': nan, 'AP-banana': nan, 'AP-apple': nan, 'AP-sandwich': nan, 'AP-orange': nan, 'AP-broccoli': nan, 'AP-carrot': nan, 'AP-hot dog': nan, 'AP-pizza': nan, 'AP-donut': nan, 'AP-cake': nan, 'AP-chair': nan, 'AP-couch': nan, 'AP-potted plant': nan, 'AP-bed': nan, 'AP-dining table': nan, 'AP-toilet': nan, 'AP-tv': nan, 'AP-laptop': nan, 'AP-mouse': nan, 'AP-remote': nan, 'AP-keyboard': nan, 'AP-cell phone': nan, 'AP-microwave': nan, 'AP-oven': nan, 'AP-toaster': nan, 'AP-sink': nan, 'AP-refrigerator': nan, 'AP-book': nan, 'AP-clock': nan, 'AP-vase': nan, 'AP-scissors': nan, 'AP-teddy bear': nan, 'AP-hair drier': nan, 'AP-toothbrush': nan}), ('segm', {'AP': 49.65112959429347, 'AP50': 79.15879006963237, 'AP75': 52.267330937860365, 'APs': 23.436948225660103, 'APm': 59.79443056651124, 'APl': 76.09877059412453, 'AP-person': 37.90135588336781, 'AP-bicycle': nan, 'AP-car': 61.40090330521913, 'AP-motorcycle': nan, 'AP-airplane': nan, 'AP-bus': nan, 'AP-train': nan, 'AP-truck': nan, 'AP-boat': nan, 'AP-traffic light': nan, 'AP-fire hydrant': nan, 'AP-stop sign': nan, 'AP-parking meter': nan, 'AP-bench': nan, 'AP-bird': nan, 'AP-cat': nan, 'AP-dog': nan, 'AP-horse': nan, 'AP-sheep': nan, 'AP-cow': nan, 'AP-elephant': nan, 'AP-bear': nan, 'AP-zebra': nan, 'AP-giraffe': nan, 'AP-backpack': nan, 'AP-umbrella': nan, 'AP-handbag': nan, 'AP-tie': nan, 'AP-suitcase': nan, 'AP-frisbee': nan, 'AP-skis': nan, 'AP-snowboard': nan, 'AP-sports ball': nan, 'AP-kite': nan, 'AP-baseball bat': nan, 'AP-baseball glove': nan, 'AP-skateboard': nan, 'AP-surfboard': nan, 'AP-tennis racket': nan, 'AP-bottle': nan, 'AP-wine glass': nan, 'AP-cup': nan, 'AP-fork': nan, 'AP-knife': nan, 'AP-spoon': nan, 'AP-bowl': nan, 'AP-banana': nan, 'AP-apple': nan, 'AP-sandwich': nan, 'AP-orange': nan, 'AP-broccoli': nan, 'AP-carrot': nan, 'AP-hot dog': nan, 'AP-pizza': nan, 'AP-donut': nan, 'AP-cake': nan, 'AP-chair': nan, 'AP-couch': nan, 'AP-potted plant': nan, 'AP-bed': nan, 'AP-dining table': nan, 'AP-toilet': nan, 'AP-tv': nan, 'AP-laptop': nan, 'AP-mouse': nan, 'AP-remote': nan, 'AP-keyboard': nan, 'AP-cell phone': nan, 'AP-microwave': nan, 'AP-oven': nan, 'AP-toaster': nan, 'AP-sink': nan, 'AP-refrigerator': nan, 'AP-book': nan, 'AP-clock': nan, 'AP-vase': nan, 'AP-scissors': nan, 'AP-teddy bear': nan, 'AP-hair drier': nan, 'AP-toothbrush': nan})])
COCO-InstanceSegmentation/mask_rcnn_R_50_FPN_1x.yaml
Loading and preparing results...
DONE (t=0.05s)
creating index...
index created!
Running per image evaluation...
Evaluate annotation type *bbox*
COCOeval_opt.evaluate() finished in 4.19 seconds.
Accumulating evaluation results...
COCOeval_opt.accumulate() finished in 0.67 seconds.
 Average Precision  (AP) @[ IoU=0.50:0.95 | area=   all | maxDets=100 ] = 0.564
 Average Precision  (AP) @[ IoU=0.50      | area=   all | maxDets=100 ] = 0.810
 Average Precision  (AP) @[ IoU=0.75      | area=   all | maxDets=100 ] = 0.634
 Average Precision  (AP) @[ IoU=0.50:0.95 | area= small | maxDets=100 ] = 0.356
 Average Precision  (AP) @[ IoU=0.50:0.95 | area=medium | maxDets=100 ] = 0.662
 Average Precision  (AP) @[ IoU=0.50:0.95 | area= large | maxDets=100 ] = 0.715
 Average Recall     (AR) @[ IoU=0.50:0.95 | area=   all | maxDets=  1 ] = 0.171
 Average Recall     (AR) @[ IoU=0.50:0.95 | area=   all | maxDets= 10 ] = 0.637
 Average Recall     (AR) @[ IoU=0.50:0.95 | area=   all | maxDets=100 ] = 0.651
 Average Recall     (AR) @[ IoU=0.50:0.95 | area= small | maxDets=100 ] = 0.469
 Average Recall     (AR) @[ IoU=0.50:0.95 | area=medium | maxDets=100 ] = 0.737
 Average Recall     (AR) @[ IoU=0.50:0.95 | area= large | maxDets=100 ] = 0.875
Loading and preparing results...
DONE (t=0.53s)
creating index...
index created!
Running per image evaluation...
Evaluate annotation type *segm*
COCOeval_opt.evaluate() finished in 4.71 seconds.
Accumulating evaluation results...
COCOeval_opt.accumulate() finished in 0.71 seconds.
 Average Precision  (AP) @[ IoU=0.50:0.95 | area=   all | maxDets=100 ] = 0.518
 Average Precision  (AP) @[ IoU=0.50      | area=   all | maxDets=100 ] = 0.800
 Average Precision  (AP) @[ IoU=0.75      | area=   all | maxDets=100 ] = 0.568
 Average Precision  (AP) @[ IoU=0.50:0.95 | area= small | maxDets=100 ] = 0.290
 Average Precision  (AP) @[ IoU=0.50:0.95 | area=medium | maxDets=100 ] = 0.604
 Average Precision  (AP) @[ IoU=0.50:0.95 | area= large | maxDets=100 ] = 0.734
 Average Recall     (AR) @[ IoU=0.50:0.95 | area=   all | maxDets=  1 ] = 0.158
 Average Recall     (AR) @[ IoU=0.50:0.95 | area=   all | maxDets= 10 ] = 0.586
 Average Recall     (AR) @[ IoU=0.50:0.95 | area=   all | maxDets=100 ] = 0.598
 Average Recall     (AR) @[ IoU=0.50:0.95 | area= small | maxDets=100 ] = 0.417
 Average Recall     (AR) @[ IoU=0.50:0.95 | area=medium | maxDets=100 ] = 0.680
 Average Recall     (AR) @[ IoU=0.50:0.95 | area= large | maxDets=100 ] = 0.832
OrderedDict([('bbox', {'AP': 56.38221859190809, 'AP50': 81.02804762194555, 'AP75': 63.35603525016366, 'APs': 35.559401414922995, 'APm': 66.20507621923691, 'APl': 71.54895637166662, 'AP-person': 49.10271160630961, 'AP-bicycle': nan, 'AP-car': 63.6617255775066, 'AP-motorcycle': nan, 'AP-airplane': nan, 'AP-bus': nan, 'AP-train': nan, 'AP-truck': nan, 'AP-boat': nan, 'AP-traffic light': nan, 'AP-fire hydrant': nan, 'AP-stop sign': nan, 'AP-parking meter': nan, 'AP-bench': nan, 'AP-bird': nan, 'AP-cat': nan, 'AP-dog': nan, 'AP-horse': nan, 'AP-sheep': nan, 'AP-cow': nan, 'AP-elephant': nan, 'AP-bear': nan, 'AP-zebra': nan, 'AP-giraffe': nan, 'AP-backpack': nan, 'AP-umbrella': nan, 'AP-handbag': nan, 'AP-tie': nan, 'AP-suitcase': nan, 'AP-frisbee': nan, 'AP-skis': nan, 'AP-snowboard': nan, 'AP-sports ball': nan, 'AP-kite': nan, 'AP-baseball bat': nan, 'AP-baseball glove': nan, 'AP-skateboard': nan, 'AP-surfboard': nan, 'AP-tennis racket': nan, 'AP-bottle': nan, 'AP-wine glass': nan, 'AP-cup': nan, 'AP-fork': nan, 'AP-knife': nan, 'AP-spoon': nan, 'AP-bowl': nan, 'AP-banana': nan, 'AP-apple': nan, 'AP-sandwich': nan, 'AP-orange': nan, 'AP-broccoli': nan, 'AP-carrot': nan, 'AP-hot dog': nan, 'AP-pizza': nan, 'AP-donut': nan, 'AP-cake': nan, 'AP-chair': nan, 'AP-couch': nan, 'AP-potted plant': nan, 'AP-bed': nan, 'AP-dining table': nan, 'AP-toilet': nan, 'AP-tv': nan, 'AP-laptop': nan, 'AP-mouse': nan, 'AP-remote': nan, 'AP-keyboard': nan, 'AP-cell phone': nan, 'AP-microwave': nan, 'AP-oven': nan, 'AP-toaster': nan, 'AP-sink': nan, 'AP-refrigerator': nan, 'AP-book': nan, 'AP-clock': nan, 'AP-vase': nan, 'AP-scissors': nan, 'AP-teddy bear': nan, 'AP-hair drier': nan, 'AP-toothbrush': nan}), ('segm', {'AP': 51.803202294699076, 'AP50': 80.00641794284545, 'AP75': 56.75446603733412, 'APs': 28.95966553977592, 'APm': 60.39948433738977, 'APl': 73.44596321027772, 'AP-person': 40.096735662921354, 'AP-bicycle': nan, 'AP-car': 63.50966892647681, 'AP-motorcycle': nan, 'AP-airplane': nan, 'AP-bus': nan, 'AP-train': nan, 'AP-truck': nan, 'AP-boat': nan, 'AP-traffic light': nan, 'AP-fire hydrant': nan, 'AP-stop sign': nan, 'AP-parking meter': nan, 'AP-bench': nan, 'AP-bird': nan, 'AP-cat': nan, 'AP-dog': nan, 'AP-horse': nan, 'AP-sheep': nan, 'AP-cow': nan, 'AP-elephant': nan, 'AP-bear': nan, 'AP-zebra': nan, 'AP-giraffe': nan, 'AP-backpack': nan, 'AP-umbrella': nan, 'AP-handbag': nan, 'AP-tie': nan, 'AP-suitcase': nan, 'AP-frisbee': nan, 'AP-skis': nan, 'AP-snowboard': nan, 'AP-sports ball': nan, 'AP-kite': nan, 'AP-baseball bat': nan, 'AP-baseball glove': nan, 'AP-skateboard': nan, 'AP-surfboard': nan, 'AP-tennis racket': nan, 'AP-bottle': nan, 'AP-wine glass': nan, 'AP-cup': nan, 'AP-fork': nan, 'AP-knife': nan, 'AP-spoon': nan, 'AP-bowl': nan, 'AP-banana': nan, 'AP-apple': nan, 'AP-sandwich': nan, 'AP-orange': nan, 'AP-broccoli': nan, 'AP-carrot': nan, 'AP-hot dog': nan, 'AP-pizza': nan, 'AP-donut': nan, 'AP-cake': nan, 'AP-chair': nan, 'AP-couch': nan, 'AP-potted plant': nan, 'AP-bed': nan, 'AP-dining table': nan, 'AP-toilet': nan, 'AP-tv': nan, 'AP-laptop': nan, 'AP-mouse': nan, 'AP-remote': nan, 'AP-keyboard': nan, 'AP-cell phone': nan, 'AP-microwave': nan, 'AP-oven': nan, 'AP-toaster': nan, 'AP-sink': nan, 'AP-refrigerator': nan, 'AP-book': nan, 'AP-clock': nan, 'AP-vase': nan, 'AP-scissors': nan, 'AP-teddy bear': nan, 'AP-hair drier': nan, 'AP-toothbrush': nan})])
COCO-InstanceSegmentation/mask_rcnn_R_50_FPN_1x_giou.yaml
