COCO-InstanceSegmentation/mask_rcnn_R_50_FPN_3x.yaml
Loading and preparing results...
DONE (t=0.05s)
creating index...
index created!
Running per image evaluation...
Evaluate annotation type *bbox*
COCOeval_opt.evaluate() finished in 5.00 seconds.
Accumulating evaluation results...
COCOeval_opt.accumulate() finished in 0.68 seconds.
 Average Precision  (AP) @[ IoU=0.50:0.95 | area=   all | maxDets=100 ] = 0.580
 Average Precision  (AP) @[ IoU=0.50      | area=   all | maxDets=100 ] = 0.818
 Average Precision  (AP) @[ IoU=0.75      | area=   all | maxDets=100 ] = 0.660
 Average Precision  (AP) @[ IoU=0.50:0.95 | area= small | maxDets=100 ] = 0.365
 Average Precision  (AP) @[ IoU=0.50:0.95 | area=medium | maxDets=100 ] = 0.683
 Average Precision  (AP) @[ IoU=0.50:0.95 | area= large | maxDets=100 ] = 0.738
 Average Recall     (AR) @[ IoU=0.50:0.95 | area=   all | maxDets=  1 ] = 0.173
 Average Recall     (AR) @[ IoU=0.50:0.95 | area=   all | maxDets= 10 ] = 0.649
 Average Recall     (AR) @[ IoU=0.50:0.95 | area=   all | maxDets=100 ] = 0.663
 Average Recall     (AR) @[ IoU=0.50:0.95 | area= small | maxDets=100 ] = 0.481
 Average Recall     (AR) @[ IoU=0.50:0.95 | area=medium | maxDets=100 ] = 0.749
 Average Recall     (AR) @[ IoU=0.50:0.95 | area= large | maxDets=100 ] = 0.888
Loading and preparing results...
DONE (t=0.57s)
creating index...
index created!
Running per image evaluation...
Evaluate annotation type *segm*
COCOeval_opt.evaluate() finished in 5.37 seconds.
Accumulating evaluation results...
COCOeval_opt.accumulate() finished in 0.72 seconds.
 Average Precision  (AP) @[ IoU=0.50:0.95 | area=   all | maxDets=100 ] = 0.537
 Average Precision  (AP) @[ IoU=0.50      | area=   all | maxDets=100 ] = 0.805
 Average Precision  (AP) @[ IoU=0.75      | area=   all | maxDets=100 ] = 0.592
 Average Precision  (AP) @[ IoU=0.50:0.95 | area= small | maxDets=100 ] = 0.298
 Average Precision  (AP) @[ IoU=0.50:0.95 | area=medium | maxDets=100 ] = 0.628
 Average Precision  (AP) @[ IoU=0.50:0.95 | area= large | maxDets=100 ] = 0.770
 Average Recall     (AR) @[ IoU=0.50:0.95 | area=   all | maxDets=  1 ] = 0.163
 Average Recall     (AR) @[ IoU=0.50:0.95 | area=   all | maxDets= 10 ] = 0.603
 Average Recall     (AR) @[ IoU=0.50:0.95 | area=   all | maxDets=100 ] = 0.615
 Average Recall     (AR) @[ IoU=0.50:0.95 | area= small | maxDets=100 ] = 0.429
 Average Recall     (AR) @[ IoU=0.50:0.95 | area=medium | maxDets=100 ] = 0.698
 Average Recall     (AR) @[ IoU=0.50:0.95 | area= large | maxDets=100 ] = 0.858
OrderedDict([('bbox', {'AP': 58.04664635582933, 'AP50': 81.76146552465418, 'AP75': 66.02644111779628, 'APs': 36.474546412004926, 'APm': 68.27357844334877, 'APl': 73.81829237613898, 'AP-person': 50.90411698193421, 'AP-bicycle': nan, 'AP-car': 65.18917572972448, 'AP-motorcycle': nan, 'AP-airplane': nan, 'AP-bus': nan, 'AP-train': nan, 'AP-truck': nan, 'AP-boat': nan, 'AP-traffic light': nan, 'AP-fire hydrant': nan, 'AP-stop sign': nan, 'AP-parking meter': nan, 'AP-bench': nan, 'AP-bird': nan, 'AP-cat': nan, 'AP-dog': nan, 'AP-horse': nan, 'AP-sheep': nan, 'AP-cow': nan, 'AP-elephant': nan, 'AP-bear': nan, 'AP-zebra': nan, 'AP-giraffe': nan, 'AP-backpack': nan, 'AP-umbrella': nan, 'AP-handbag': nan, 'AP-tie': nan, 'AP-suitcase': nan, 'AP-frisbee': nan, 'AP-skis': nan, 'AP-snowboard': nan, 'AP-sports ball': nan, 'AP-kite': nan, 'AP-baseball bat': nan, 'AP-baseball glove': nan, 'AP-skateboard': nan, 'AP-surfboard': nan, 'AP-tennis racket': nan, 'AP-bottle': nan, 'AP-wine glass': nan, 'AP-cup': nan, 'AP-fork': nan, 'AP-knife': nan, 'AP-spoon': nan, 'AP-bowl': nan, 'AP-banana': nan, 'AP-apple': nan, 'AP-sandwich': nan, 'AP-orange': nan, 'AP-broccoli': nan, 'AP-carrot': nan, 'AP-hot dog': nan, 'AP-pizza': nan, 'AP-donut': nan, 'AP-cake': nan, 'AP-chair': nan, 'AP-couch': nan, 'AP-potted plant': nan, 'AP-bed': nan, 'AP-dining table': nan, 'AP-toilet': nan, 'AP-tv': nan, 'AP-laptop': nan, 'AP-mouse': nan, 'AP-remote': nan, 'AP-keyboard': nan, 'AP-cell phone': nan, 'AP-microwave': nan, 'AP-oven': nan, 'AP-toaster': nan, 'AP-sink': nan, 'AP-refrigerator': nan, 'AP-book': nan, 'AP-clock': nan, 'AP-vase': nan, 'AP-scissors': nan, 'AP-teddy bear': nan, 'AP-hair drier': nan, 'AP-toothbrush': nan}), ('segm', {'AP': 53.65575149882975, 'AP50': 80.5107328757876, 'AP75': 59.200435614448295, 'APs': 29.83460299924002, 'APm': 62.76924108865878, 'APl': 76.95789927682303, 'AP-person': 41.904359512539905, 'AP-bicycle': nan, 'AP-car': 65.40714348511962, 'AP-motorcycle': nan, 'AP-airplane': nan, 'AP-bus': nan, 'AP-train': nan, 'AP-truck': nan, 'AP-boat': nan, 'AP-traffic light': nan, 'AP-fire hydrant': nan, 'AP-stop sign': nan, 'AP-parking meter': nan, 'AP-bench': nan, 'AP-bird': nan, 'AP-cat': nan, 'AP-dog': nan, 'AP-horse': nan, 'AP-sheep': nan, 'AP-cow': nan, 'AP-elephant': nan, 'AP-bear': nan, 'AP-zebra': nan, 'AP-giraffe': nan, 'AP-backpack': nan, 'AP-umbrella': nan, 'AP-handbag': nan, 'AP-tie': nan, 'AP-suitcase': nan, 'AP-frisbee': nan, 'AP-skis': nan, 'AP-snowboard': nan, 'AP-sports ball': nan, 'AP-kite': nan, 'AP-baseball bat': nan, 'AP-baseball glove': nan, 'AP-skateboard': nan, 'AP-surfboard': nan, 'AP-tennis racket': nan, 'AP-bottle': nan, 'AP-wine glass': nan, 'AP-cup': nan, 'AP-fork': nan, 'AP-knife': nan, 'AP-spoon': nan, 'AP-bowl': nan, 'AP-banana': nan, 'AP-apple': nan, 'AP-sandwich': nan, 'AP-orange': nan, 'AP-broccoli': nan, 'AP-carrot': nan, 'AP-hot dog': nan, 'AP-pizza': nan, 'AP-donut': nan, 'AP-cake': nan, 'AP-chair': nan, 'AP-couch': nan, 'AP-potted plant': nan, 'AP-bed': nan, 'AP-dining table': nan, 'AP-toilet': nan, 'AP-tv': nan, 'AP-laptop': nan, 'AP-mouse': nan, 'AP-remote': nan, 'AP-keyboard': nan, 'AP-cell phone': nan, 'AP-microwave': nan, 'AP-oven': nan, 'AP-toaster': nan, 'AP-sink': nan, 'AP-refrigerator': nan, 'AP-book': nan, 'AP-clock': nan, 'AP-vase': nan, 'AP-scissors': nan, 'AP-teddy bear': nan, 'AP-hair drier': nan, 'AP-toothbrush': nan})])
COCO-InstanceSegmentation/mask_rcnn_X_101_32x8d_FPN_3x.yaml
Loading and preparing results...
DONE (t=0.05s)
creating index...
index created!
Running per image evaluation...
Evaluate annotation type *bbox*
COCOeval_opt.evaluate() finished in 4.52 seconds.
Accumulating evaluation results...
COCOeval_opt.accumulate() finished in 0.66 seconds.
 Average Precision  (AP) @[ IoU=0.50:0.95 | area=   all | maxDets=100 ] = 0.596
 Average Precision  (AP) @[ IoU=0.50      | area=   all | maxDets=100 ] = 0.815
 Average Precision  (AP) @[ IoU=0.75      | area=   all | maxDets=100 ] = 0.682
 Average Precision  (AP) @[ IoU=0.50:0.95 | area= small | maxDets=100 ] = 0.378
 Average Precision  (AP) @[ IoU=0.50:0.95 | area=medium | maxDets=100 ] = 0.700
 Average Precision  (AP) @[ IoU=0.50:0.95 | area= large | maxDets=100 ] = 0.743
 Average Recall     (AR) @[ IoU=0.50:0.95 | area=   all | maxDets=  1 ] = 0.178
 Average Recall     (AR) @[ IoU=0.50:0.95 | area=   all | maxDets= 10 ] = 0.673
 Average Recall     (AR) @[ IoU=0.50:0.95 | area=   all | maxDets=100 ] = 0.688
 Average Recall     (AR) @[ IoU=0.50:0.95 | area= small | maxDets=100 ] = 0.510
 Average Recall     (AR) @[ IoU=0.50:0.95 | area=medium | maxDets=100 ] = 0.773
 Average Recall     (AR) @[ IoU=0.50:0.95 | area= large | maxDets=100 ] = 0.913
Loading and preparing results...
DONE (t=0.56s)
creating index...
index created!
Running per image evaluation...
Evaluate annotation type *segm*
COCOeval_opt.evaluate() finished in 4.97 seconds.
Accumulating evaluation results...
COCOeval_opt.accumulate() finished in 0.71 seconds.
 Average Precision  (AP) @[ IoU=0.50:0.95 | area=   all | maxDets=100 ] = 0.547
 Average Precision  (AP) @[ IoU=0.50      | area=   all | maxDets=100 ] = 0.805
 Average Precision  (AP) @[ IoU=0.75      | area=   all | maxDets=100 ] = 0.614
 Average Precision  (AP) @[ IoU=0.50:0.95 | area= small | maxDets=100 ] = 0.298
 Average Precision  (AP) @[ IoU=0.50:0.95 | area=medium | maxDets=100 ] = 0.643
 Average Precision  (AP) @[ IoU=0.50:0.95 | area= large | maxDets=100 ] = 0.765
 Average Recall     (AR) @[ IoU=0.50:0.95 | area=   all | maxDets=  1 ] = 0.163
 Average Recall     (AR) @[ IoU=0.50:0.95 | area=   all | maxDets= 10 ] = 0.617
 Average Recall     (AR) @[ IoU=0.50:0.95 | area=   all | maxDets=100 ] = 0.630
 Average Recall     (AR) @[ IoU=0.50:0.95 | area= small | maxDets=100 ] = 0.451
 Average Recall     (AR) @[ IoU=0.50:0.95 | area=medium | maxDets=100 ] = 0.713
 Average Recall     (AR) @[ IoU=0.50:0.95 | area= large | maxDets=100 ] = 0.853
OrderedDict([('bbox', {'AP': 59.604766670285116, 'AP50': 81.45217830673326, 'AP75': 68.23345679469503, 'APs': 37.8070765233056, 'APm': 70.0153812179926, 'APl': 74.30950419153469, 'AP-person': 51.60473428934471, 'AP-bicycle': nan, 'AP-car': 67.60479905122551, 'AP-motorcycle': nan, 'AP-airplane': nan, 'AP-bus': nan, 'AP-train': nan, 'AP-truck': nan, 'AP-boat': nan, 'AP-traffic light': nan, 'AP-fire hydrant': nan, 'AP-stop sign': nan, 'AP-parking meter': nan, 'AP-bench': nan, 'AP-bird': nan, 'AP-cat': nan, 'AP-dog': nan, 'AP-horse': nan, 'AP-sheep': nan, 'AP-cow': nan, 'AP-elephant': nan, 'AP-bear': nan, 'AP-zebra': nan, 'AP-giraffe': nan, 'AP-backpack': nan, 'AP-umbrella': nan, 'AP-handbag': nan, 'AP-tie': nan, 'AP-suitcase': nan, 'AP-frisbee': nan, 'AP-skis': nan, 'AP-snowboard': nan, 'AP-sports ball': nan, 'AP-kite': nan, 'AP-baseball bat': nan, 'AP-baseball glove': nan, 'AP-skateboard': nan, 'AP-surfboard': nan, 'AP-tennis racket': nan, 'AP-bottle': nan, 'AP-wine glass': nan, 'AP-cup': nan, 'AP-fork': nan, 'AP-knife': nan, 'AP-spoon': nan, 'AP-bowl': nan, 'AP-banana': nan, 'AP-apple': nan, 'AP-sandwich': nan, 'AP-orange': nan, 'AP-broccoli': nan, 'AP-carrot': nan, 'AP-hot dog': nan, 'AP-pizza': nan, 'AP-donut': nan, 'AP-cake': nan, 'AP-chair': nan, 'AP-couch': nan, 'AP-potted plant': nan, 'AP-bed': nan, 'AP-dining table': nan, 'AP-toilet': nan, 'AP-tv': nan, 'AP-laptop': nan, 'AP-mouse': nan, 'AP-remote': nan, 'AP-keyboard': nan, 'AP-cell phone': nan, 'AP-microwave': nan, 'AP-oven': nan, 'AP-toaster': nan, 'AP-sink': nan, 'AP-refrigerator': nan, 'AP-book': nan, 'AP-clock': nan, 'AP-vase': nan, 'AP-scissors': nan, 'AP-teddy bear': nan, 'AP-hair drier': nan, 'AP-toothbrush': nan}), ('segm', {'AP': 54.66784079770171, 'AP50': 80.54690626507359, 'AP75': 61.42280025669803, 'APs': 29.80366042265003, 'APm': 64.26048141516011, 'APl': 76.52626061506137, 'AP-person': 42.93216944741138, 'AP-bicycle': nan, 'AP-car': 66.40351214799203, 'AP-motorcycle': nan, 'AP-airplane': nan, 'AP-bus': nan, 'AP-train': nan, 'AP-truck': nan, 'AP-boat': nan, 'AP-traffic light': nan, 'AP-fire hydrant': nan, 'AP-stop sign': nan, 'AP-parking meter': nan, 'AP-bench': nan, 'AP-bird': nan, 'AP-cat': nan, 'AP-dog': nan, 'AP-horse': nan, 'AP-sheep': nan, 'AP-cow': nan, 'AP-elephant': nan, 'AP-bear': nan, 'AP-zebra': nan, 'AP-giraffe': nan, 'AP-backpack': nan, 'AP-umbrella': nan, 'AP-handbag': nan, 'AP-tie': nan, 'AP-suitcase': nan, 'AP-frisbee': nan, 'AP-skis': nan, 'AP-snowboard': nan, 'AP-sports ball': nan, 'AP-kite': nan, 'AP-baseball bat': nan, 'AP-baseball glove': nan, 'AP-skateboard': nan, 'AP-surfboard': nan, 'AP-tennis racket': nan, 'AP-bottle': nan, 'AP-wine glass': nan, 'AP-cup': nan, 'AP-fork': nan, 'AP-knife': nan, 'AP-spoon': nan, 'AP-bowl': nan, 'AP-banana': nan, 'AP-apple': nan, 'AP-sandwich': nan, 'AP-orange': nan, 'AP-broccoli': nan, 'AP-carrot': nan, 'AP-hot dog': nan, 'AP-pizza': nan, 'AP-donut': nan, 'AP-cake': nan, 'AP-chair': nan, 'AP-couch': nan, 'AP-potted plant': nan, 'AP-bed': nan, 'AP-dining table': nan, 'AP-toilet': nan, 'AP-tv': nan, 'AP-laptop': nan, 'AP-mouse': nan, 'AP-remote': nan, 'AP-keyboard': nan, 'AP-cell phone': nan, 'AP-microwave': nan, 'AP-oven': nan, 'AP-toaster': nan, 'AP-sink': nan, 'AP-refrigerator': nan, 'AP-book': nan, 'AP-clock': nan, 'AP-vase': nan, 'AP-scissors': nan, 'AP-teddy bear': nan, 'AP-hair drier': nan, 'AP-toothbrush': nan})])
