Loading and preparing results...
DONE (t=0.06s)
creating index...
index created!
Running per image evaluation...
Evaluate annotation type *bbox*
COCOeval_opt.evaluate() finished in 5.40 seconds.
Accumulating evaluation results...
COCOeval_opt.accumulate() finished in 0.84 seconds.
 Average Precision  (AP) @[ IoU=0.50:0.95 | area=   all | maxDets=100 ] = 0.521
 Average Precision  (AP) @[ IoU=0.50      | area=   all | maxDets=100 ] = 0.759
 Average Precision  (AP) @[ IoU=0.75      | area=   all | maxDets=100 ] = 0.582
 Average Precision  (AP) @[ IoU=0.50:0.95 | area= small | maxDets=100 ] = 0.319
 Average Precision  (AP) @[ IoU=0.50:0.95 | area=medium | maxDets=100 ] = 0.608
 Average Precision  (AP) @[ IoU=0.50:0.95 | area= large | maxDets=100 ] = 0.695
 Average Recall     (AR) @[ IoU=0.50:0.95 | area=   all | maxDets=  1 ] = 0.162
 Average Recall     (AR) @[ IoU=0.50:0.95 | area=   all | maxDets= 10 ] = 0.635
 Average Recall     (AR) @[ IoU=0.50:0.95 | area=   all | maxDets=100 ] = 0.659
 Average Recall     (AR) @[ IoU=0.50:0.95 | area= small | maxDets=100 ] = 0.505
 Average Recall     (AR) @[ IoU=0.50:0.95 | area=medium | maxDets=100 ] = 0.727
 Average Recall     (AR) @[ IoU=0.50:0.95 | area= large | maxDets=100 ] = 0.876
Loading and preparing results...
DONE (t=0.61s)
creating index...
index created!
Running per image evaluation...
Evaluate annotation type *segm*
COCOeval_opt.evaluate() finished in 5.97 seconds.
Accumulating evaluation results...
COCOeval_opt.accumulate() finished in 0.86 seconds.
 Average Precision  (AP) @[ IoU=0.50:0.95 | area=   all | maxDets=100 ] = 0.465
 Average Precision  (AP) @[ IoU=0.50      | area=   all | maxDets=100 ] = 0.739
 Average Precision  (AP) @[ IoU=0.75      | area=   all | maxDets=100 ] = 0.486
 Average Precision  (AP) @[ IoU=0.50:0.95 | area= small | maxDets=100 ] = 0.253
 Average Precision  (AP) @[ IoU=0.50:0.95 | area=medium | maxDets=100 ] = 0.552
 Average Precision  (AP) @[ IoU=0.50:0.95 | area= large | maxDets=100 ] = 0.688
 Average Recall     (AR) @[ IoU=0.50:0.95 | area=   all | maxDets=  1 ] = 0.147
 Average Recall     (AR) @[ IoU=0.50:0.95 | area=   all | maxDets= 10 ] = 0.578
 Average Recall     (AR) @[ IoU=0.50:0.95 | area=   all | maxDets=100 ] = 0.599
 Average Recall     (AR) @[ IoU=0.50:0.95 | area= small | maxDets=100 ] = 0.456
 Average Recall     (AR) @[ IoU=0.50:0.95 | area=medium | maxDets=100 ] = 0.657
 Average Recall     (AR) @[ IoU=0.50:0.95 | area= large | maxDets=100 ] = 0.813
OrderedDict([('bbox', {'AP': 52.121355698318524, 'AP50': 75.9239046537068, 'AP75': 58.15789301771579, 'APs': 31.930952064427597, 'APm': 60.83781587137348, 'APl': 69.53277208966428, 'AP-person': 45.99389240825783, 'AP-bicycle': nan, 'AP-car': 58.248818988379234, 'AP-motorcycle': nan, 'AP-airplane': nan, 'AP-bus': nan, 'AP-train': nan, 'AP-truck': nan, 'AP-boat': nan, 'AP-traffic light': nan, 'AP-fire hydrant': nan, 'AP-stop sign': nan, 'AP-parking meter': nan, 'AP-bench': nan, 'AP-bird': nan, 'AP-cat': nan, 'AP-dog': nan, 'AP-horse': nan, 'AP-sheep': nan, 'AP-cow': nan, 'AP-elephant': nan, 'AP-bear': nan, 'AP-zebra': nan, 'AP-giraffe': nan, 'AP-backpack': nan, 'AP-umbrella': nan, 'AP-handbag': nan, 'AP-tie': nan, 'AP-suitcase': nan, 'AP-frisbee': nan, 'AP-skis': nan, 'AP-snowboard': nan, 'AP-sports ball': nan, 'AP-kite': nan, 'AP-baseball bat': nan, 'AP-baseball glove': nan, 'AP-skateboard': nan, 'AP-surfboard': nan, 'AP-tennis racket': nan, 'AP-bottle': nan, 'AP-wine glass': nan, 'AP-cup': nan, 'AP-fork': nan, 'AP-knife': nan, 'AP-spoon': nan, 'AP-bowl': nan, 'AP-banana': nan, 'AP-apple': nan, 'AP-sandwich': nan, 'AP-orange': nan, 'AP-broccoli': nan, 'AP-carrot': nan, 'AP-hot dog': nan, 'AP-pizza': nan, 'AP-donut': nan, 'AP-cake': nan, 'AP-chair': nan, 'AP-couch': nan, 'AP-potted plant': nan, 'AP-bed': nan, 'AP-dining table': nan, 'AP-toilet': nan, 'AP-tv': nan, 'AP-laptop': nan, 'AP-mouse': nan, 'AP-remote': nan, 'AP-keyboard': nan, 'AP-cell phone': nan, 'AP-microwave': nan, 'AP-oven': nan, 'AP-toaster': nan, 'AP-sink': nan, 'AP-refrigerator': nan, 'AP-book': nan, 'AP-clock': nan, 'AP-vase': nan, 'AP-scissors': nan, 'AP-teddy bear': nan, 'AP-hair drier': nan, 'AP-toothbrush': nan}), ('segm', {'AP': 46.50034187846306, 'AP50': 73.85264448167274, 'AP75': 48.603997449745215, 'APs': 25.345652791273693, 'APm': 55.17856399009532, 'APl': 68.814843984264, 'AP-person': 35.38490684983385, 'AP-bicycle': nan, 'AP-car': 57.615776907092275, 'AP-motorcycle': nan, 'AP-airplane': nan, 'AP-bus': nan, 'AP-train': nan, 'AP-truck': nan, 'AP-boat': nan, 'AP-traffic light': nan, 'AP-fire hydrant': nan, 'AP-stop sign': nan, 'AP-parking meter': nan, 'AP-bench': nan, 'AP-bird': nan, 'AP-cat': nan, 'AP-dog': nan, 'AP-horse': nan, 'AP-sheep': nan, 'AP-cow': nan, 'AP-elephant': nan, 'AP-bear': nan, 'AP-zebra': nan, 'AP-giraffe': nan, 'AP-backpack': nan, 'AP-umbrella': nan, 'AP-handbag': nan, 'AP-tie': nan, 'AP-suitcase': nan, 'AP-frisbee': nan, 'AP-skis': nan, 'AP-snowboard': nan, 'AP-sports ball': nan, 'AP-kite': nan, 'AP-baseball bat': nan, 'AP-baseball glove': nan, 'AP-skateboard': nan, 'AP-surfboard': nan, 'AP-tennis racket': nan, 'AP-bottle': nan, 'AP-wine glass': nan, 'AP-cup': nan, 'AP-fork': nan, 'AP-knife': nan, 'AP-spoon': nan, 'AP-bowl': nan, 'AP-banana': nan, 'AP-apple': nan, 'AP-sandwich': nan, 'AP-orange': nan, 'AP-broccoli': nan, 'AP-carrot': nan, 'AP-hot dog': nan, 'AP-pizza': nan, 'AP-donut': nan, 'AP-cake': nan, 'AP-chair': nan, 'AP-couch': nan, 'AP-potted plant': nan, 'AP-bed': nan, 'AP-dining table': nan, 'AP-toilet': nan, 'AP-tv': nan, 'AP-laptop': nan, 'AP-mouse': nan, 'AP-remote': nan, 'AP-keyboard': nan, 'AP-cell phone': nan, 'AP-microwave': nan, 'AP-oven': nan, 'AP-toaster': nan, 'AP-sink': nan, 'AP-refrigerator': nan, 'AP-book': nan, 'AP-clock': nan, 'AP-vase': nan, 'AP-scissors': nan, 'AP-teddy bear': nan, 'AP-hair drier': nan, 'AP-toothbrush': nan})])
0015/000152
Time inference:  0.23190979659557343
0016/000027
Time inference:  0.10306557081639767
0019/000115
Time inference:  0.09763992112129927
0019/000222
Time inference:  0.1026140870526433
0019/000324
Time inference:  0.10286552552133799
0019/000570
Time inference:  0.1020957725122571
0019/001035
Time inference:  0.1027008518576622
0020/000630
Time inference:  0.10286747477948666
0020/000688
Time inference:  0.10166946332901716
